 Container e2e-tests  Creating
 Container e2e-tests  Created
Attaching to backend-testing, db-testing, e2e-tests, frontend-testing, hub, phpstan, phpunit, pint, racks-selenium-1, racks-selenium-2
e2e-tests         | 
e2e-tests         | Running tests... 
e2e-tests         | ----------------------------------------------------------------------
e2e-tests         |  test_1_move_device_outside (e2e_tests.MoveDeviceCase) ... 
e2e-tests         | Running tests... 
e2e-tests         | ----------------------------------------------------------------------
e2e-tests         |  test_2_move_device_to_busy_place (e2e_tests.MoveDeviceCase) ... OK (29.915037)s
e2e-tests         | 
e2e-tests         | ----------------------------------------------------------------------
e2e-tests         | Ran 1 test in 0:00:29
e2e-tests         | 
e2e-tests         | OK
e2e-tests         | 
e2e-tests         | 
e2e-tests         | 
e2e-tests         | Generating HTML reports... 
e2e-tests         | test_results/Smoke_tests_2024-02-06_14-19-45/test_1_move_device_outside_e2e_tests.MoveDeviceCase_2024-02-06_14-19-45.html
e2e-tests         | OK (30.255801)s
e2e-tests         | 
e2e-tests         | ----------------------------------------------------------------------
e2e-tests         | Ran 1 test in 0:00:30
e2e-tests         | 
e2e-tests         | OK
e2e-tests         | 
e2e-tests         | 
e2e-tests         | 
e2e-tests         | Generating HTML reports... 
e2e-tests         | test_results/Smoke_tests_2024-02-06_14-19-45/test_2_move_device_to_busy_place_e2e_tests.MoveDeviceCase_2024-02-06_14-19-45.html
e2e-tests         | 
e2e-tests         | Running tests... 
e2e-tests         | ----------------------------------------------------------------------
e2e-tests         |  test_3_check_permissions (e2e_tests.PermissionsCase) ... OK (7.498003)s
e2e-tests         | 
e2e-tests         | ----------------------------------------------------------------------
e2e-tests         | Ran 1 test in 0:00:07
e2e-tests         | 
e2e-tests         | OK
e2e-tests         | 
e2e-tests         | 
e2e-tests         | 
e2e-tests         | Generating HTML reports... 
e2e-tests         | test_results/Smoke_tests_2024-02-06_14-19-45/test_3_check_permissions_e2e_tests.PermissionsCase_2024-02-06_14-20-16.html
e2e-tests         | 
e2e-tests         | Running tests... 
e2e-tests         | ----------------------------------------------------------------------
e2e-tests         |  test_4_add_device_outside (e2e_tests.AddDeviceCase) ... 
e2e-tests         | Running tests... 
e2e-tests         | ----------------------------------------------------------------------
e2e-tests         |  test_5_add_device_to_busy_place (e2e_tests.AddDeviceCase) ... OK (14.336208)s
e2e-tests         | 
e2e-tests         | ----------------------------------------------------------------------
e2e-tests         | Ran 1 test in 0:00:14
e2e-tests         | 
e2e-tests         | OK
e2e-tests         | 
e2e-tests         | 
e2e-tests         | 
e2e-tests         | Generating HTML reports... 
e2e-tests         | test_results/Smoke_tests_2024-02-06_14-19-45/test_5_add_device_to_busy_place_e2e_tests.AddDeviceCase_2024-02-06_14-20-23.html
e2e-tests         | OK (14.463646)s
e2e-tests         | 
e2e-tests         | ----------------------------------------------------------------------
e2e-tests         | Ran 1 test in 0:00:14
e2e-tests         | 
e2e-tests         | OK
e2e-tests         | 
e2e-tests         | 
e2e-tests         | 
e2e-tests         | Generating HTML reports... 
e2e-tests         | test_results/Smoke_tests_2024-02-06_14-19-45/test_4_add_device_outside_e2e_tests.AddDeviceCase_2024-02-06_14-20-23.html
e2e-tests         | 
e2e-tests         | Running tests... 
e2e-tests         | ----------------------------------------------------------------------
e2e-tests         |  test_6_add_same_name_building (e2e_tests.NameDuplicationCase) ... 
e2e-tests         | Running tests... 
e2e-tests         | ----------------------------------------------------------------------
e2e-tests         |  test_7_add_same_name_room (e2e_tests.NameDuplicationCase) ... OK (8.088828)s
e2e-tests         | 
e2e-tests         | ----------------------------------------------------------------------
e2e-tests         | Ran 1 test in 0:00:08
e2e-tests         | 
e2e-tests         | OK
e2e-tests         | 
e2e-tests         | 
e2e-tests         | 
e2e-tests         | Generating HTML reports... 
e2e-tests         | test_results/Smoke_tests_2024-02-06_14-19-45/test_6_add_same_name_building_e2e_tests.NameDuplicationCase_2024-02-06_14-20-38.html
e2e-tests         | 
e2e-tests         | Running tests... 
e2e-tests         | ----------------------------------------------------------------------
e2e-tests         |  test_8_add_same_name_rack (e2e_tests.NameDuplicationCase) ... OK (9.592382)s
e2e-tests         | 
e2e-tests         | ----------------------------------------------------------------------
e2e-tests         | Ran 1 test in 0:00:09
e2e-tests         | 
e2e-tests         | OK
e2e-tests         | 
e2e-tests         | 
e2e-tests         | 
e2e-tests         | Generating HTML reports... 
e2e-tests         | test_results/Smoke_tests_2024-02-06_14-19-45/test_7_add_same_name_room_e2e_tests.NameDuplicationCase_2024-02-06_14-20-38.html
e2e-tests         | OK (9.117285)s
e2e-tests         | 
e2e-tests         | ----------------------------------------------------------------------
e2e-tests         | Ran 1 test in 0:00:09
e2e-tests         | 
e2e-tests         | OK
e2e-tests         | 
e2e-tests         | 
e2e-tests         | 
e2e-tests         | Generating HTML reports... 
e2e-tests         | test_results/Smoke_tests_2024-02-06_14-19-45/test_8_add_same_name_rack_e2e_tests.NameDuplicationCase_2024-02-06_14-20-46.html
e2e-tests exited with code 0
