#4 [pint internal] load build definition from test.Dockerfile
#7 [pint internal] load .dockerignore
#10 [pint internal] load metadata for docker.io/library/composer:2.6.5
#16 [pint internal] load build context
#11 [pint] FROM docker.io/library/composer:2.6.5@sha256:67f1bec07666f688791bff2c13b34b9c35042cc4c1e42fbb5bd4dbe4ae70f0fb
#25 [pint] exporting to image
#25 naming to docker.io/library/racks-pint done
 Container pint  Creating
 Container pint  Created
Attaching to backend-testing, db-testing, e2e-tests, frontend-testing, hub, phpstan, phpunit, pint, racks-selenium-1, racks-selenium-2
pint              | 
pint              |   ............................................................................
pint              |   ............................................................................
pint              |   ............................................................................
pint              |   ............................................................................
pint              |   ............................................................................
pint              |   ............................................................................
pint              |   ..................................................................
pint              | 
pint              |   ──────────────────────────────────────────────────────────────────── Laravel  
pint              |     PASS   ......................................................... 522 files  
pint              | 
pint exited with code 0
