--progress is a global compose flag, better use `docker compose --progress xx build ...#0 building with "default" instance using docker driver

#1 [backend-testing internal] load .dockerignore
#1 transferring context: 44B done
#1 DONE 0.0s

#2 [backend-testing internal] load build definition from test.Dockerfile
#2 transferring dockerfile: 537B done
#2 DONE 0.0s

#3 [phpunit internal] load build definition from test.Dockerfile
#3 transferring dockerfile: 537B done
#3 DONE 0.1s

#4 [phpunit internal] load .dockerignore
#4 transferring context: 44B done
#4 DONE 0.1s

#5 [phpstan internal] load .dockerignore
#5 transferring context: 44B done
#5 DONE 0.0s

#6 [pint internal] load build definition from test.Dockerfile
#6 transferring dockerfile: 537B 0.0s done
#6 DONE 0.0s

#7 [pint internal] load .dockerignore
#7 transferring context: 44B 0.0s done
#7 DONE 0.1s

#8 [phpstan internal] load build definition from test.Dockerfile
#8 transferring dockerfile: 537B 0.0s done
#8 DONE 0.0s

#9 [phpstan internal] load metadata for docker.io/library/php:8.1-fpm
#9 DONE 1.1s

#10 [phpunit internal] load metadata for docker.io/library/composer:2.6.5
#10 DONE 1.1s

#11 [backend-testing stage-0 1/9] FROM docker.io/library/php:8.1-fpm@sha256:73af169e8302e47dad7576051fc87441cc97ffb9cd2c6f2ebf6c1eedfdd4a157
#11 DONE 0.0s

#12 [backend-testing] FROM docker.io/library/composer:2.6.5@sha256:67f1bec07666f688791bff2c13b34b9c35042cc4c1e42fbb5bd4dbe4ae70f0fb
#12 DONE 0.0s

#13 [pint internal] load build context
#13 ...

#14 [backend-testing internal] load build context
#14 transferring context: 1.31MB 1.2s done
#14 DONE 1.3s

#15 [pint stage-0 2/9] RUN apt-get update -y
#15 CACHED

#16 [pint stage-0 3/9] RUN apt-get install -y unzip libpq-dev libcurl4-gnutls-dev &&   docker-php-ext-install pdo pdo_mysql bcmath
#16 CACHED

#12 [pint] FROM docker.io/library/composer:2.6.5@sha256:67f1bec07666f688791bff2c13b34b9c35042cc4c1e42fbb5bd4dbe4ae70f0fb
#12 CACHED

#13 [pint internal] load build context
#13 ...

#17 [phpunit internal] load build context
#17 transferring context: 1.31MB 1.3s done
#17 DONE 1.4s

#13 [pint internal] load build context
#13 transferring context: 1.31MB 1.5s done
#13 DONE 1.5s

#18 [phpstan internal] load build context
#18 transferring context: 1.31MB 1.5s done
#18 DONE 1.6s

#19 [phpstan stage-0 4/9] COPY . .
#19 ...

#20 [phpunit stage-0 4/9] COPY . .
#20 ...

#21 [backend-testing stage-0 4/9] COPY . .
#21 DONE 11.6s

#20 [phpunit stage-0 4/9] COPY . .
#20 DONE 11.6s

#19 [phpstan stage-0 4/9] COPY . .
#19 DONE 11.5s

#22 [phpunit stage-0 5/9] RUN addgroup --gid 1000 www || :
#22 0.585 Adding group `www' (GID 1000) ...
#22 0.617 Done.
#22 DONE 0.7s

#23 [phpunit stage-0 6/9] RUN adduser --no-create-home --disabled-password --uid 1000 --ingroup www www || :
#23 ...

#24 [backend-testing stage-0 5/9] RUN addgroup --gid 1000 www || :
#24 0.643 Adding group `www' (GID 1000) ...
#24 0.671 Done.
#24 DONE 0.7s

#25 [phpstan stage-0 5/9] RUN addgroup --gid 1000 www || :
#25 0.521 Adding group `www' (GID 1000) ...
#25 0.570 Done.
#25 DONE 0.7s

#26 [phpstan stage-0 6/9] RUN adduser --no-create-home --disabled-password --uid 1000 --ingroup www www || :
#26 ...

#23 [phpunit stage-0 6/9] RUN adduser --no-create-home --disabled-password --uid 1000 --ingroup www www || :
#23 0.577 Adding user `www' ...
#23 0.577 Adding new user `www' (1000) with group `www (1000)' ...
#23 0.656 Not creating home directory `/home/www'.
#23 0.667 Changing the user information for www
#23 0.667 Enter the new value, or press ENTER for the default
#23 0.667 	Full Name []: 	Room Number []: 	Work Phone []: 	Home Phone []: 	Other []: Use of uninitialized value $answer in chop at /usr/sbin/adduser line 766.
#23 0.679 Use of uninitialized value $answer in pattern match (m//) at /usr/sbin/adduser line 767.
#23 0.679 Use of uninitialized value $answer in pattern match (m//) at /usr/sbin/adduser line 768.
#23 0.679 Is the information correct? [Y/n] Adding new user `www' to supplemental / extra groups `users' ...
#23 0.679 Adding user `www' to group `users' ...
#23 DONE 0.8s

#26 [phpstan stage-0 6/9] RUN adduser --no-create-home --disabled-password --uid 1000 --ingroup www www || :
#26 0.820 Adding user `www' ...
#26 0.820 Adding new user `www' (1000) with group `www (1000)' ...
#26 0.906 Not creating home directory `/home/www'.
#26 0.913 Changing the user information for www
#26 0.913 Enter the new value, or press ENTER for the default
#26 0.913 	Full Name []: 	Room Number []: 	Work Phone []: 	Home Phone []: 	Other []: Is the information correct? [Y/n] Adding new user `www' to supplemental / extra groups `users' ...
#26 0.925 Adding user `www' to group `users' ...
#26 0.925 Use of uninitialized value $answer in chop at /usr/sbin/adduser line 766.
#26 0.925 Use of uninitialized value $answer in pattern match (m//) at /usr/sbin/adduser line 767.
#26 0.925 Use of uninitialized value $answer in pattern match (m//) at /usr/sbin/adduser line 768.
#26 DONE 1.0s

#27 [backend-testing stage-0 6/9] RUN adduser --no-create-home --disabled-password --uid 1000 --ingroup www www || :
#27 0.972 Adding user `www' ...
#27 0.972 Adding new user `www' (1000) with group `www (1000)' ...
#27 1.056 Not creating home directory `/home/www'.
#27 1.058 Changing the user information for www
#27 1.058 Enter the new value, or press ENTER for the default
#27 1.058 	Full Name []: 	Room Number []: 	Work Phone []: 	Home Phone []: 	Other []: Is the information correct? [Y/n] Adding new user `www' to supplemental / extra groups `users' ...
#27 1.083 Adding user `www' to group `users' ...
#27 1.083 Use of uninitialized value $answer in chop at /usr/sbin/adduser line 766.
#27 1.083 Use of uninitialized value $answer in pattern match (m//) at /usr/sbin/adduser line 767.
#27 1.083 Use of uninitialized value $answer in pattern match (m//) at /usr/sbin/adduser line 768.
#27 DONE 1.1s

#28 [phpstan stage-0 7/9] RUN chown -R www:www /var/www
#28 ...

#29 [backend-testing stage-0 7/9] RUN chown -R www:www /var/www
#29 ...

#30 [phpunit stage-0 7/9] RUN chown -R www:www /var/www
#30 DONE 43.5s

#28 [phpstan stage-0 7/9] RUN chown -R www:www /var/www
#28 ...

#31 [phpunit stage-0 8/9] COPY --from=composer:2.6.5 /usr/bin/composer /usr/bin/composer
#31 DONE 0.2s

#32 [phpunit stage-0 9/9] WORKDIR /var/www
#32 DONE 0.1s

#28 [phpstan stage-0 7/9] RUN chown -R www:www /var/www
#28 DONE 43.4s

#33 [phpunit] exporting to image
#33 exporting layers
#33 ...

#29 [backend-testing stage-0 7/9] RUN chown -R www:www /var/www
#29 DONE 43.6s

#34 [phpstan stage-0 8/9] COPY --from=composer:2.6.5 /usr/bin/composer /usr/bin/composer
#34 DONE 0.3s

#35 [phpstan stage-0 9/9] WORKDIR /var/www
#35 DONE 0.2s

#36 [backend-testing stage-0 8/9] COPY --from=composer:2.6.5 /usr/bin/composer /usr/bin/composer
#36 DONE 0.2s

#33 [phpstan] exporting to image
#33 ...

#37 [backend-testing stage-0 9/9] WORKDIR /var/www
#37 DONE 0.2s

#33 [backend-testing] exporting to image
#33 exporting layers 4.3s done
#33 writing image sha256:95a3865af750ae0570e000ca22f3c814890919bb8e09d33021452ea546572871 0.0s done
#33 naming to docker.io/library/racks-backend-testing done
#33 writing image sha256:87641caed6667eb1bf326c180c7038ae2228eda0940e157caaf591eb9aa0ecaa done
#33 naming to docker.io/library/racks-phpunit done
#33 writing image sha256:cb29265445ef9c6d5854459c1c198a75b4cd95f1871735e8f9719d298b9d421b
#33 exporting layers 4.1s done
#33 writing image sha256:cb29265445ef9c6d5854459c1c198a75b4cd95f1871735e8f9719d298b9d421b done
#33 writing image sha256:574592096e5dc0770aa2dde9d9f859c9b17a9269e1879bb91f286620d893e30b done
#33 naming to docker.io/library/racks-phpstan done
#33 naming to docker.io/library/racks-pint done
#33 DONE 4.7s

#38 [frontend-testing internal] load .dockerignore
#38 transferring context: 52B done
#38 DONE 0.0s

#39 [frontend-testing internal] load build definition from Dockerfile
#39 transferring dockerfile: 227B done
#39 DONE 0.0s

#40 [frontend-testing internal] load metadata for docker.io/library/node:12.16.1
#40 DONE 1.2s

#41 [frontend-testing 1/5] FROM docker.io/library/node:12.16.1@sha256:46f4c17e1edbde36d60a9f6362db7912cfe301bac89afef7cc92421ab3e7ca18
#41 DONE 0.0s

#42 [frontend-testing internal] load build context
#42 transferring context: 2.81kB done
#42 DONE 0.0s

#43 [frontend-testing 2/5] WORKDIR /app
#43 CACHED

#44 [frontend-testing 3/5] COPY package.json package-lock.json /app/
#44 CACHED

#45 [frontend-testing 4/5] RUN npm install && npm update -g
#45 CACHED

#46 [frontend-testing 5/5] COPY . /app
#46 CACHED

#33 [frontend-testing] exporting to image
#33 exporting layers done
#33 writing image sha256:1c975a6ade9470d5191bf909ae497b3db7ab26b3609ef8c56378adeac53b986f done
#33 naming to docker.io/library/racks-frontend-testing done
#33 DONE 4.7s

#47 [test-runner internal] load .dockerignore
#47 transferring context: 2B done
#47 DONE 0.0s

#48 [test-runner internal] load build definition from Dockerfile
#48 transferring dockerfile: 597B done
#48 DONE 0.0s

#49 [test-runner internal] load metadata for docker.io/library/python:3.10
#49 DONE 0.7s

#50 [test-runner  1/12] FROM docker.io/library/python:3.10@sha256:11edd7f5ed19b19adfc91d3384970da0787d53cf290a54db5f96b4dab645da6d
#50 DONE 0.0s

#51 [test-runner internal] load build context
#51 transferring context: 539B done
#51 DONE 0.0s

#52 [test-runner  4/12] RUN apt-get upgrade -y
#52 CACHED

#53 [test-runner  5/12] RUN pip install --upgrade pip
#53 CACHED

#54 [test-runner  2/12] WORKDIR /usr/src/app
#54 CACHED

#55 [test-runner  8/12] COPY ./requirements.txt /home/app/test
#55 CACHED

#56 [test-runner  9/12] WORKDIR /home/app/test
#56 CACHED

#57 [test-runner 10/12] RUN pip install -r requirements.txt
#57 CACHED

#58 [test-runner  7/12] RUN mkdir /home/app/test &&     chown -R test:test /home/app/test
#58 CACHED

#59 [test-runner  6/12] RUN mkdir -p /home/app &&     groupadd test &&     useradd -m -g test test -p test &&     usermod -aG test test
#59 CACHED

#60 [test-runner  3/12] RUN apt-get install curl wget tar -y
#60 CACHED

#61 [test-runner 11/12] RUN mkdir test_results &&     mkdir screenshots
#61 CACHED

#62 [test-runner 12/12] COPY ./ /home/app/test
#62 CACHED

#33 [test-runner] exporting to image
#33 exporting layers done
#33 writing image sha256:658b628c6d4035018b12bde17b625698fb51c82db41a8a0fd84b6dcb3d484602 done
#33 naming to docker.io/library/racks-test-runner done
#33 DONE 4.7s
 Network racks_test  Creating
 Network racks_test  Created
 Container db-testing  Creating
 Container db-testing  Created
 Container phpstan  Creating
 Container phpunit  Creating
 Container pint  Creating
 Container backend-testing  Creating
 Container phpunit  Created
 Container phpstan  Created
 Container pint  Created
 Container backend-testing  Created
 Container frontend-testing  Creating
 Container frontend-testing  Created
 Container hub  Creating
 Container hub  Created
 Container racks-selenium-2  Creating
 Container racks-selenium-1  Creating
 Container racks-selenium-2  Created
 Container racks-selenium-1  Created
 Container e2e-tests  Creating
 Container e2e-tests  Created
Attaching to backend-testing, db-testing, e2e-tests, frontend-testing, hub, phpstan, phpunit, pint, racks-selenium-1, racks-selenium-2
db-testing        | [Entrypoint] MySQL Docker Image 8.0.32-1.2.11-server
db-testing        | [Entrypoint] Starting MySQL 8.0.32-1.2.11-server
db-testing        | 2024-01-28T17:01:51.586272Z 0 [Warning] [MY-011068] [Server] The syntax '--skip-host-cache' is deprecated and will be removed in a future release. Please use SET GLOBAL host_cache_size=0 instead.
db-testing        | 2024-01-28T17:01:51.587979Z 0 [System] [MY-010116] [Server] /usr/sbin/mysqld (mysqld 8.0.32) starting as process 1
db-testing        | 2024-01-28T17:01:51.613466Z 1 [System] [MY-013576] [InnoDB] InnoDB initialization has started.
db-testing        | 2024-01-28T17:01:51.919584Z 1 [System] [MY-013577] [InnoDB] InnoDB initialization has ended.
db-testing        | 2024-01-28T17:01:52.185869Z 0 [Warning] [MY-010068] [Server] CA certificate ca.pem is self signed.
db-testing        | 2024-01-28T17:01:52.185937Z 0 [System] [MY-013602] [Server] Channel mysql_main configured to support TLS. Encrypted connections are now supported for this channel.
db-testing        | 2024-01-28T17:01:52.290445Z 0 [System] [MY-011323] [Server] X Plugin ready for connections. Bind-address: '::' port: 33060, socket: /var/run/mysqld/mysqlx.sock
db-testing        | 2024-01-28T17:01:52.290685Z 0 [System] [MY-010931] [Server] /usr/sbin/mysqld: ready for connections. Version: '8.0.32'  socket: '/var/lib/mysql/mysql.sock'  port: 3306  MySQL Community Server - GPL.
phpstan           | Note: Using configuration file /var/www/phpstan.neon.
phpunit           | PHPUnit 10.5.9 by Sebastian Bergmann and contributors.
phpunit           | 
phpunit           | Runtime:       PHP 8.1.27
phpunit           | Configuration: /var/www/phpunit.xml
phpunit           | 
phpunit           | ..                                                                  2 / 2 (100%)
phpunit           | 
phpunit           | Time: 00:07.379, Memory: 24.00 MB
phpunit           | 
phpunit           | OK (2 tests, 2 assertions)
pint              | 
backend-testing   | 
backend-testing   |    INFO  Configuration cached successfully.  
backend-testing   | 
phpunit exited with code 0
backend-testing   | 
backend-testing   |    INFO  Configuration cache cleared successfully.  
backend-testing   | 
backend-testing   | 
backend-testing   |    INFO  Application cache cleared successfully.  
backend-testing   | 
backend-testing   | 
backend-testing   |    INFO  Route cache cleared successfully.  
backend-testing   | 
backend-testing   | 
pint              |   ............................................................................
backend-testing   |   Dropping all tables ............................................. 726ms DONE
backend-testing   | 
backend-testing   |    INFO  Preparing database.  
backend-testing   | 
backend-testing   |   Creating migration table ......................................... 24ms DONE
backend-testing   | 
backend-testing   |    INFO  Running migrations.  
backend-testing   | 
backend-testing   |   2013_12_05_052558_create_regions_table .......................... 123ms DONE
backend-testing   |   2013_12_05_052621_create_departments_table ...................... 132ms DONE
backend-testing   |   2014_10_12_000000_create_users_table ............................. 84ms DONE
backend-testing   |   2014_10_12_100000_create_password_reset_tokens_table ............. 19ms DONE
backend-testing   |   2019_08_19_000000_create_failed_jobs_table ....................... 91ms DONE
backend-testing   |   2019_12_14_000001_create_personal_access_tokens_table ........... 127ms DONE
backend-testing   |   2023_12_05_052646_create_sites_table ............................ 110ms DONE
backend-testing   |   2023_12_05_052757_create_buildings_table ......................... 72ms DONE
backend-testing   |   2023_12_05_052806_create_rooms_table ............................. 65ms DONE
backend-testing   |   2023_12_05_055344_create_racks_table ............................. 69ms DONE
backend-testing   |   2023_12_05_055355_create_devices_table ........................... 86ms DONE
backend-testing   |   2023_12_27_124638_action_log .................................... 116ms DONE
backend-testing   | 
backend-testing   | 
backend-testing   |    INFO  Seeding database.  
backend-testing   | 
backend-testing   | 
backend-testing   |    INFO  Server running on [http://0.0.0.0:81].  
backend-testing   | 
backend-testing   |   Press Ctrl+C to stop the server
backend-testing   | 
pint              |   ............................................................................
pint              |   ............................................................................
pint              |   ............................................................................
pint              |   ............................................................................
pint              |   ............................................................................
pint              |   ..........................
pint              | 
pint              |   ──────────────────────────────────────────────────────────────────── Laravel  
pint              |     PASS   ......................................................... 482 files  
pint              | 
pint exited with code 0
backend-testing   |   2024-01-28 17:02:49 ................................................... ~ 0s
phpstan           |    0/440 [░░░░░░░░░░░░░░░░░░░░░░░░░░░░]   0%[1G[2K  20/440 [▓░░░░░░░░░░░░░░░░░░░░░░░░░░░]   4%[1G[2K  60/440 [▓▓▓░░░░░░░░░░░░░░░░░░░░░░░░░]  13%[1G[2K 100/440 [▓▓▓▓▓▓░░░░░░░░░░░░░░░░░░░░░░]  22%[1G[2K 140/440 [▓▓▓▓▓▓▓▓░░░░░░░░░░░░░░░░░░░░]  31%[1G[2K 180/440 [▓▓▓▓▓▓▓▓▓▓▓░░░░░░░░░░░░░░░░░]  40%[1G[2K 220/440 [▓▓▓▓▓▓▓▓▓▓▓▓▓▓░░░░░░░░░░░░░░]  50%[1G[2K 280/440 [▓▓▓▓▓▓▓▓▓▓▓▓▓▓▓▓▓░░░░░░░░░░░]  63%[1G[2K 320/440 [▓▓▓▓▓▓▓▓▓▓▓▓▓▓▓▓▓▓▓▓░░░░░░░░]  72%[1G[2K 340/440 [▓▓▓▓▓▓▓▓▓▓▓▓▓▓▓▓▓▓▓▓▓░░░░░░░]  77%[1G[2K 400/440 [▓▓▓▓▓▓▓▓▓▓▓▓▓▓▓▓▓▓▓▓▓▓▓▓▓░░░]  90%[1G[2K 440/440 [▓▓▓▓▓▓▓▓▓▓▓▓▓▓▓▓▓▓▓▓▓▓▓▓▓▓▓▓] 100%
phpstan           | 
phpstan           | 
phpstan           |  [OK] No errors                                                                 
phpstan           | 
phpstan exited with code 0
frontend-testing  | 
frontend-testing  | > racks_frontend@0.1.0 serve /app
frontend-testing  | > vue-cli-service serve "--port" "8081"
frontend-testing  | 
frontend-testing  | Browserslist: caniuse-lite is outdated. Please run:
frontend-testing  |   npx update-browserslist-db@latest
frontend-testing  |   Why you should do it regularly: https://github.com/browserslist/update-db#readme
frontend-testing  |  INFO  Starting development server...
frontend-testing  | [3%] setup (watch run)
frontend-testing  | [2K[1A[2K[G[3%] setup (watch run webpack-dev-middleware)
frontend-testing  | [2K[1A[2K[G[3%] setup (watch run)
frontend-testing  | [2K[1A[2K[G[4%] setup (normal module factory)
frontend-testing  | [2K[1A[2K[G[4%] setup (normal module factory CaseSensitivePathsPlugin)
frontend-testing  | [2K[1A[2K[G[4%] setup (normal module factory)
frontend-testing  | [2K[1A[2K[G[5%] setup (context module factory)
frontend-testing  | [2K[1A[2K[G[6%] setup (before compile)
frontend-testing  | [2K[1A[2K[G[6%] setup (before compile ProgressPlugin)
frontend-testing  | [2K[1A[2K[G[6%] setup (before compile)
frontend-testing  | [2K[1A[2K[G[7%] setup (compile)
frontend-testing  | [2K[1A[2K[G[7%] setup (compile ExternalsPlugin)
frontend-testing  | [2K[1A[2K[G[7%] setup (compile)
frontend-testing  | [2K[1A[2K[G[8%] setup (compilation)
frontend-testing  | [2K[1A[2K[G[8%] setup (compilation CopyPlugin)
frontend-testing  | [2K[1A[2K[G[8%] setup (compilation ArrayPushCallbackChunkFormatPlugin)
frontend-testing  | [2K[1A[2K[G[8%] setup (compilation JsonpChunkLoadingPlugin)
frontend-testing  | [2K[1A[2K[G[8%] setup (compilation StartupChunkDependenciesPlugin)
frontend-testing  | [2K[1A[2K[G[8%] setup (compilation ImportScriptsChunkLoadingPlugin)
frontend-testing  | [2K[1A[2K[G[8%] setup (compilation FetchCompileWasmPlugin)
frontend-testing  | [2K[1A[2K[G[8%] setup (compilation FetchCompileAsyncWasmPlugin)
frontend-testing  | [2K[1A[2K[G[8%] setup (compilation WorkerPlugin)
frontend-testing  | [2K[1A[2K[G[8%] setup (compilation SplitChunksPlugin)
frontend-testing  | [2K[1A[2K[G[8%] setup (compilation ResolverCachePlugin)
frontend-testing  | [2K[1A[2K[G[8%] setup (compilation HtmlWebpackPlugin)
frontend-testing  | [2K[1A[2K[G[8%] setup (compilation)
frontend-testing  | [2K[1A[2K[G[9%] setup (compilation)
frontend-testing  | [2K[1A[2K[G[9%] setup (compilation vue-loader-plugin)
frontend-testing  | [2K[1A[2K[G[9%] setup (compilation DefinePlugin)
frontend-testing  | [2K[1A[2K[G[9%] setup (compilation ProgressPlugin)
frontend-testing  | [2K[1A[2K[G[9%] setup (compilation EntryPlugin)
frontend-testing  | [2K[1A[2K[G[9%] setup (compilation ChunkPrefetchPreloadPlugin)
frontend-testing  | [2K[1A[2K[G[9%] setup (compilation ModuleInfoHeaderPlugin)
frontend-testing  | [2K[1A[2K[G[9%] setup (compilation EvalSourceMapDevToolPlugin)
frontend-testing  | [2K[1A[2K[G[9%] setup (compilation JavascriptModulesPlugin)
frontend-testing  | [2K[1A[2K[G[9%] setup (compilation JsonModulesPlugin)
frontend-testing  | [2K[1A[2K[G[9%] setup (compilation AssetModulesPlugin)
frontend-testing  | [2K[1A[2K[G[9%] setup (compilation EntryPlugin)
frontend-testing  | [2K[1A[2K[G[9%] setup (compilation RuntimePlugin)
frontend-testing  | [2K[1A[2K[G[9%] setup (compilation InferAsyncModulesPlugin)
frontend-testing  | [2K[1A[2K[G[9%] setup (compilation DataUriPlugin)
frontend-testing  | [2K[1A[2K[G[9%] setup (compilation FileUriPlugin)
frontend-testing  | [2K[1A[2K[G[9%] setup (compilation CompatibilityPlugin)
frontend-testing  | [2K[1A[2K[G[9%] setup (compilation HarmonyModulesPlugin)
frontend-testing  | [2K[1A[2K[G[9%] setup (compilation AMDPlugin)
frontend-testing  | [2K[1A[2K[G[9%] setup (compilation RequireJsStuffPlugin)
frontend-testing  | [2K[1A[2K[G[9%] setup (compilation CommonJsPlugin)
frontend-testing  | [2K[1A[2K[G[9%] setup (compilation LoaderPlugin)
frontend-testing  | [2K[1A[2K[G[9%] setup (compilation NodeStuffPlugin)
frontend-testing  | [2K[1A[2K[G[9%] setup (compilation APIPlugin)
frontend-testing  | [2K[1A[2K[G[9%] setup (compilation ExportsInfoApiPlugin)
frontend-testing  | [2K[1A[2K[G[9%] setup (compilation WebpackIsIncludedPlugin)
frontend-testing  | [2K[1A[2K[G[9%] setup (compilation ConstPlugin)
frontend-testing  | [2K[1A[2K[G[9%] setup (compilation UseStrictPlugin)
frontend-testing  | [2K[1A[2K[G[9%] setup (compilation RequireIncludePlugin)
frontend-testing  | [2K[1A[2K[G[9%] setup (compilation RequireEnsurePlugin)
frontend-testing  | [2K[1A[2K[G[9%] setup (compilation RequireContextPlugin)
frontend-testing  | [2K[1A[2K[G[9%] setup (compilation ImportPlugin)
frontend-testing  | [2K[1A[2K[G[9%] setup (compilation RequireContextPlugin)
frontend-testing  | [2K[1A[2K[G[9%] setup (compilation SystemPlugin)
frontend-testing  | [2K[1A[2K[G[9%] setup (compilation ImportMetaPlugin)
frontend-testing  | [2K[1A[2K[G[9%] setup (compilation URLPlugin)
frontend-testing  | [2K[1A[2K[G[9%] setup (compilation DefaultStatsFactoryPlugin)
frontend-testing  | [2K[1A[2K[G[9%] setup (compilation DefaultStatsPresetPlugin)
frontend-testing  | [2K[1A[2K[G[9%] setup (compilation DefaultStatsPrinterPlugin)
frontend-testing  | [2K[1A[2K[G[9%] setup (compilation JavascriptMetaInfoPlugin)
frontend-testing  | [2K[1A[2K[G[9%] setup (compilation EnsureChunkConditionsPlugin)
frontend-testing  | [2K[1A[2K[G[9%] setup (compilation RemoveEmptyChunksPlugin)
frontend-testing  | [2K[1A[2K[G[9%] setup (compilation MergeDuplicateChunksPlugin)
frontend-testing  | [2K[1A[2K[G[9%] setup (compilation SideEffectsFlagPlugin)
frontend-testing  | [2K[1A[2K[G[9%] setup (compilation FlagDependencyExportsPlugin)
frontend-testing  | [2K[1A[2K[G[9%] setup (compilation NamedModuleIdsPlugin)
frontend-testing  | [2K[1A[2K[G[9%] setup (compilation NamedChunkIdsPlugin)
frontend-testing  | [2K[1A[2K[G[9%] setup (compilation DefinePlugin)
frontend-testing  | [2K[1A[2K[G[9%] setup (compilation TemplatedPathPlugin)
frontend-testing  | [2K[1A[2K[G[9%] setup (compilation RecordIdsPlugin)
frontend-testing  | [2K[1A[2K[G[9%] setup (compilation WarnCaseSensitiveModulesPlugin)
frontend-testing  | [2K[1A[2K[G[9%] setup (compilation EntryPlugin)
frontend-testing  | [2K[1A[2K[G[9%] setup (compilation ProvidePlugin)
frontend-testing  | [2K[1A[2K[G[9%] setup (compilation HotModuleReplacementPlugin)
frontend-testing  | [2K[1A[2K[G[9%] setup (compilation ProgressPlugin)
frontend-testing  | [2K[1A[2K[G[9%] setup (compilation)
frontend-testing  | [2K[1A[2K[G[10%] building 
frontend-testing  | [2K[1A[2K[G[10%] building (0/0 modules)
frontend-testing  | [2K[1A[2K[G[10%] building (import loader babel-loader/lib/index.js)
frontend-testing  | [2K[1A[2K[G[10%] building (0/1 modules)
frontend-testing  | [2K[1A[2K[G[10%] building (0/6 modules)
frontend-testing  | [2K[1A[2K[G[24%] building (3/9 modules)
frontend-testing  | [2K[1A[2K[G[24%] building (import loader vue-loader/dist/index.js)
frontend-testing  | [2K[1A[2K[G[24%] building (3/16 modules)
frontend-testing  | [2K[1A[2K[G[24%] building (import loader vue-style-loader/index.js)
frontend-testing  | [2K[1A[2K[G[24%] building (import loader css-loader/dist/cjs.js)
frontend-testing  | [2K[1A[2K[G[24%] building (import loader postcss-loader/dist/cjs.js)
frontend-testing  | [2K[1A[2K[G[24%] building (6/23 modules)
frontend-testing  | [2K[1A[2K[G[24%] building (import loader vue-loader/dist/pitcher.js)
frontend-testing  | [2K[1A[2K[G[24%] building (7/28 modules)
frontend-testing  | [2K[1A[2K[G[24%] building (import loader vue-loader/dist/templateLoader.js)
frontend-testing  | [2K[1A[2K[G[24%] building (7/28 modules)
frontend-testing  | [2K[1A[2K[G[24%] building (16/64 modules)
frontend-testing  | [2K[1A[2K[G[24%] building (import loader vue-loader/dist/stylePostLoader.js)
frontend-testing  | [2K[1A[2K[G[24%] building (22/154 modules)
frontend-testing  | [2K[1A[2K[G[24%] building (26/198 modules)
frontend-testing  | [2K[1A[2K[G[24%] building (83/198 modules)
backend-testing   |   2024-01-28 17:02:59 ................................................... ~ 0s
frontend-testing  | [2K[1A[2K[G[38%] building (111/234 modules)
frontend-testing  | [2K[1A[2K[G[38%] building (128/274 modules)
frontend-testing  | [2K[1A[2K[G[38%] building (161/295 modules)
frontend-testing  | [2K[1A[2K[G[51%] building (214/370 modules)
frontend-testing  | [2K[1A[2K[G[51%] building (292/400 modules)
frontend-testing  | [2K[1A[2K[G[65%] building (405/405 modules)
frontend-testing  | [2K[1A[2K[G[65%] building 
frontend-testing  | [2K[1A[2K[G[69%] building (finish)
frontend-testing  | [2K[1A[2K[G[70%] sealing (finish module graph)
frontend-testing  | [2K[1A[2K[G[70%] sealing (finish module graph ResolverCachePlugin)
frontend-testing  | [2K[1A[2K[G[70%] sealing (finish module graph InferAsyncModulesPlugin)
frontend-testing  | [2K[1A[2K[G[70%] sealing (finish module graph FlagDependencyExportsPlugin)
frontend-testing  | [2K[1A[2K[G[70%] sealing (finish module graph)
frontend-testing  | [2K[1A[2K[G[71%] sealing (plugins)
frontend-testing  | [2K[1A[2K[G[71%] sealing (plugins WarnCaseSensitiveModulesPlugin)
frontend-testing  | [2K[1A[2K[G[71%] sealing (plugins)
frontend-testing  | [2K[1A[2K[G[71%] sealing (dependencies optimization)
frontend-testing  | [2K[1A[2K[G[71%] sealing (dependencies optimization SideEffectsFlagPlugin)
frontend-testing  | [2K[1A[2K[G[71%] sealing (dependencies optimization)
frontend-testing  | [2K[1A[2K[G[72%] sealing (after dependencies optimization)
frontend-testing  | [2K[1A[2K[G[73%] sealing (chunk graph)
frontend-testing  | [2K[1A[2K[G[73%] sealing (after chunk graph)
frontend-testing  | [2K[1A[2K[G[74%] sealing (optimizing)
frontend-testing  | [2K[1A[2K[G[74%] sealing (module optimization)
frontend-testing  | [2K[1A[2K[G[75%] sealing (after module optimization)
frontend-testing  | [2K[1A[2K[G[76%] sealing (chunk optimization)
frontend-testing  | [2K[1A[2K[G[76%] sealing (chunk optimization EnsureChunkConditionsPlugin)
frontend-testing  | [2K[1A[2K[G[76%] sealing (chunk optimization RemoveEmptyChunksPlugin)
frontend-testing  | [2K[1A[2K[G[76%] sealing (chunk optimization MergeDuplicateChunksPlugin)
frontend-testing  | [2K[1A[2K[G[76%] sealing (chunk optimization SplitChunksPlugin)
frontend-testing  | [2K[1A[2K[G[76%] sealing (chunk optimization RemoveEmptyChunksPlugin)
frontend-testing  | [2K[1A[2K[G[76%] sealing (chunk optimization)
frontend-testing  | [2K[1A[2K[G[76%] sealing (after chunk optimization)
frontend-testing  | [2K[1A[2K[G[77%] sealing (module and chunk tree optimization)
frontend-testing  | [2K[1A[2K[G[77%] sealing (module and chunk tree optimization PersistentChildCompilerSinglet
frontend-testing  | onPlugin)
frontend-testing  | [2K[1A[2K[1A[2K[G[77%] sealing (module and chunk tree optimization)
frontend-testing  | [2K[1A[2K[G[78%] sealing (after module and chunk tree optimization)
frontend-testing  | [2K[1A[2K[G[78%] sealing (chunk modules optimization)
frontend-testing  | [2K[1A[2K[G[79%] sealing (after chunk modules optimization)
frontend-testing  | [2K[1A[2K[G[80%] sealing (module reviving)
frontend-testing  | [2K[1A[2K[G[80%] sealing (module reviving RecordIdsPlugin)
frontend-testing  | [2K[1A[2K[G[80%] sealing (module reviving)
frontend-testing  | [2K[1A[2K[G[80%] sealing (before module ids)
frontend-testing  | [2K[1A[2K[G[81%] sealing (module ids)
frontend-testing  | [2K[1A[2K[G[81%] sealing (module ids NamedModuleIdsPlugin)
frontend-testing  | [2K[1A[2K[G[81%] sealing (module ids)
frontend-testing  | [2K[1A[2K[G[82%] sealing (module id optimization)
frontend-testing  | [2K[1A[2K[G[82%] sealing (module id optimization)
frontend-testing  | [2K[1A[2K[G[83%] sealing (chunk reviving)
frontend-testing  | [2K[1A[2K[G[83%] sealing (chunk reviving RecordIdsPlugin)
frontend-testing  | [2K[1A[2K[G[83%] sealing (chunk reviving)
frontend-testing  | [2K[1A[2K[G[83%] sealing (before chunk ids)
frontend-testing  | [2K[1A[2K[G[84%] sealing (chunk ids)
frontend-testing  | [2K[1A[2K[G[84%] sealing (chunk ids NamedChunkIdsPlugin)
frontend-testing  | [2K[1A[2K[G[84%] sealing (chunk ids)
frontend-testing  | [2K[1A[2K[G[85%] sealing (chunk id optimization)
frontend-testing  | [2K[1A[2K[G[85%] sealing (after chunk id optimization)
frontend-testing  | [2K[1A[2K[G[86%] sealing (record modules)
frontend-testing  | [2K[1A[2K[G[86%] sealing (record modules RecordIdsPlugin)
frontend-testing  | [2K[1A[2K[G[86%] sealing (record modules)
frontend-testing  | [2K[1A[2K[G[87%] sealing (record chunks)
frontend-testing  | [2K[1A[2K[G[87%] sealing (record chunks RecordIdsPlugin)
frontend-testing  | [2K[1A[2K[G[87%] sealing (record chunks)
frontend-testing  | [2K[1A[2K[G[87%] sealing (module hashing)
frontend-testing  | [2K[1A[2K[G[88%] sealing (code generation)
frontend-testing  | [2K[1A[2K[G[89%] sealing (runtime requirements)
frontend-testing  | [2K[1A[2K[G[89%] sealing (hashing)
frontend-testing  | [2K[1A[2K[G[90%] sealing (after hashing)
frontend-testing  | [2K[1A[2K[G[91%] sealing (record hash)
frontend-testing  | [2K[1A[2K[G[91%] sealing (module assets processing)
frontend-testing  | [2K[1A[2K[G[92%] sealing (chunk assets processing)
frontend-testing  | [2K[1A[2K[G[92%] sealing (asset processing)
frontend-testing  | [2K[1A[2K[G[92%] sealing (asset processing copy-webpack-plugin)
frontend-testing  | [2K[1A[2K[G[92%] sealing (asset processing HotModuleReplacementPlugin)
frontend-testing  | [2K[1A[2K[G[92%] sealing (asset processing PersistentChildCompilerSingletonPlugin)
frontend-testing  | [2K[1A[2K[G[92%] sealing (asset processing HtmlWebpackPlugin)
frontend-testing  | [2K[1A[2K[G[92%] sealing (asset processing)
frontend-testing  | [2K[1A[2K[G[93%] sealing (after asset optimization)
frontend-testing  | [2K[1A[2K[G[94%] sealing (recording)
frontend-testing  | [2K[1A[2K[G[94%] sealing (recording HotModuleReplacementPlugin)
frontend-testing  | [2K[1A[2K[G[94%] sealing (recording)
frontend-testing  | [2K[1A[2K[G[94%] sealing (after seal)
frontend-testing  | [2K[1A[2K[G[95%] emitting (emit)
frontend-testing  | [2K[1A[2K[G[98%] emitting (after emit)
frontend-testing  | [2K[1A[2K[GBuild finished at 17:03:03 by 0.000s
frontend-testing  | [2K[1A[2K[GBuild finished at 17:03:03 by 0.000s
frontend-testing  | [2K[1A[2K[GBuild finished at 17:03:03 by 0.000s
frontend-testing  | [2K[1A[2K[G DONE  Compiled successfully in 9376ms5:03:03 PM
frontend-testing  | 
frontend-testing  | Build finished at 17:03:03 by 0.000s
frontend-testing  | [2K[1A[2K[G
frontend-testing  |   App running at:
frontend-testing  |   - Local:   http://localhost:8081/ 
frontend-testing  |   - Network: http://172.21.0.3:8081/
frontend-testing  | 
frontend-testing  |   Note that the development build is not optimized.
frontend-testing  |   To create a production build, run npm run build.
frontend-testing  | 
frontend-testing  | Build finished at 17:03:03 by 0.000s
frontend-testing  | [2K[1A[2K[GBuild finished at 17:03:03 by 0.000s
frontend-testing  | [2K[1A[2K[GBuild finished at 17:03:03 by 0.000s
frontend-testing  | [2K[1A[2K[GBuild finished at 17:03:03 by 0.000s
frontend-testing  | [2K[1A[2K[GBuild finished at 17:03:03 by 0.000s
frontend-testing  | [2K[1A[2K[GBuild finished at 17:03:03 by 0.000s
frontend-testing  | [2K[1A[2K[GBuild finished at 17:03:03 by 0.000s
frontend-testing  | [2K[1A[2K[GBuild finished at 17:03:03 by 0.000s
frontend-testing  | [2K[1A[2K[G WAIT  Compiling...5:03:03 PM
frontend-testing  | 
frontend-testing  | Compiling...
frontend-testing  | 
frontend-testing  | [2K[1A[2K[G[1%] cache (end idle)
frontend-testing  | [2K[1A[2K[G[3%] setup (watch run)
frontend-testing  | [2K[1A[2K[G[3%] setup (watch run webpack-dev-middleware)
frontend-testing  | [2K[1A[2K[G[3%] setup (watch run)
frontend-testing  | [2K[1A[2K[G[4%] setup (normal module factory)
frontend-testing  | [2K[1A[2K[G[4%] setup (normal module factory CaseSensitivePathsPlugin)
frontend-testing  | [2K[1A[2K[G[4%] setup (normal module factory)
frontend-testing  | [2K[1A[2K[G[5%] setup (context module factory)
frontend-testing  | [2K[1A[2K[G[6%] setup (before compile)
frontend-testing  | [2K[1A[2K[G[6%] setup (before compile ProgressPlugin)
frontend-testing  | [2K[1A[2K[G[6%] setup (before compile)
frontend-testing  | [2K[1A[2K[G[7%] setup (compile)
frontend-testing  | [2K[1A[2K[G[7%] setup (compile ExternalsPlugin)
frontend-testing  | [2K[1A[2K[G[7%] setup (compile)
frontend-testing  | [2K[1A[2K[G[8%] setup (compilation)
frontend-testing  | [2K[1A[2K[G[8%] setup (compilation CopyPlugin)
frontend-testing  | [2K[1A[2K[G[8%] setup (compilation ArrayPushCallbackChunkFormatPlugin)
frontend-testing  | [2K[1A[2K[G[8%] setup (compilation JsonpChunkLoadingPlugin)
frontend-testing  | [2K[1A[2K[G[8%] setup (compilation StartupChunkDependenciesPlugin)
frontend-testing  | [2K[1A[2K[G[8%] setup (compilation ImportScriptsChunkLoadingPlugin)
frontend-testing  | [2K[1A[2K[G[8%] setup (compilation FetchCompileWasmPlugin)
frontend-testing  | [2K[1A[2K[G[8%] setup (compilation FetchCompileAsyncWasmPlugin)
frontend-testing  | [2K[1A[2K[G[8%] setup (compilation WorkerPlugin)
frontend-testing  | [2K[1A[2K[G[8%] setup (compilation SplitChunksPlugin)
frontend-testing  | [2K[1A[2K[G[8%] setup (compilation ResolverCachePlugin)
frontend-testing  | [2K[1A[2K[G[8%] setup (compilation HtmlWebpackPlugin)
frontend-testing  | [2K[1A[2K[G[8%] setup (compilation)
frontend-testing  | [2K[1A[2K[G[9%] setup (compilation)
frontend-testing  | [2K[1A[2K[G[9%] setup (compilation vue-loader-plugin)
frontend-testing  | [2K[1A[2K[G[9%] setup (compilation DefinePlugin)
frontend-testing  | [2K[1A[2K[G[9%] setup (compilation ProgressPlugin)
frontend-testing  | [2K[1A[2K[G[9%] setup (compilation EntryPlugin)
frontend-testing  | [2K[1A[2K[G[9%] setup (compilation ChunkPrefetchPreloadPlugin)
frontend-testing  | [2K[1A[2K[G[9%] setup (compilation ModuleInfoHeaderPlugin)
frontend-testing  | [2K[1A[2K[G[9%] setup (compilation EvalSourceMapDevToolPlugin)
frontend-testing  | [2K[1A[2K[G[9%] setup (compilation JavascriptModulesPlugin)
frontend-testing  | [2K[1A[2K[G[9%] setup (compilation JsonModulesPlugin)
frontend-testing  | [2K[1A[2K[G[9%] setup (compilation AssetModulesPlugin)
frontend-testing  | [2K[1A[2K[G[9%] setup (compilation EntryPlugin)
frontend-testing  | [2K[1A[2K[G[9%] setup (compilation RuntimePlugin)
frontend-testing  | [2K[1A[2K[G[9%] setup (compilation InferAsyncModulesPlugin)
frontend-testing  | [2K[1A[2K[G[9%] setup (compilation DataUriPlugin)
frontend-testing  | [2K[1A[2K[G[9%] setup (compilation FileUriPlugin)
frontend-testing  | [2K[1A[2K[G[9%] setup (compilation CompatibilityPlugin)
frontend-testing  | [2K[1A[2K[G[9%] setup (compilation HarmonyModulesPlugin)
frontend-testing  | [2K[1A[2K[G[9%] setup (compilation AMDPlugin)
frontend-testing  | [2K[1A[2K[G[9%] setup (compilation RequireJsStuffPlugin)
frontend-testing  | [2K[1A[2K[G[9%] setup (compilation CommonJsPlugin)
frontend-testing  | [2K[1A[2K[G[9%] setup (compilation LoaderPlugin)
frontend-testing  | [2K[1A[2K[G[9%] setup (compilation NodeStuffPlugin)
frontend-testing  | [2K[1A[2K[G[9%] setup (compilation APIPlugin)
frontend-testing  | [2K[1A[2K[G[9%] setup (compilation ExportsInfoApiPlugin)
frontend-testing  | [2K[1A[2K[G[9%] setup (compilation WebpackIsIncludedPlugin)
frontend-testing  | [2K[1A[2K[G[9%] setup (compilation ConstPlugin)
frontend-testing  | [2K[1A[2K[G[9%] setup (compilation UseStrictPlugin)
frontend-testing  | [2K[1A[2K[G[9%] setup (compilation RequireIncludePlugin)
frontend-testing  | [2K[1A[2K[G[9%] setup (compilation RequireEnsurePlugin)
frontend-testing  | [2K[1A[2K[G[9%] setup (compilation RequireContextPlugin)
frontend-testing  | [2K[1A[2K[G[9%] setup (compilation ImportPlugin)
frontend-testing  | [2K[1A[2K[G[9%] setup (compilation RequireContextPlugin)
frontend-testing  | [2K[1A[2K[G[9%] setup (compilation SystemPlugin)
frontend-testing  | [2K[1A[2K[G[9%] setup (compilation ImportMetaPlugin)
frontend-testing  | [2K[1A[2K[G[9%] setup (compilation URLPlugin)
frontend-testing  | [2K[1A[2K[G[9%] setup (compilation DefaultStatsFactoryPlugin)
frontend-testing  | [2K[1A[2K[G[9%] setup (compilation DefaultStatsPresetPlugin)
frontend-testing  | [2K[1A[2K[G[9%] setup (compilation DefaultStatsPrinterPlugin)
frontend-testing  | [2K[1A[2K[G[9%] setup (compilation JavascriptMetaInfoPlugin)
frontend-testing  | [2K[1A[2K[G[9%] setup (compilation EnsureChunkConditionsPlugin)
frontend-testing  | [2K[1A[2K[G[9%] setup (compilation RemoveEmptyChunksPlugin)
frontend-testing  | [2K[1A[2K[G[9%] setup (compilation MergeDuplicateChunksPlugin)
frontend-testing  | [2K[1A[2K[G[9%] setup (compilation SideEffectsFlagPlugin)
frontend-testing  | [2K[1A[2K[G[9%] setup (compilation FlagDependencyExportsPlugin)
frontend-testing  | [2K[1A[2K[G[9%] setup (compilation NamedModuleIdsPlugin)
frontend-testing  | [2K[1A[2K[G[9%] setup (compilation NamedChunkIdsPlugin)
frontend-testing  | [2K[1A[2K[G[9%] setup (compilation DefinePlugin)
frontend-testing  | [2K[1A[2K[G[9%] setup (compilation TemplatedPathPlugin)
frontend-testing  | [2K[1A[2K[G[9%] setup (compilation RecordIdsPlugin)
frontend-testing  | [2K[1A[2K[G[9%] setup (compilation WarnCaseSensitiveModulesPlugin)
frontend-testing  | [2K[1A[2K[G[9%] setup (compilation EntryPlugin)
frontend-testing  | [2K[1A[2K[G[9%] setup (compilation ProvidePlugin)
frontend-testing  | [2K[1A[2K[G[9%] setup (compilation HotModuleReplacementPlugin)
frontend-testing  | [2K[1A[2K[G[9%] setup (compilation ProgressPlugin)
frontend-testing  | [2K[1A[2K[G[9%] setup (compilation)
frontend-testing  | [2K[1A[2K[G[10%] building 
frontend-testing  | [2K[1A[2K[G[10%] building (0/0 modules)
frontend-testing  | [2K[1A[2K[G[24%] building (1/1 modules)
frontend-testing  | [2K[1A[2K[G[38%] building (38/28 modules)
frontend-testing  | [2K[1A[2K[G[38%] building (import loader css-loader/dist/cjs.js)
frontend-testing  | [2K[1A[2K[G[38%] building (import loader postcss-loader/dist/cjs.js)
frontend-testing  | [2K[1A[2K[G[38%] building (48/66 modules)
frontend-testing  | [2K[1A[2K[G[51%] building (93/101 modules)
frontend-testing  | [2K[1A[2K[G[65%] building (405/224 modules)
frontend-testing  | [2K[1A[2K[G[65%] building 
frontend-testing  | [2K[1A[2K[G[69%] building (finish)
frontend-testing  | [2K[1A[2K[G[70%] sealing (finish module graph)
frontend-testing  | [2K[1A[2K[G[70%] sealing (finish module graph ResolverCachePlugin)
frontend-testing  | [2K[1A[2K[G[70%] sealing (finish module graph InferAsyncModulesPlugin)
frontend-testing  | [2K[1A[2K[G[70%] sealing (finish module graph FlagDependencyExportsPlugin)
frontend-testing  | [2K[1A[2K[G[70%] sealing (finish module graph)
frontend-testing  | [2K[1A[2K[G[71%] sealing (plugins)
frontend-testing  | [2K[1A[2K[G[71%] sealing (plugins WarnCaseSensitiveModulesPlugin)
frontend-testing  | [2K[1A[2K[G[71%] sealing (plugins)
frontend-testing  | [2K[1A[2K[G[71%] sealing (dependencies optimization)
frontend-testing  | [2K[1A[2K[G[71%] sealing (dependencies optimization SideEffectsFlagPlugin)
frontend-testing  | [2K[1A[2K[G[71%] sealing (dependencies optimization)
frontend-testing  | [2K[1A[2K[G[72%] sealing (after dependencies optimization)
frontend-testing  | [2K[1A[2K[G[73%] sealing (chunk graph)
frontend-testing  | [2K[1A[2K[G[73%] sealing (after chunk graph)
frontend-testing  | [2K[1A[2K[G[74%] sealing (optimizing)
frontend-testing  | [2K[1A[2K[G[74%] sealing (module optimization)
frontend-testing  | [2K[1A[2K[G[75%] sealing (after module optimization)
frontend-testing  | [2K[1A[2K[G[76%] sealing (chunk optimization)
frontend-testing  | [2K[1A[2K[G[76%] sealing (chunk optimization EnsureChunkConditionsPlugin)
frontend-testing  | [2K[1A[2K[G[76%] sealing (chunk optimization RemoveEmptyChunksPlugin)
frontend-testing  | [2K[1A[2K[G[76%] sealing (chunk optimization MergeDuplicateChunksPlugin)
frontend-testing  | [2K[1A[2K[G[76%] sealing (chunk optimization SplitChunksPlugin)
frontend-testing  | [2K[1A[2K[G[76%] sealing (chunk optimization RemoveEmptyChunksPlugin)
frontend-testing  | [2K[1A[2K[G[76%] sealing (chunk optimization)
frontend-testing  | [2K[1A[2K[G[76%] sealing (after chunk optimization)
frontend-testing  | [2K[1A[2K[G[77%] sealing (module and chunk tree optimization)
frontend-testing  | [2K[1A[2K[G[77%] sealing (module and chunk tree optimization PersistentChildCompilerSinglet
frontend-testing  | onPlugin)
frontend-testing  | [2K[1A[2K[1A[2K[G[77%] sealing (module and chunk tree optimization)
frontend-testing  | [2K[1A[2K[G[78%] sealing (after module and chunk tree optimization)
frontend-testing  | [2K[1A[2K[G[78%] sealing (chunk modules optimization)
frontend-testing  | [2K[1A[2K[G[79%] sealing (after chunk modules optimization)
frontend-testing  | [2K[1A[2K[G[80%] sealing (module reviving)
frontend-testing  | [2K[1A[2K[G[80%] sealing (module reviving RecordIdsPlugin)
frontend-testing  | [2K[1A[2K[G[80%] sealing (module reviving)
frontend-testing  | [2K[1A[2K[G[80%] sealing (before module ids)
frontend-testing  | [2K[1A[2K[G[81%] sealing (module ids)
frontend-testing  | [2K[1A[2K[G[81%] sealing (module ids NamedModuleIdsPlugin)
frontend-testing  | [2K[1A[2K[G[81%] sealing (module ids)
frontend-testing  | [2K[1A[2K[G[82%] sealing (module id optimization)
frontend-testing  | [2K[1A[2K[G[82%] sealing (module id optimization)
frontend-testing  | [2K[1A[2K[G[83%] sealing (chunk reviving)
frontend-testing  | [2K[1A[2K[G[83%] sealing (chunk reviving RecordIdsPlugin)
frontend-testing  | [2K[1A[2K[G[83%] sealing (chunk reviving)
frontend-testing  | [2K[1A[2K[G[83%] sealing (before chunk ids)
frontend-testing  | [2K[1A[2K[G[84%] sealing (chunk ids)
frontend-testing  | [2K[1A[2K[G[84%] sealing (chunk ids NamedChunkIdsPlugin)
frontend-testing  | [2K[1A[2K[G[84%] sealing (chunk ids)
frontend-testing  | [2K[1A[2K[G[85%] sealing (chunk id optimization)
frontend-testing  | [2K[1A[2K[G[85%] sealing (after chunk id optimization)
frontend-testing  | [2K[1A[2K[G[86%] sealing (record modules)
frontend-testing  | [2K[1A[2K[G[86%] sealing (record modules RecordIdsPlugin)
frontend-testing  | [2K[1A[2K[G[86%] sealing (record modules)
frontend-testing  | [2K[1A[2K[G[87%] sealing (record chunks)
frontend-testing  | [2K[1A[2K[G[87%] sealing (record chunks RecordIdsPlugin)
frontend-testing  | [2K[1A[2K[G[87%] sealing (record chunks)
frontend-testing  | [2K[1A[2K[G[87%] sealing (module hashing)
frontend-testing  | [2K[1A[2K[G[88%] sealing (code generation)
frontend-testing  | [2K[1A[2K[G[89%] sealing (runtime requirements)
frontend-testing  | [2K[1A[2K[G[89%] sealing (hashing)
frontend-testing  | [2K[1A[2K[G[90%] sealing (after hashing)
frontend-testing  | [2K[1A[2K[G[91%] sealing (record hash)
frontend-testing  | [2K[1A[2K[G[91%] sealing (module assets processing)
frontend-testing  | [2K[1A[2K[G[92%] sealing (chunk assets processing)
frontend-testing  | [2K[1A[2K[G[92%] sealing (asset processing)
frontend-testing  | [2K[1A[2K[G[92%] sealing (asset processing copy-webpack-plugin)
frontend-testing  | [2K[1A[2K[G[92%] sealing (asset processing HotModuleReplacementPlugin)
frontend-testing  | [2K[1A[2K[G[92%] sealing (asset processing PersistentChildCompilerSingletonPlugin)
frontend-testing  | [2K[1A[2K[G[92%] sealing (asset processing HtmlWebpackPlugin)
frontend-testing  | [2K[1A[2K[G[92%] sealing (asset processing)
frontend-testing  | [2K[1A[2K[G[93%] sealing (after asset optimization)
frontend-testing  | [2K[1A[2K[G[94%] sealing (recording)
frontend-testing  | [2K[1A[2K[G[94%] sealing (recording HotModuleReplacementPlugin)
frontend-testing  | [2K[1A[2K[G[94%] sealing (recording)
frontend-testing  | [2K[1A[2K[G[94%] sealing (after seal)
frontend-testing  | [2K[1A[2K[G[95%] emitting (emit)
frontend-testing  | [2K[1A[2K[G[98%] emitting (after emit)
frontend-testing  | [2K[1A[2K[GBuild finished at 17:03:04 by 0.000s
frontend-testing  | [2K[1A[2K[GBuild finished at 17:03:04 by 0.000s
frontend-testing  | [2K[1A[2K[GBuild finished at 17:03:04 by 0.000s
frontend-testing  | [2K[1A[2K[G DONE  Compiled successfully in 524ms5:03:04 PM
frontend-testing  | 
frontend-testing  | Build finished at 17:03:04 by 0.000s
frontend-testing  | [2K[1A[2K[G
frontend-testing  |   App running at:
frontend-testing  |   - Local:   http://localhost:8081/ 
frontend-testing  |   - Network: http://172.21.0.3:8081/
frontend-testing  | 
frontend-testing  | Build finished at 17:03:04 by 0.000s
frontend-testing  | [2K[1A[2K[GBuild finished at 17:03:04 by 0.000s
frontend-testing  | [2K[1A[2K[GBuild finished at 17:03:04 by 0.000s
frontend-testing  | [2K[1A[2K[GBuild finished at 17:03:04 by 0.000s
frontend-testing  | [2K[1A[2K[GBuild finished at 17:03:04 by 0.000s
frontend-testing  | [2K[1A[2K[GBuild finished at 17:03:04 by 0.000s
frontend-testing  | [2K[1A[2K[GBuild finished at 17:03:04 by 0.000s
frontend-testing  | [2K[1A[2K[GBuild finished at 17:03:04 by 0.000s
hub               | 2024-01-28 17:03:04,639 INFO Included extra file "/etc/supervisor/conf.d/selenium-grid-hub.conf" during parsing
hub               | 2024-01-28 17:03:04,646 INFO supervisord started with pid 9
racks-selenium-2  | 2024-01-28 17:03:05,460 INFO Included extra file "/etc/supervisor/conf.d/selenium.conf" during parsing
racks-selenium-2  | 2024-01-28 17:03:05,462 INFO supervisord started with pid 7
hub               | 2024-01-28 17:03:05,649 INFO spawned: 'selenium-grid-hub' with pid 11
racks-selenium-1  | 2024-01-28 17:03:05,969 INFO Included extra file "/etc/supervisor/conf.d/selenium.conf" during parsing
racks-selenium-1  | 2024-01-28 17:03:05,971 INFO supervisord started with pid 8
hub               | 17:03:06.239 INFO [LoggingOptions.configureLogEncoding] - Using the system default encoding
hub               | 2024-01-28 17:03:06,243 INFO success: selenium-grid-hub entered RUNNING state, process has stayed up for > than 0 seconds (startsecs)
hub               | 17:03:06.246 INFO [OpenTelemetryTracer.createTracer] - Using OpenTelemetry for tracing
hub               | 17:03:06.441 INFO [BoundZmqEventBus.<init>] - XPUB binding to [binding to tcp://*:4442, advertising as tcp://172.21.0.4:4442], XSUB binding to [binding to tcp://*:4443, advertising as tcp://172.21.0.4:4443]
racks-selenium-2  | 2024-01-28 17:03:06,470 INFO spawned: 'xvfb' with pid 9
racks-selenium-2  | 2024-01-28 17:03:06,473 INFO spawned: 'vnc' with pid 10
racks-selenium-2  | 2024-01-28 17:03:06,476 INFO spawned: 'novnc' with pid 11
racks-selenium-2  | 2024-01-28 17:03:06,478 INFO spawned: 'selenium-node' with pid 13
racks-selenium-2  | 2024-01-28 17:03:06,536 INFO success: xvfb entered RUNNING state, process has stayed up for > than 0 seconds (startsecs)
racks-selenium-2  | 2024-01-28 17:03:06,536 INFO success: vnc entered RUNNING state, process has stayed up for > than 0 seconds (startsecs)
racks-selenium-2  | 2024-01-28 17:03:06,536 INFO success: novnc entered RUNNING state, process has stayed up for > than 0 seconds (startsecs)
racks-selenium-2  | 2024-01-28 17:03:06,536 INFO success: selenium-node entered RUNNING state, process has stayed up for > than 0 seconds (startsecs)
hub               | 17:03:06.582 INFO [UnboundZmqEventBus.<init>] - Connecting to tcp://172.21.0.4:4442 and tcp://172.21.0.4:4443
hub               | 17:03:06.645 INFO [UnboundZmqEventBus.<init>] - Sockets created
racks-selenium-1  | 2024-01-28 17:03:06,973 INFO spawned: 'xvfb' with pid 10
racks-selenium-1  | 2024-01-28 17:03:06,975 INFO spawned: 'vnc' with pid 11
racks-selenium-1  | 2024-01-28 17:03:06,977 INFO spawned: 'novnc' with pid 12
racks-selenium-1  | 2024-01-28 17:03:06,980 INFO spawned: 'selenium-node' with pid 13
racks-selenium-1  | 2024-01-28 17:03:07,018 INFO success: xvfb entered RUNNING state, process has stayed up for > than 0 seconds (startsecs)
racks-selenium-1  | 2024-01-28 17:03:07,021 INFO success: vnc entered RUNNING state, process has stayed up for > than 0 seconds (startsecs)
racks-selenium-1  | 2024-01-28 17:03:07,021 INFO success: novnc entered RUNNING state, process has stayed up for > than 0 seconds (startsecs)
racks-selenium-1  | 2024-01-28 17:03:07,021 INFO success: selenium-node entered RUNNING state, process has stayed up for > than 0 seconds (startsecs)
racks-selenium-2  | Appending Selenium options: --host c188084b3408
racks-selenium-2  | Generating Selenium Config
racks-selenium-2  | Configuring server...
racks-selenium-2  | Setting up SE_NODE_HOST...
racks-selenium-2  | Setting up SE_NODE_PORT...
racks-selenium-2  | Setting up SE_NODE_GRID_URL...
racks-selenium-2  | Selenium Grid Node configuration: 
racks-selenium-2  | [events]
racks-selenium-2  | publish = "tcp://hub:4442"
racks-selenium-2  | subscribe = "tcp://hub:4443"
racks-selenium-2  | 
racks-selenium-2  | [node]
racks-selenium-2  | session-timeout = "300"
racks-selenium-2  | override-max-sessions = false
racks-selenium-2  | detect-drivers = false
racks-selenium-2  | max-sessions = 1
racks-selenium-2  | 
racks-selenium-2  | [[node.driver-configuration]]
racks-selenium-2  | display-name = "chrome"
racks-selenium-2  | stereotype = '{"browserName": "chrome", "browserVersion": "101.0", "platformName": "Linux"}'
racks-selenium-2  | max-sessions = 1
racks-selenium-2  | 
racks-selenium-2  | Starting Selenium Grid Node...
racks-selenium-1  | Appending Selenium options: --host 82d95e371eab
racks-selenium-1  | Generating Selenium Config
racks-selenium-1  | Configuring server...
racks-selenium-1  | Setting up SE_NODE_HOST...
racks-selenium-1  | Setting up SE_NODE_PORT...
racks-selenium-1  | Setting up SE_NODE_GRID_URL...
racks-selenium-1  | Selenium Grid Node configuration: 
racks-selenium-1  | [events]
racks-selenium-1  | publish = "tcp://hub:4442"
racks-selenium-1  | subscribe = "tcp://hub:4443"
racks-selenium-1  | 
racks-selenium-1  | [node]
racks-selenium-1  | session-timeout = "300"
racks-selenium-1  | override-max-sessions = false
racks-selenium-1  | detect-drivers = false
racks-selenium-1  | max-sessions = 1
racks-selenium-1  | 
racks-selenium-1  | [[node.driver-configuration]]
racks-selenium-1  | display-name = "chrome"
racks-selenium-1  | stereotype = '{"browserName": "chrome", "browserVersion": "101.0", "platformName": "Linux"}'
racks-selenium-1  | max-sessions = 1
racks-selenium-1  | 
racks-selenium-1  | Starting Selenium Grid Node...
hub               | 17:03:07.647 INFO [UnboundZmqEventBus.<init>] - Event bus ready
racks-selenium-2  | 17:03:07.861 INFO [LoggingOptions.configureLogEncoding] - Using the system default encoding
racks-selenium-2  | 17:03:07.867 INFO [OpenTelemetryTracer.createTracer] - Using OpenTelemetry for tracing
racks-selenium-1  | 17:03:07.974 INFO [LoggingOptions.configureLogEncoding] - Using the system default encoding
racks-selenium-1  | 17:03:07.979 INFO [OpenTelemetryTracer.createTracer] - Using OpenTelemetry for tracing
racks-selenium-2  | 17:03:08.094 INFO [UnboundZmqEventBus.<init>] - Connecting to tcp://hub:4442 and tcp://hub:4443
racks-selenium-1  | 17:03:08.148 INFO [UnboundZmqEventBus.<init>] - Connecting to tcp://hub:4442 and tcp://hub:4443
racks-selenium-2  | 17:03:08.193 INFO [UnboundZmqEventBus.<init>] - Sockets created
racks-selenium-1  | 17:03:08.258 INFO [UnboundZmqEventBus.<init>] - Sockets created
hub               | 17:03:08.864 INFO [Hub.execute] - Started Selenium Hub 4.1.3 (revision 7b1ebf28ef): http://172.21.0.4:4444
racks-selenium-2  | 17:03:09.199 INFO [UnboundZmqEventBus.<init>] - Event bus ready
racks-selenium-1  | 17:03:09.264 INFO [UnboundZmqEventBus.<init>] - Event bus ready
racks-selenium-2  | 17:03:09.480 INFO [NodeServer.createHandlers] - Reporting self as: http://c188084b3408:5555
racks-selenium-1  | 17:03:09.497 INFO [NodeServer.createHandlers] - Reporting self as: http://82d95e371eab:5555
racks-selenium-2  | 17:03:09.547 INFO [NodeOptions.getSessionFactories] - Detected 4 available processors
racks-selenium-1  | 17:03:09.549 INFO [NodeOptions.getSessionFactories] - Detected 4 available processors
racks-selenium-2  | 17:03:09.641 INFO [NodeOptions.report] - Adding chrome for {"browserVersion": "101.0","se:noVncPort": 7900,"browserName": "chrome","platformName": "Linux","se:vncEnabled": true} 1 times
racks-selenium-1  | 17:03:09.641 INFO [NodeOptions.report] - Adding chrome for {"browserVersion": "101.0","se:noVncPort": 7900,"browserName": "chrome","platformName": "Linux","se:vncEnabled": true} 1 times
racks-selenium-2  | 17:03:09.666 INFO [Node.<init>] - Binding additional locator mechanisms: id, relative, name
racks-selenium-1  | 17:03:09.669 INFO [Node.<init>] - Binding additional locator mechanisms: id, name, relative
racks-selenium-1  | 17:03:09.904 INFO [NodeServer$1.start] - Starting registration process for Node http://82d95e371eab:5555
racks-selenium-2  | 17:03:09.913 INFO [NodeServer$1.start] - Starting registration process for Node http://c188084b3408:5555
racks-selenium-2  | 17:03:09.920 INFO [NodeServer.execute] - Started Selenium node 4.1.3 (revision 7b1ebf28ef): http://c188084b3408:5555
racks-selenium-1  | 17:03:09.924 INFO [NodeServer.execute] - Started Selenium node 4.1.3 (revision 7b1ebf28ef): http://82d95e371eab:5555
racks-selenium-1  | 17:03:09.940 INFO [NodeServer$1.lambda$start$1] - Sending registration event...
racks-selenium-2  | 17:03:09.948 INFO [NodeServer$1.lambda$start$1] - Sending registration event...
hub               | 17:03:10.116 INFO [Node.<init>] - Binding additional locator mechanisms: name, relative, id
backend-testing   |   2024-01-28 17:03:09 ................................................... ~ 0s
hub               | 17:03:10.743 INFO [GridModel.setAvailability] - Switching node 39524709-cdf5-4f5b-ab7c-02d45ff6aef3 (uri: http://82d95e371eab:5555) from DOWN to UP
hub               | 17:03:10.744 INFO [LocalDistributor.add] - Added node 39524709-cdf5-4f5b-ab7c-02d45ff6aef3 at http://82d95e371eab:5555. Health check every 120s
racks-selenium-1  | 17:03:10.751 INFO [NodeServer.lambda$createHandlers$2] - Node has been added
hub               | 17:03:10.754 INFO [Node.<init>] - Binding additional locator mechanisms: name, relative, id
hub               | 17:03:10.958 INFO [GridModel.setAvailability] - Switching node 1a96e31a-5a3c-436c-99c2-3badfc8bbe39 (uri: http://c188084b3408:5555) from DOWN to UP
hub               | 17:03:10.958 INFO [LocalDistributor.add] - Added node 1a96e31a-5a3c-436c-99c2-3badfc8bbe39 at http://c188084b3408:5555. Health check every 120s
racks-selenium-2  | 17:03:10.963 INFO [NodeServer.lambda$createHandlers$2] - Node has been added
e2e-tests         | 
e2e-tests         | Running tests... 
e2e-tests         | ----------------------------------------------------------------------
e2e-tests         |  test_1_move_device_outside (e2e_tests.MoveDeviceCase) ... 
e2e-tests         | Running tests... 
e2e-tests         | ----------------------------------------------------------------------
hub               | 17:03:12.784 INFO [LocalDistributor.newSession] - Session request received by the distributor: 
hub               |  [Capabilities {browserName: chrome, goog:chromeOptions: {args: [--ignore-ssl-errors=yes, --ignore-certificate-errors], extensions: []}, pageLoadStrategy: normal}]
hub               | 17:03:12.790 INFO [LocalDistributor.newSession] - Session request received by the distributor: 
hub               |  [Capabilities {browserName: chrome, goog:chromeOptions: {args: [--ignore-ssl-errors=yes, --ignore-certificate-errors], extensions: []}, pageLoadStrategy: normal}]
racks-selenium-2  | Starting ChromeDriver 101.0.4951.41 (93c720db8323b3ec10d056025ab95c23a31997c9-refs/branch-heads/4951@{#904}) on port 40555
racks-selenium-2  | Only local connections are allowed.
racks-selenium-2  | Please see https://chromedriver.chromium.org/security-considerations for suggestions on keeping ChromeDriver safe.
racks-selenium-2  | ChromeDriver was started successfully.
racks-selenium-2  | [1706461392.908][SEVERE]: bind() failed: Cannot assign requested address (99)
racks-selenium-1  | Starting ChromeDriver 101.0.4951.41 (93c720db8323b3ec10d056025ab95c23a31997c9-refs/branch-heads/4951@{#904}) on port 47927
racks-selenium-1  | Only local connections are allowed.
racks-selenium-1  | Please see https://chromedriver.chromium.org/security-considerations for suggestions on keeping ChromeDriver safe.
racks-selenium-1  | ChromeDriver was started successfully.
racks-selenium-1  | [1706461392.908][SEVERE]: bind() failed: Cannot assign requested address (99)
racks-selenium-2  | 17:03:14.184 INFO [ProtocolHandshake.createSession] - Detected dialect: W3C
racks-selenium-1  | 17:03:14.186 INFO [ProtocolHandshake.createSession] - Detected dialect: W3C
hub               | 17:03:14.247 INFO [LocalDistributor.newSession] - Session created by the distributor. Id: 9610866a732e9390b9b0e5512a8c14e1, Caps: Capabilities {acceptInsecureCerts: false, browserName: chrome, browserVersion: 101.0.4951.41, chrome: {chromedriverVersion: 101.0.4951.41 (93c720db8323..., userDataDir: /tmp/.com.google.Chrome.s6oxFm}, goog:chromeOptions: {debuggerAddress: localhost:35147}, networkConnectionEnabled: false, pageLoadStrategy: normal, platformName: linux, proxy: {}, se:cdp: ws://172.21.0.7:4444/sessio..., se:cdpVersion: 101.0.4951.41, se:vnc: ws://172.21.0.7:4444/sessio..., se:vncEnabled: true, se:vncLocalAddress: ws://172.21.0.7:7900, setWindowRect: true, strictFileInteractability: false, timeouts: {implicit: 0, pageLoad: 300000, script: 30000}, unhandledPromptBehavior: dismiss and notify, webauthn:extension:credBlob: true, webauthn:extension:largeBlob: true, webauthn:virtualAuthenticators: true}
hub               | 17:03:14.253 INFO [LocalDistributor.newSession] - Session created by the distributor. Id: 16d180e45a2252c64a8af76890069347, Caps: Capabilities {acceptInsecureCerts: false, browserName: chrome, browserVersion: 101.0.4951.41, chrome: {chromedriverVersion: 101.0.4951.41 (93c720db8323..., userDataDir: /tmp/.com.google.Chrome.A33qCh}, goog:chromeOptions: {debuggerAddress: localhost:33337}, networkConnectionEnabled: false, pageLoadStrategy: normal, platformName: linux, proxy: {}, se:cdp: ws://172.21.0.6:4444/sessio..., se:cdpVersion: 101.0.4951.41, se:vnc: ws://172.21.0.6:4444/sessio..., se:vncEnabled: true, se:vncLocalAddress: ws://172.21.0.6:7900, setWindowRect: true, strictFileInteractability: false, timeouts: {implicit: 0, pageLoad: 300000, script: 30000}, unhandledPromptBehavior: dismiss and notify, webauthn:extension:credBlob: true, webauthn:extension:largeBlob: true, webauthn:virtualAuthenticators: true}
backend-testing   |   2024-01-28 17:03:15 ................................................... ~ 0s
backend-testing   |   2024-01-28 17:03:15 ................................................... ~ 0s
backend-testing   |   2024-01-28 17:03:15 ................................................... ~ 1s
backend-testing   |   2024-01-28 17:03:16 ................................................... ~ 0s
backend-testing   |   2024-01-28 17:03:16 ................................................... ~ 0s
backend-testing   |   2024-01-28 17:03:16 ................................................... ~ 0s
backend-testing   |   2024-01-28 17:03:16 ................................................... ~ 0s
backend-testing   |   2024-01-28 17:03:16 ................................................... ~ 0s
backend-testing   |   2024-01-28 17:03:16 ................................................... ~ 0s
backend-testing   |   2024-01-28 17:03:16 ................................................... ~ 1s
backend-testing   |   2024-01-28 17:03:16 ................................................... ~ 1s
backend-testing   |   2024-01-28 17:03:17 ................................................... ~ 0s
backend-testing   |   2024-01-28 17:03:19 ................................................... ~ 0s
backend-testing   |   2024-01-28 17:03:19 ................................................... ~ 0s
backend-testing   |   2024-01-28 17:03:19 ................................................... ~ 0s
backend-testing   |   2024-01-28 17:03:19 ................................................... ~ 0s
backend-testing   |   2024-01-28 17:03:19 ................................................... ~ 0s
backend-testing   |   2024-01-28 17:03:19 ................................................... ~ 0s
backend-testing   |   2024-01-28 17:03:19 ................................................... ~ 1s
backend-testing   |   2024-01-28 17:03:19 ................................................... ~ 1s
backend-testing   |   2024-01-28 17:03:20 ................................................... ~ 0s
backend-testing   |   2024-01-28 17:03:20 ................................................... ~ 0s
backend-testing   |   2024-01-28 17:03:20 ................................................... ~ 0s
backend-testing   |   2024-01-28 17:03:20 ................................................... ~ 0s
backend-testing   |   2024-01-28 17:03:20 ................................................... ~ 1s
backend-testing   |   2024-01-28 17:03:21 ................................................... ~ 0s
backend-testing   |   2024-01-28 17:03:21 ................................................... ~ 0s
backend-testing   |   2024-01-28 17:03:21 ................................................... ~ 0s
backend-testing   |   2024-01-28 17:03:21 ................................................... ~ 0s
backend-testing   |   2024-01-28 17:03:21 ................................................... ~ 0s
backend-testing   |   2024-01-28 17:03:21 ................................................... ~ 1s
backend-testing   |   2024-01-28 17:03:22 ................................................... ~ 0s
backend-testing   |   2024-01-28 17:03:22 ................................................... ~ 0s
backend-testing   |   2024-01-28 17:03:22 ................................................... ~ 0s
backend-testing   |   2024-01-28 17:03:22 ................................................... ~ 0s
backend-testing   |   2024-01-28 17:03:22 ................................................... ~ 0s
backend-testing   |   2024-01-28 17:03:22 ................................................... ~ 0s
backend-testing   |   2024-01-28 17:03:22 ................................................... ~ 0s
backend-testing   |   2024-01-28 17:03:22 ................................................... ~ 0s
hub               | 17:03:23.618 INFO [LocalSessionMap.lambda$new$0] - Deleted session from local session map, Id: 9610866a732e9390b9b0e5512a8c14e1
e2e-tests         |  test_2_move_device_to_busy_place (e2e_tests.MoveDeviceCase) ... OK (10.954393)s
e2e-tests         | 
e2e-tests         | ----------------------------------------------------------------------
e2e-tests         | Ran 1 test in 0:00:10
e2e-tests         | 
e2e-tests         | OK
e2e-tests         | 
e2e-tests         | 
e2e-tests         | 
e2e-tests         | Generating HTML reports... 
e2e-tests         | test_results/Smoke_tests_2024-01-28_17-03-12/test_2_move_device_to_busy_place_e2e_tests.MoveDeviceCase_2024-01-28_17-03-12.html
backend-testing   |   2024-01-28 17:03:23 ................................................... ~ 0s
backend-testing   |   2024-01-28 17:03:23 ................................................... ~ 0s
e2e-tests         | OK (11.624820)s
e2e-tests         | 
e2e-tests         | ----------------------------------------------------------------------
e2e-tests         | Ran 1 test in 0:00:11
e2e-tests         | 
e2e-tests         | OK
e2e-tests         | 
e2e-tests         | 
e2e-tests         | 
e2e-tests         | Generating HTML reports... 
hub               | 17:03:24.293 INFO [LocalSessionMap.lambda$new$0] - Deleted session from local session map, Id: 16d180e45a2252c64a8af76890069347
e2e-tests         | test_results/Smoke_tests_2024-01-28_17-03-12/test_1_move_device_outside_e2e_tests.MoveDeviceCase_2024-01-28_17-03-12.html
e2e-tests         | 
e2e-tests         | Running tests... 
e2e-tests         | ----------------------------------------------------------------------
hub               | 17:03:24.349 INFO [LocalDistributor.newSession] - Session request received by the distributor: 
hub               |  [Capabilities {browserName: chrome, goog:chromeOptions: {args: [--ignore-ssl-errors=yes, --ignore-certificate-errors], extensions: []}, pageLoadStrategy: normal}]
racks-selenium-2  | Starting ChromeDriver 101.0.4951.41 (93c720db8323b3ec10d056025ab95c23a31997c9-refs/branch-heads/4951@{#904}) on port 36070
racks-selenium-2  | Only local connections are allowed.
racks-selenium-2  | Please see https://chromedriver.chromium.org/security-considerations for suggestions on keeping ChromeDriver safe.
racks-selenium-2  | [1706461404.383][SEVERE]: bind() failed: Cannot assign requested address (99)
racks-selenium-2  | ChromeDriver was started successfully.
racks-selenium-2  | 17:03:24.986 INFO [ProtocolHandshake.createSession] - Detected dialect: W3C
hub               | 17:03:25.000 INFO [LocalDistributor.newSession] - Session created by the distributor. Id: 35782cd0a9fcd93d5fc3693966cfca7a, Caps: Capabilities {acceptInsecureCerts: false, browserName: chrome, browserVersion: 101.0.4951.41, chrome: {chromedriverVersion: 101.0.4951.41 (93c720db8323..., userDataDir: /tmp/.com.google.Chrome.AG5HvK}, goog:chromeOptions: {debuggerAddress: localhost:38537}, networkConnectionEnabled: false, pageLoadStrategy: normal, platformName: linux, proxy: {}, se:cdp: ws://172.21.0.6:4444/sessio..., se:cdpVersion: 101.0.4951.41, se:vnc: ws://172.21.0.6:4444/sessio..., se:vncEnabled: true, se:vncLocalAddress: ws://172.21.0.6:7900, setWindowRect: true, strictFileInteractability: false, timeouts: {implicit: 0, pageLoad: 300000, script: 30000}, unhandledPromptBehavior: dismiss and notify, webauthn:extension:credBlob: true, webauthn:extension:largeBlob: true, webauthn:virtualAuthenticators: true}
backend-testing   |   2024-01-28 17:03:25 ................................................... ~ 1s
backend-testing   |   2024-01-28 17:03:26 ................................................... ~ 0s
backend-testing   |   2024-01-28 17:03:26 ................................................... ~ 0s
backend-testing   |   2024-01-28 17:03:26 ................................................... ~ 0s
backend-testing   |   2024-01-28 17:03:26 ................................................... ~ 0s
backend-testing   |   2024-01-28 17:03:26 ................................................... ~ 0s
hub               | 17:03:28.797 INFO [LocalSessionMap.lambda$new$0] - Deleted session from local session map, Id: 35782cd0a9fcd93d5fc3693966cfca7a
e2e-tests         |  test_3_check_permissions (e2e_tests.PermissionsCase) ... OK (4.464383)s
e2e-tests         | 
e2e-tests         | ----------------------------------------------------------------------
e2e-tests         | Ran 1 test in 0:00:04
e2e-tests         | 
e2e-tests         | OK
e2e-tests         | 
e2e-tests         | 
e2e-tests         | 
e2e-tests         | Generating HTML reports... 
backend-testing   |   2024-01-28 17:03:28 ................................................... ~ 0s
backend-testing   |   2024-01-28 17:03:28 ................................................... ~ 0s
e2e-tests         | test_results/Smoke_tests_2024-01-28_17-03-12/test_3_check_permissions_e2e_tests.PermissionsCase_2024-01-28_17-03-24.html
e2e-tests         | 
e2e-tests         | Running tests... 
e2e-tests         | ----------------------------------------------------------------------
e2e-tests         |  test_4_add_device_outside (e2e_tests.AddDeviceCase) ... 
e2e-tests         | Running tests... 
e2e-tests         | ----------------------------------------------------------------------
hub               | 17:03:28.857 INFO [LocalDistributor.newSession] - Session request received by the distributor: 
hub               |  [Capabilities {browserName: chrome, goog:chromeOptions: {args: [--ignore-ssl-errors=yes, --ignore-certificate-errors], extensions: []}, pageLoadStrategy: normal}]
hub               | 17:03:28.857 INFO [LocalDistributor.newSession] - Session request received by the distributor: 
hub               |  [Capabilities {browserName: chrome, goog:chromeOptions: {args: [--ignore-ssl-errors=yes, --ignore-certificate-errors], extensions: []}, pageLoadStrategy: normal}]
racks-selenium-1  | Starting ChromeDriver 101.0.4951.41 (93c720db8323b3ec10d056025ab95c23a31997c9-refs/branch-heads/4951@{#904}) on port 34557
racks-selenium-1  | Only local connections are allowed.
racks-selenium-1  | Please see https://chromedriver.chromium.org/security-considerations for suggestions on keeping ChromeDriver safe.
racks-selenium-1  | ChromeDriver was started successfully.
racks-selenium-1  | [1706461408.886][SEVERE]: bind() failed: Cannot assign requested address (99)
racks-selenium-2  | Starting ChromeDriver 101.0.4951.41 (93c720db8323b3ec10d056025ab95c23a31997c9-refs/branch-heads/4951@{#904}) on port 56976
racks-selenium-2  | Only local connections are allowed.
racks-selenium-2  | Please see https://chromedriver.chromium.org/security-considerations for suggestions on keeping ChromeDriver safe.
racks-selenium-2  | ChromeDriver was started successfully.
racks-selenium-2  | [1706461408.894][SEVERE]: bind() failed: Cannot assign requested address (99)
racks-selenium-2  | 17:03:29.662 INFO [ProtocolHandshake.createSession] - Detected dialect: W3C
hub               | 17:03:29.676 INFO [LocalDistributor.newSession] - Session created by the distributor. Id: c07a129ae886d8a1b5bc4afc37b64008, Caps: Capabilities {acceptInsecureCerts: false, browserName: chrome, browserVersion: 101.0.4951.41, chrome: {chromedriverVersion: 101.0.4951.41 (93c720db8323..., userDataDir: /tmp/.com.google.Chrome.O4ZBSq}, goog:chromeOptions: {debuggerAddress: localhost:41261}, networkConnectionEnabled: false, pageLoadStrategy: normal, platformName: linux, proxy: {}, se:cdp: ws://172.21.0.6:4444/sessio..., se:cdpVersion: 101.0.4951.41, se:vnc: ws://172.21.0.6:4444/sessio..., se:vncEnabled: true, se:vncLocalAddress: ws://172.21.0.6:7900, setWindowRect: true, strictFileInteractability: false, timeouts: {implicit: 0, pageLoad: 300000, script: 30000}, unhandledPromptBehavior: dismiss and notify, webauthn:extension:credBlob: true, webauthn:extension:largeBlob: true, webauthn:virtualAuthenticators: true}
racks-selenium-1  | 17:03:29.809 INFO [ProtocolHandshake.createSession] - Detected dialect: W3C
hub               | 17:03:29.842 INFO [LocalDistributor.newSession] - Session created by the distributor. Id: c9de8e3337041f568335288e90eeefb0, Caps: Capabilities {acceptInsecureCerts: false, browserName: chrome, browserVersion: 101.0.4951.41, chrome: {chromedriverVersion: 101.0.4951.41 (93c720db8323..., userDataDir: /tmp/.com.google.Chrome.M5QsxO}, goog:chromeOptions: {debuggerAddress: localhost:35067}, networkConnectionEnabled: false, pageLoadStrategy: normal, platformName: linux, proxy: {}, se:cdp: ws://172.21.0.7:4444/sessio..., se:cdpVersion: 101.0.4951.41, se:vnc: ws://172.21.0.7:4444/sessio..., se:vncEnabled: true, se:vncLocalAddress: ws://172.21.0.7:7900, setWindowRect: true, strictFileInteractability: false, timeouts: {implicit: 0, pageLoad: 300000, script: 30000}, unhandledPromptBehavior: dismiss and notify, webauthn:extension:credBlob: true, webauthn:extension:largeBlob: true, webauthn:virtualAuthenticators: true}
backend-testing   |   2024-01-28 17:03:30 ................................................... ~ 0s
backend-testing   |   2024-01-28 17:03:30 ................................................... ~ 0s
backend-testing   |   2024-01-28 17:03:30 ................................................... ~ 1s
backend-testing   |   2024-01-28 17:03:31 ................................................... ~ 0s
backend-testing   |   2024-01-28 17:03:31 ................................................... ~ 0s
backend-testing   |   2024-01-28 17:03:31 ................................................... ~ 0s
backend-testing   |   2024-01-28 17:03:31 ................................................... ~ 0s
backend-testing   |   2024-01-28 17:03:31 ................................................... ~ 1s
backend-testing   |   2024-01-28 17:03:31 ................................................... ~ 1s
backend-testing   |   2024-01-28 17:03:32 ................................................... ~ 0s
backend-testing   |   2024-01-28 17:03:32 ................................................... ~ 0s
backend-testing   |   2024-01-28 17:03:32 ................................................... ~ 0s
backend-testing   |   2024-01-28 17:03:32 ................................................... ~ 0s
backend-testing   |   2024-01-28 17:03:34 ................................................... ~ 0s
backend-testing   |   2024-01-28 17:03:34 ................................................... ~ 0s
backend-testing   |   2024-01-28 17:03:34 ................................................... ~ 0s
backend-testing   |   2024-01-28 17:03:34 ................................................... ~ 0s
backend-testing   |   2024-01-28 17:03:35 ................................................... ~ 0s
backend-testing   |   2024-01-28 17:03:35 ................................................... ~ 0s
backend-testing   |   2024-01-28 17:03:35 ................................................... ~ 0s
backend-testing   |   2024-01-28 17:03:35 ................................................... ~ 0s
backend-testing   |   2024-01-28 17:03:35 ................................................... ~ 0s
backend-testing   |   2024-01-28 17:03:35 ................................................... ~ 1s
backend-testing   |   2024-01-28 17:03:35 ................................................... ~ 1s
backend-testing   |   2024-01-28 17:03:36 ................................................... ~ 0s
backend-testing   |   2024-01-28 17:03:36 ................................................... ~ 0s
backend-testing   |   2024-01-28 17:03:36 ................................................... ~ 0s
backend-testing   |   2024-01-28 17:03:36 ................................................... ~ 0s
backend-testing   |   2024-01-28 17:03:36 ................................................... ~ 0s
backend-testing   |   2024-01-28 17:03:37 ................................................... ~ 0s
backend-testing   |   2024-01-28 17:03:37 ................................................... ~ 0s
hub               | 17:03:37.756 INFO [LocalSessionMap.lambda$new$0] - Deleted session from local session map, Id: c07a129ae886d8a1b5bc4afc37b64008
e2e-tests         |  test_5_add_device_to_busy_place (e2e_tests.AddDeviceCase) ... OK (8.933194)s
e2e-tests         | 
e2e-tests         | ----------------------------------------------------------------------
e2e-tests         | Ran 1 test in 0:00:08
e2e-tests         | 
e2e-tests         | OK
e2e-tests         | 
e2e-tests         | 
e2e-tests         | 
e2e-tests         | Generating HTML reports... 
e2e-tests         | test_results/Smoke_tests_2024-01-28_17-03-12/test_4_add_device_outside_e2e_tests.AddDeviceCase_2024-01-28_17-03-28.html
backend-testing   |   2024-01-28 17:03:37 ................................................... ~ 0s
backend-testing   |   2024-01-28 17:03:37 ................................................... ~ 0s
e2e-tests         | OK (9.180226)s
e2e-tests         | 
e2e-tests         | ----------------------------------------------------------------------
e2e-tests         | Ran 1 test in 0:00:09
e2e-tests         | 
e2e-tests         | OK
e2e-tests         | 
e2e-tests         | 
e2e-tests         | 
e2e-tests         | Generating HTML reports... 
hub               | 17:03:38.024 INFO [LocalSessionMap.lambda$new$0] - Deleted session from local session map, Id: c9de8e3337041f568335288e90eeefb0
e2e-tests         | test_results/Smoke_tests_2024-01-28_17-03-12/test_5_add_device_to_busy_place_e2e_tests.AddDeviceCase_2024-01-28_17-03-28.html
e2e-tests         | 
e2e-tests         | Running tests... 
e2e-tests         | ----------------------------------------------------------------------
e2e-tests         |  test_6_add_same_name_building (e2e_tests.NameDuplicationCase) ... 
e2e-tests         | Running tests... 
e2e-tests         | ----------------------------------------------------------------------
hub               | 17:03:38.070 INFO [LocalDistributor.newSession] - Session request received by the distributor: 
hub               |  [Capabilities {browserName: chrome, goog:chromeOptions: {args: [--ignore-ssl-errors=yes, --ignore-certificate-errors], extensions: []}, pageLoadStrategy: normal}]
hub               | 17:03:38.072 INFO [LocalDistributor.newSession] - Session request received by the distributor: 
hub               |  [Capabilities {browserName: chrome, goog:chromeOptions: {args: [--ignore-ssl-errors=yes, --ignore-certificate-errors], extensions: []}, pageLoadStrategy: normal}]
racks-selenium-2  | Starting ChromeDriver 101.0.4951.41 (93c720db8323b3ec10d056025ab95c23a31997c9-refs/branch-heads/4951@{#904}) on port 45445
racks-selenium-2  | Only local connections are allowed.
racks-selenium-2  | Please see https://chromedriver.chromium.org/security-considerations for suggestions on keeping ChromeDriver safe.
racks-selenium-1  | Starting ChromeDriver 101.0.4951.41 (93c720db8323b3ec10d056025ab95c23a31997c9-refs/branch-heads/4951@{#904}) on port 56244
racks-selenium-1  | Only local connections are allowed.
racks-selenium-1  | Please see https://chromedriver.chromium.org/security-considerations for suggestions on keeping ChromeDriver safe.
racks-selenium-2  | [1706461418.099][SEVERE]: bind() failed: Cannot assign requested address (99)
racks-selenium-2  | ChromeDriver was started successfully.
racks-selenium-1  | ChromeDriver was started successfully.
racks-selenium-1  | [1706461418.105][SEVERE]: bind() failed: Cannot assign requested address (99)
racks-selenium-1  | 17:03:38.763 INFO [ProtocolHandshake.createSession] - Detected dialect: W3C
hub               | 17:03:38.776 INFO [LocalDistributor.newSession] - Session created by the distributor. Id: bbb5b7907c6210d2571e5870bcd87a99, Caps: Capabilities {acceptInsecureCerts: false, browserName: chrome, browserVersion: 101.0.4951.41, chrome: {chromedriverVersion: 101.0.4951.41 (93c720db8323..., userDataDir: /tmp/.com.google.Chrome.ISjlAw}, goog:chromeOptions: {debuggerAddress: localhost:40743}, networkConnectionEnabled: false, pageLoadStrategy: normal, platformName: linux, proxy: {}, se:cdp: ws://172.21.0.7:4444/sessio..., se:cdpVersion: 101.0.4951.41, se:vnc: ws://172.21.0.7:4444/sessio..., se:vncEnabled: true, se:vncLocalAddress: ws://172.21.0.7:7900, setWindowRect: true, strictFileInteractability: false, timeouts: {implicit: 0, pageLoad: 300000, script: 30000}, unhandledPromptBehavior: dismiss and notify, webauthn:extension:credBlob: true, webauthn:extension:largeBlob: true, webauthn:virtualAuthenticators: true}
racks-selenium-2  | 17:03:39.059 INFO [ProtocolHandshake.createSession] - Detected dialect: W3C
hub               | 17:03:39.093 INFO [LocalDistributor.newSession] - Session created by the distributor. Id: c2756b3fe6650dcc1924188a15112047, Caps: Capabilities {acceptInsecureCerts: false, browserName: chrome, browserVersion: 101.0.4951.41, chrome: {chromedriverVersion: 101.0.4951.41 (93c720db8323..., userDataDir: /tmp/.com.google.Chrome.wdzJDp}, goog:chromeOptions: {debuggerAddress: localhost:42675}, networkConnectionEnabled: false, pageLoadStrategy: normal, platformName: linux, proxy: {}, se:cdp: ws://172.21.0.6:4444/sessio..., se:cdpVersion: 101.0.4951.41, se:vnc: ws://172.21.0.6:4444/sessio..., se:vncEnabled: true, se:vncLocalAddress: ws://172.21.0.6:7900, setWindowRect: true, strictFileInteractability: false, timeouts: {implicit: 0, pageLoad: 300000, script: 30000}, unhandledPromptBehavior: dismiss and notify, webauthn:extension:credBlob: true, webauthn:extension:largeBlob: true, webauthn:virtualAuthenticators: true}
backend-testing   |   2024-01-28 17:03:39 ................................................... ~ 0s
backend-testing   |   2024-01-28 17:03:39 ................................................... ~ 1s
backend-testing   |   2024-01-28 17:03:40 ................................................... ~ 0s
backend-testing   |   2024-01-28 17:03:40 ................................................... ~ 0s
backend-testing   |   2024-01-28 17:03:40 ................................................... ~ 0s
backend-testing   |   2024-01-28 17:03:40 ................................................... ~ 0s
backend-testing   |   2024-01-28 17:03:40 ................................................... ~ 1s
backend-testing   |   2024-01-28 17:03:40 ................................................... ~ 1s
backend-testing   |   2024-01-28 17:03:41 ................................................... ~ 0s
backend-testing   |   2024-01-28 17:03:41 ................................................... ~ 0s
backend-testing   |   2024-01-28 17:03:41 ................................................... ~ 0s
backend-testing   |   2024-01-28 17:03:41 ................................................... ~ 0s
backend-testing   |   2024-01-28 17:03:41 ................................................... ~ 0s
backend-testing   |   2024-01-28 17:03:43 ................................................... ~ 0s
backend-testing   |   2024-01-28 17:03:43 ................................................... ~ 0s
backend-testing   |   2024-01-28 17:03:43 ................................................... ~ 1s
backend-testing   |   2024-01-28 17:03:44 ................................................... ~ 0s
hub               | 17:03:44.888 INFO [LocalSessionMap.lambda$new$0] - Deleted session from local session map, Id: c2756b3fe6650dcc1924188a15112047
e2e-tests         |  test_7_add_same_name_room (e2e_tests.NameDuplicationCase) ... OK (6.832126)s
e2e-tests         | 
e2e-tests         | ----------------------------------------------------------------------
e2e-tests         | Ran 1 test in 0:00:06
e2e-tests         | 
e2e-tests         | OK
e2e-tests         | 
e2e-tests         | 
e2e-tests         | 
e2e-tests         | Generating HTML reports... 
e2e-tests         | test_results/Smoke_tests_2024-01-28_17-03-12/test_6_add_same_name_building_e2e_tests.NameDuplicationCase_2024-01-28_17-03-38.html
e2e-tests         | 
e2e-tests         | Running tests... 
e2e-tests         | ----------------------------------------------------------------------
hub               | 17:03:44.936 INFO [LocalDistributor.newSession] - Session request received by the distributor: 
hub               |  [Capabilities {browserName: chrome, goog:chromeOptions: {args: [--ignore-ssl-errors=yes, --ignore-certificate-errors], extensions: []}, pageLoadStrategy: normal}]
racks-selenium-2  | Starting ChromeDriver 101.0.4951.41 (93c720db8323b3ec10d056025ab95c23a31997c9-refs/branch-heads/4951@{#904}) on port 49579
racks-selenium-2  | Only local connections are allowed.
racks-selenium-2  | Please see https://chromedriver.chromium.org/security-considerations for suggestions on keeping ChromeDriver safe.
racks-selenium-2  | ChromeDriver was started successfully.
racks-selenium-2  | [1706461424.954][SEVERE]: bind() failed: Cannot assign requested address (99)
hub               | 17:03:45.238 INFO [LocalSessionMap.lambda$new$0] - Deleted session from local session map, Id: bbb5b7907c6210d2571e5870bcd87a99
e2e-tests         |  test_8_add_same_name_rack (e2e_tests.NameDuplicationCase) ... OK (7.181012)s
e2e-tests         | 
e2e-tests         | ----------------------------------------------------------------------
e2e-tests         | Ran 1 test in 0:00:07
e2e-tests         | 
e2e-tests         | OK
e2e-tests         | 
e2e-tests         | 
e2e-tests         | 
e2e-tests         | Generating HTML reports... 
e2e-tests         | test_results/Smoke_tests_2024-01-28_17-03-12/test_7_add_same_name_room_e2e_tests.NameDuplicationCase_2024-01-28_17-03-38.html
racks-selenium-2  | 17:03:45.623 INFO [ProtocolHandshake.createSession] - Detected dialect: W3C
hub               | 17:03:45.633 INFO [LocalDistributor.newSession] - Session created by the distributor. Id: 9256cffaff6eb33737979b8518842365, Caps: Capabilities {acceptInsecureCerts: false, browserName: chrome, browserVersion: 101.0.4951.41, chrome: {chromedriverVersion: 101.0.4951.41 (93c720db8323..., userDataDir: /tmp/.com.google.Chrome.e0P9H6}, goog:chromeOptions: {debuggerAddress: localhost:42797}, networkConnectionEnabled: false, pageLoadStrategy: normal, platformName: linux, proxy: {}, se:cdp: ws://172.21.0.6:4444/sessio..., se:cdpVersion: 101.0.4951.41, se:vnc: ws://172.21.0.6:4444/sessio..., se:vncEnabled: true, se:vncLocalAddress: ws://172.21.0.6:7900, setWindowRect: true, strictFileInteractability: false, timeouts: {implicit: 0, pageLoad: 300000, script: 30000}, unhandledPromptBehavior: dismiss and notify, webauthn:extension:credBlob: true, webauthn:extension:largeBlob: true, webauthn:virtualAuthenticators: true}
backend-testing   |   2024-01-28 17:03:46 ................................................... ~ 0s
backend-testing   |   2024-01-28 17:03:46 ................................................... ~ 0s
backend-testing   |   2024-01-28 17:03:46 ................................................... ~ 1s
backend-testing   |   2024-01-28 17:03:47 ................................................... ~ 0s
backend-testing   |   2024-01-28 17:03:47 ................................................... ~ 0s
backend-testing   |   2024-01-28 17:03:47 ................................................... ~ 0s
backend-testing   |   2024-01-28 17:03:48 ................................................... ~ 1s
backend-testing   |   2024-01-28 17:03:49 ................................................... ~ 0s
backend-testing   |   2024-01-28 17:03:49 ................................................... ~ 0s
backend-testing   |   2024-01-28 17:03:49 ................................................... ~ 0s
backend-testing   |   2024-01-28 17:03:50 ................................................... ~ 0s
backend-testing   |   2024-01-28 17:03:50 ................................................... ~ 0s
hub               | 17:03:51.471 INFO [LocalSessionMap.lambda$new$0] - Deleted session from local session map, Id: 9256cffaff6eb33737979b8518842365
e2e-tests         | OK (6.550364)s
e2e-tests         | 
e2e-tests         | ----------------------------------------------------------------------
e2e-tests         | Ran 1 test in 0:00:06
e2e-tests         | 
e2e-tests         | OK
e2e-tests         | 
e2e-tests         | 
e2e-tests         | 
e2e-tests         | Generating HTML reports... 
backend-testing   |   2024-01-28 17:03:51 ................................................... ~ 0s
e2e-tests         | test_results/Smoke_tests_2024-01-28_17-03-12/test_8_add_same_name_rack_e2e_tests.NameDuplicationCase_2024-01-28_17-03-44.html
e2e-tests exited with code 0
racks-selenium-2  | Trapped SIGTERM/SIGINT/x so shutting down supervisord...
racks-selenium-1  | Trapped SIGTERM/SIGINT/x so shutting down supervisord...
racks-selenium-2  | 2024-01-28 17:03:53,640 WARN received SIGTERM indicating exit request
racks-selenium-2  | 2024-01-28 17:03:53,646 INFO waiting for xvfb, vnc, novnc, selenium-node to die
racks-selenium-1  | 2024-01-28 17:03:53,791 WARN received SIGTERM indicating exit request
racks-selenium-1  | 2024-01-28 17:03:53,792 INFO waiting for xvfb, vnc, novnc, selenium-node to die
racks-selenium-2  | 2024-01-28 17:03:54,013 INFO stopped: selenium-node (terminated by SIGTERM)
racks-selenium-1  | 2024-01-28 17:03:54,179 INFO stopped: selenium-node (terminated by SIGTERM)
racks-selenium-2  | 2024-01-28 17:03:55,017 INFO stopped: novnc (terminated by SIGTERM)
racks-selenium-1  | 2024-01-28 17:03:55,182 INFO stopped: novnc (terminated by SIGTERM)
racks-selenium-2  | 2024-01-28 17:03:56,019 INFO stopped: vnc (terminated by SIGTERM)
racks-selenium-1  | 2024-01-28 17:03:56,184 INFO stopped: vnc (terminated by SIGTERM)
racks-selenium-2  | 2024-01-28 17:03:57,022 INFO stopped: xvfb (terminated by SIGTERM)
racks-selenium-2  | Shutdown complete
racks-selenium-1  | 2024-01-28 17:03:57,186 INFO stopped: xvfb (terminated by SIGTERM)
racks-selenium-1  | Shutdown complete
racks-selenium-2 exited with code 0
racks-selenium-2 exited with code 143
racks-selenium-1 exited with code 0
racks-selenium-1 exited with code 143
hub               | Trapped SIGTERM/SIGINT/x so shutting down supervisord...
hub               | 2024-01-28 17:03:58,482 WARN received SIGTERM indicating exit request
hub               | 2024-01-28 17:03:58,488 INFO waiting for selenium-grid-hub to die
hub               | 2024-01-28 17:03:59,493 INFO stopped: selenium-grid-hub (terminated by SIGTERM)
hub               | Shutdown complete
frontend-testing  | [2K[1A[2K[G
frontend-testing exited with code 0
frontend-testing exited with code 0
backend-testing   |   2024-01-28 17:04:01 ................................................... ~ 0s
backend-testing exited with code 0
backend-testing exited with code 137
db-testing        | 2024-01-28T17:04:10.701417Z 0 [System] [MY-013172] [Server] Received SHUTDOWN from user <via user signal>. Shutting down mysqld (Version: 8.0.32).
db-testing        | 2024-01-28T17:04:11.998758Z 0 [System] [MY-010910] [Server] /usr/sbin/mysqld: Shutdown complete (mysqld 8.0.32)  MySQL Community Server - GPL.
db-testing exited with code 0

 ============================================================
 -----SUCCEED-----
 ============================================================
 PINT status code - 0
 PHPstan status code - 0
 PHPunit status code - 0
 E2E tests status code - 0
 ============================================================

