--progress is a global compose flag, better use `docker compose --progress xx build ...#0 building with "default" instance using docker driver

#1 [pint internal] load build definition from test.Dockerfile
#1 transferring dockerfile: 537B 0.1s done
#1 DONE 0.3s

#2 [pint internal] load .dockerignore
#2 transferring context: 44B 0.0s done
#2 DONE 0.3s

#3 [backend-testing internal] load .dockerignore
#3 transferring context: 44B done
#3 DONE 0.4s

#4 [backend-testing internal] load build definition from test.Dockerfile
#4 transferring dockerfile: 537B done
#4 DONE 0.4s

#5 [phpunit internal] load .dockerignore
#5 transferring context: 44B 0.0s done
#5 DONE 0.5s

#6 [phpunit internal] load build definition from test.Dockerfile
#6 transferring dockerfile: 537B done
#6 DONE 0.5s

#7 [phpunit internal] load metadata for docker.io/library/php:8.1-fpm
#7 ...

#8 [phpstan internal] load .dockerignore
#8 transferring context: 44B 0.0s done
#8 DONE 0.6s

#9 [phpstan internal] load build definition from test.Dockerfile
#9 transferring dockerfile: 537B done
#9 DONE 0.7s

#7 [phpstan internal] load metadata for docker.io/library/php:8.1-fpm
#7 ...

#10 [backend-testing internal] load metadata for docker.io/library/composer:2.6.5
#10 DONE 6.6s

#7 [phpstan internal] load metadata for docker.io/library/php:8.1-fpm
#7 DONE 6.9s

#11 [phpunit] FROM docker.io/library/composer:2.6.5@sha256:67f1bec07666f688791bff2c13b34b9c35042cc4c1e42fbb5bd4dbe4ae70f0fb
#11 DONE 0.0s

#12 [pint stage-0 1/9] FROM docker.io/library/php:8.1-fpm@sha256:a00e69234cca6a1dcdc017a58718038764c1851d49ed43f19896adeefceca2a6
#12 resolve docker.io/library/php:8.1-fpm@sha256:a00e69234cca6a1dcdc017a58718038764c1851d49ed43f19896adeefceca2a6 0.1s done
#12 DONE 0.2s

#13 [phpunit internal] load build context
#13 transferring context: 32B 0.0s
#13 transferring context: 390.56kB 5.0s
#13 ...

#14 [pint internal] load build context
#14 ...

#13 [phpunit internal] load build context
#13 ...

#15 [phpstan internal] load build context
#15 transferring context: 809.18kB 10.0s
#15 ...

#16 [backend-testing internal] load build context
#16 ...

#15 [phpstan internal] load build context
#15 transferring context: 1.34MB 15.2s
#15 ...

#16 [backend-testing internal] load build context
#16 ...

#14 [pint internal] load build context
#14 ...

#16 [backend-testing internal] load build context
#16 ...

#15 [phpstan internal] load build context
#15 transferring context: 1.53MB 17.4s done
#15 DONE 17.6s

#16 [backend-testing internal] load build context
#16 ...

#17 [phpstan stage-0 2/9] RUN apt-get update -y
#17 CACHED

#18 [phpstan stage-0 3/9] RUN apt-get install -y unzip libpq-dev libcurl4-gnutls-dev &&   docker-php-ext-install pdo pdo_mysql bcmath
#18 CACHED

#11 [phpstan] FROM docker.io/library/composer:2.6.5@sha256:67f1bec07666f688791bff2c13b34b9c35042cc4c1e42fbb5bd4dbe4ae70f0fb
#11 CACHED

#16 [backend-testing internal] load build context
#16 transferring context: 1.53MB 18.0s done
#16 DONE 18.6s

#13 [phpunit internal] load build context
#13 transferring context: 1.53MB 18.3s done
#13 ...

#14 [pint internal] load build context
#14 transferring context: 1.53MB 17.9s done
#14 DONE 18.8s

#19 [phpstan stage-0 4/9] COPY . .
#19 ...

#13 [phpunit internal] load build context
#13 DONE 19.1s

#19 [phpstan stage-0 4/9] COPY . .
#19 DONE 37.9s

#20 [phpstan stage-0 5/9] RUN addgroup --gid 1000 www || :
#20 0.902 Adding group `www' (GID 1000) ...
#20 0.992 Done.
#20 DONE 1.2s

#21 [phpstan stage-0 6/9] RUN adduser --no-create-home --disabled-password --uid 1000 --ingroup www www || :
#21 0.964 Adding user `www' ...
#21 0.964 Adding new user `www' (1000) with group `www (1000)' ...
#21 1.166 Not creating home directory `/home/www'.
#21 1.192 Changing the user information for www
#21 1.192 Enter the new value, or press ENTER for the default
#21 1.192 	Full Name []: 	Room Number []: 	Work Phone []: 	Home Phone []: 	Other []: Use of uninitialized value $answer in chop at /usr/sbin/adduser line 766.
#21 1.234 Use of uninitialized value $answer in pattern match (m//) at /usr/sbin/adduser line 767.
#21 1.234 Use of uninitialized value $answer in pattern match (m//) at /usr/sbin/adduser line 768.
#21 1.234 Is the information correct? [Y/n] Adding new user `www' to supplemental / extra groups `users' ...
#21 1.234 Adding user `www' to group `users' ...
#21 DONE 1.4s

#22 [phpstan stage-0 7/9] RUN chown -R www:www /var/www
#22 DONE 117.3s

#23 [phpstan stage-0 8/9] COPY --from=composer:2.6.5 /usr/bin/composer /usr/bin/composer
#23 DONE 0.4s

#24 [phpstan stage-0 9/9] WORKDIR /var/www
#24 DONE 0.2s

#25 [phpunit] exporting to image
#25 exporting layers
#25 exporting layers 6.5s done
#25 writing image sha256:f4ee4f0c334e09132ca22bfc758def494378b1bd8bd04252b48457946d5f73f8 0.0s done
#25 naming to docker.io/library/racks-phpunit
#25 exporting layers 6.7s done
#25 naming to docker.io/library/racks-phpunit done
#25 writing image sha256:6d500daacf6fb55b9da37e54fbcdd8b8220a8d80b19cf6b82ff597642e8988e7
#25 exporting layers 6.7s done
#25 writing image sha256:6d500daacf6fb55b9da37e54fbcdd8b8220a8d80b19cf6b82ff597642e8988e7 0.0s done
#25 naming to docker.io/library/racks-phpstan 0.0s done
#25 writing image sha256:1e0dd834b09154b6372c2c8bc8df314a23eaa3b0ae9124afe341981533b1b724 done
#25 naming to docker.io/library/racks-pint done
#25 exporting layers 6.9s done
#25 writing image sha256:3c027204d1cade2fe46dd716e57164cdd55f288ce9cba731378a2168a6cadd28 done
#25 naming to docker.io/library/racks-backend-testing done
#25 DONE 7.0s

#26 [frontend-testing internal] load build definition from Dockerfile
#26 transferring dockerfile: 30B
#26 transferring dockerfile: 199B 0.0s done
#26 DONE 0.1s

#27 [frontend-testing internal] load .dockerignore
#27 transferring context: 52B 0.0s done
#27 DONE 0.1s

#28 [frontend-testing internal] load metadata for docker.io/library/node:12.16.1
#28 DONE 6.9s

#29 [frontend-testing 1/5] FROM docker.io/library/node:12.16.1@sha256:46f4c17e1edbde36d60a9f6362db7912cfe301bac89afef7cc92421ab3e7ca18
#29 DONE 0.0s

#30 [frontend-testing internal] load build context
#30 transferring context: 2.81kB 0.0s done
#30 DONE 0.1s

#31 [frontend-testing 3/5] COPY package.json package-lock.json /app/
#31 CACHED

#32 [frontend-testing 4/5] RUN npm install && npm update -g
#32 CACHED

#33 [frontend-testing 2/5] WORKDIR /app
#33 CACHED

#34 [frontend-testing 5/5] COPY . /app
#34 CACHED

#25 [frontend-testing] exporting to image
#25 exporting layers done
#25 writing image sha256:9436667e510501fe6df7d53bc59c0a8e3a6edbcad456940b22380ae97e72c1fd 0.0s done
#25 naming to docker.io/library/racks-frontend-testing done
#25 DONE 7.0s

#35 [test-runner internal] load .dockerignore
#35 transferring context: 2B 0.0s done
#35 DONE 0.1s

#36 [test-runner internal] load build definition from Dockerfile
#36 transferring dockerfile: 597B 0.0s done
#36 DONE 0.1s

#37 [test-runner internal] load metadata for docker.io/library/python:3.10
#37 DONE 1.1s

#38 [test-runner  1/12] FROM docker.io/library/python:3.10@sha256:b54e76c629a98430ac9c92e4f6bddeb672396a895b44a85022d12ee2f7239144
#38 DONE 0.0s

#39 [test-runner internal] load build context
#39 transferring context: 539B done
#39 DONE 0.1s

#40 [test-runner  3/12] RUN apt-get install curl wget tar -y
#40 CACHED

#41 [test-runner 11/12] RUN mkdir test_results &&     mkdir screenshots
#41 CACHED

#42 [test-runner  9/12] WORKDIR /home/app/test
#42 CACHED

#43 [test-runner  6/12] RUN mkdir -p /home/app &&     groupadd test &&     useradd -m -g test test -p test &&     usermod -aG test test
#43 CACHED

#44 [test-runner 10/12] RUN pip install -r requirements.txt
#44 CACHED

#45 [test-runner  8/12] COPY ./requirements.txt /home/app/test
#45 CACHED

#46 [test-runner  5/12] RUN pip install --upgrade pip
#46 CACHED

#47 [test-runner  4/12] RUN apt-get upgrade -y
#47 CACHED

#48 [test-runner  7/12] RUN mkdir /home/app/test &&     chown -R test:test /home/app/test
#48 CACHED

#49 [test-runner  2/12] WORKDIR /usr/src/app
#49 CACHED

#50 [test-runner 12/12] COPY ./ /home/app/test
#50 CACHED

#25 [test-runner] exporting to image
#25 exporting layers done
#25 writing image sha256:f73cf20874d2bd75cde7e650d9c3140ec8d836f62e71eb367e243e6a3eee9cc2 done
#25 naming to docker.io/library/racks-test-runner done
#25 DONE 7.0s
 Network racks_test  Creating
 Network racks_test  Created
time="2024-02-15T21:00:49+04:00" level=warning msg="Found orphan containers ([frontend racks-phpmyadmin-1 racks-racks-1 racks-mysql-1]) for this project. If you removed or renamed this service in your compose file, you can run this command with the --remove-orphans flag to clean it up."
 Container db-testing  Creating
 Container db-testing  Created
 Container pint  Creating
 Container phpstan  Creating
 Container phpunit  Creating
 Container backend-testing  Creating
 Container phpunit  Created
 Container phpstan  Created
 Container pint  Created
 Container backend-testing  Created
 Container frontend-testing  Creating
 Container frontend-testing  Created
 Container hub  Creating
 Container hub  Created
 Container racks-selenium-2  Creating
 Container racks-selenium-1  Creating
 Container racks-selenium-1  Created
 Container racks-selenium-2  Created
 Container e2e-tests  Creating
 Container e2e-tests  Created
Attaching to backend-testing, db-testing, e2e-tests, frontend-testing, hub, phpstan, phpunit, pint, racks-selenium-1, racks-selenium-2
db-testing        | [Entrypoint] MySQL Docker Image 8.0.32-1.2.11-server
db-testing        | [Entrypoint] Initializing database
db-testing        | 2024-02-15T17:00:51.734026Z 0 [Warning] [MY-011068] [Server] The syntax '--skip-host-cache' is deprecated and will be removed in a future release. Please use SET GLOBAL host_cache_size=0 instead.
db-testing        | 2024-02-15T17:00:51.734530Z 0 [System] [MY-013169] [Server] /usr/sbin/mysqld (mysqld 8.0.32) initializing of server in progress as process 18
db-testing        | 2024-02-15T17:00:51.741779Z 1 [System] [MY-013576] [InnoDB] InnoDB initialization has started.
db-testing        | 2024-02-15T17:00:52.207579Z 1 [System] [MY-013577] [InnoDB] InnoDB initialization has ended.
db-testing        | 2024-02-15T17:00:53.780623Z 6 [Warning] [MY-010453] [Server] root@localhost is created with an empty password ! Please consider switching off the --initialize-insecure option.
db-testing        | [Entrypoint] Database initialized
db-testing        | 2024-02-15T17:00:56.740997Z 0 [Warning] [MY-011068] [Server] The syntax '--skip-host-cache' is deprecated and will be removed in a future release. Please use SET GLOBAL host_cache_size=0 instead.
db-testing        | 2024-02-15T17:00:56.746661Z 0 [System] [MY-010116] [Server] /usr/sbin/mysqld (mysqld 8.0.32) starting as process 61
db-testing        | 2024-02-15T17:00:56.779725Z 1 [System] [MY-013576] [InnoDB] InnoDB initialization has started.
db-testing        | 2024-02-15T17:00:57.141876Z 1 [System] [MY-013577] [InnoDB] InnoDB initialization has ended.
db-testing        | 2024-02-15T17:00:57.477060Z 0 [Warning] [MY-010068] [Server] CA certificate ca.pem is self signed.
db-testing        | 2024-02-15T17:00:57.477206Z 0 [System] [MY-013602] [Server] Channel mysql_main configured to support TLS. Encrypted connections are now supported for this channel.
db-testing        | 2024-02-15T17:00:57.509947Z 0 [System] [MY-011323] [Server] X Plugin ready for connections. Socket: /var/run/mysqld/mysqlx.sock
db-testing        | 2024-02-15T17:00:57.510516Z 0 [System] [MY-010931] [Server] /usr/sbin/mysqld: ready for connections. Version: '8.0.32'  socket: '/var/lib/mysql/mysql.sock'  port: 0  MySQL Community Server - GPL.
db-testing        | Warning: Unable to load '/usr/share/zoneinfo/iso3166.tab' as time zone. Skipping it.
db-testing        | Warning: Unable to load '/usr/share/zoneinfo/leapseconds' as time zone. Skipping it.
db-testing        | Warning: Unable to load '/usr/share/zoneinfo/tzdata.zi' as time zone. Skipping it.
db-testing        | Warning: Unable to load '/usr/share/zoneinfo/zone.tab' as time zone. Skipping it.
db-testing        | Warning: Unable to load '/usr/share/zoneinfo/zone1970.tab' as time zone. Skipping it.
db-testing        | 
db-testing        | [Entrypoint] ignoring /docker-entrypoint-initdb.d/*
db-testing        | 
db-testing        | 2024-02-15T17:01:02.353766Z 14 [System] [MY-013172] [Server] Received SHUTDOWN from user root. Shutting down mysqld (Version: 8.0.32).
db-testing        | 2024-02-15T17:01:03.999306Z 0 [System] [MY-010910] [Server] /usr/sbin/mysqld: Shutdown complete (mysqld 8.0.32)  MySQL Community Server - GPL.
db-testing        | [Entrypoint] Server shut down
db-testing        | 
db-testing        | [Entrypoint] MySQL init process done. Ready for start up.
db-testing        | 
db-testing        | [Entrypoint] Starting MySQL 8.0.32-1.2.11-server
db-testing        | 2024-02-15T17:01:04.656544Z 0 [Warning] [MY-011068] [Server] The syntax '--skip-host-cache' is deprecated and will be removed in a future release. Please use SET GLOBAL host_cache_size=0 instead.
db-testing        | 2024-02-15T17:01:04.658322Z 0 [System] [MY-010116] [Server] /usr/sbin/mysqld (mysqld 8.0.32) starting as process 1
db-testing        | 2024-02-15T17:01:04.666203Z 1 [System] [MY-013576] [InnoDB] InnoDB initialization has started.
db-testing        | 2024-02-15T17:01:04.924197Z 1 [System] [MY-013577] [InnoDB] InnoDB initialization has ended.
db-testing        | 2024-02-15T17:01:05.183746Z 0 [Warning] [MY-010068] [Server] CA certificate ca.pem is self signed.
db-testing        | 2024-02-15T17:01:05.183868Z 0 [System] [MY-013602] [Server] Channel mysql_main configured to support TLS. Encrypted connections are now supported for this channel.
db-testing        | 2024-02-15T17:01:05.208859Z 0 [System] [MY-010931] [Server] /usr/sbin/mysqld: ready for connections. Version: '8.0.32'  socket: '/var/lib/mysql/mysql.sock'  port: 3306  MySQL Community Server - GPL.
db-testing        | 2024-02-15T17:01:05.222475Z 0 [System] [MY-011323] [Server] X Plugin ready for connections. Bind-address: '::' port: 33060, socket: /var/run/mysqld/mysqlx.sock
backend-testing   | 
backend-testing   |    INFO  Configuration cached successfully.  
backend-testing   | 
backend-testing   | 
backend-testing   |    INFO  Configuration cache cleared successfully.  
backend-testing   | 
phpstan           | Note: Using configuration file /var/www/phpstan.neon.
phpunit           | PHPUnit 10.5.10 by Sebastian Bergmann and contributors.
phpunit           | 
phpunit           | Runtime:       PHP 8.1.27
phpunit           | Configuration: /var/www/phpunit.xml
phpunit           | 
backend-testing   | 
backend-testing   |    INFO  Application cache cleared successfully.  
backend-testing   | 
backend-testing   | 
backend-testing   |    INFO  Route cache cleared successfully.  
backend-testing   | 
pint              | 
backend-testing   | 
backend-testing   |   Dropping all tables ............................................. 101ms DONE
backend-testing   | 
backend-testing   |    INFO  Preparing database.  
backend-testing   | 
backend-testing   |   Creating migration table ......................................... 14ms DONE
backend-testing   | 
backend-testing   |    INFO  Running migrations.  
backend-testing   | 
backend-testing   |   2013_12_05_052558_create_regions_table ........................... 32ms DONE
phpunit           | ................................................................. 65 / 95 ( 68%)
backend-testing   |   2013_12_05_052621_create_departments_table ....................... 55ms DONE
backend-testing   |   2014_10_12_000000_create_users_table ............................ 105ms DONE
backend-testing   |   2014_10_12_100000_create_password_reset_tokens_table ............. 64ms DONE
backend-testing   |   2018_08_08_100000_create_telescope_entries_table ................ 343ms DONE
pint              |   ............................................................................
backend-testing   |   2019_08_19_000000_create_failed_jobs_table ....................... 16ms DONE
backend-testing   |   2019_12_14_000001_create_personal_access_tokens_table ............ 51ms DONE
backend-testing   |   2023_12_05_052646_create_sites_table ............................. 41ms DONE
backend-testing   |   2023_12_05_052757_create_buildings_table ......................... 24ms DONE
backend-testing   |   2023_12_05_052806_create_rooms_table ............................. 37ms DONE
backend-testing   |   2023_12_05_055344_create_racks_table ............................. 48ms DONE
backend-testing   |   2023_12_05_055355_create_devices_table ........................... 48ms DONE
backend-testing   |   2023_12_27_124638_action_log .................................... 276ms DONE
backend-testing   | 
backend-testing   | 
backend-testing   |    INFO  Seeding database.  
backend-testing   | 
pint              |   ............................................................................
backend-testing   | 
backend-testing   |    INFO  Server running on [http://0.0.0.0:81].  
backend-testing   | 
backend-testing   |   Press Ctrl+C to stop the server
backend-testing   | 
pint              |   ............................................................................
pint              |   ............................................................................
pint              |   ............................................................................
pint              |   ............................................................................
pint              |   ......................................................................
pint              | 
pint              |   ──────────────────────────────────────────────────────────────────── Laravel  
pint              |     PASS   ......................................................... 526 files  
pint              | 
backend-testing   |   2024-02-15 17:01:34 ................................................... ~ 0s
pint exited with code 0
phpstan           |    0/478 [░░░░░░░░░░░░░░░░░░░░░░░░░░░░]   0%[1G[2K  20/478 [▓░░░░░░░░░░░░░░░░░░░░░░░░░░░]   4%[1G[2K  40/478 [▓▓░░░░░░░░░░░░░░░░░░░░░░░░░░]   8%[1G[2K  60/478 [▓▓▓░░░░░░░░░░░░░░░░░░░░░░░░░]  12%[1G[2K 100/478 [▓▓▓▓▓░░░░░░░░░░░░░░░░░░░░░░░]  20%[1G[2K 160/478 [▓▓▓▓▓▓▓▓▓░░░░░░░░░░░░░░░░░░░]  33%[1G[2K 200/478 [▓▓▓▓▓▓▓▓▓▓▓░░░░░░░░░░░░░░░░░]  41%[1G[2K 240/478 [▓▓▓▓▓▓▓▓▓▓▓▓▓▓░░░░░░░░░░░░░░]  50%[1G[2K 300/478 [▓▓▓▓▓▓▓▓▓▓▓▓▓▓▓▓▓░░░░░░░░░░░]  62%[1G[2K 340/478 [▓▓▓▓▓▓▓▓▓▓▓▓▓▓▓▓▓▓▓░░░░░░░░░]  71%[1G[2K 400/478 [▓▓▓▓▓▓▓▓▓▓▓▓▓▓▓▓▓▓▓▓▓▓▓░░░░░]  83%[1G[2K 440/478 [▓▓▓▓▓▓▓▓▓▓▓▓▓▓▓▓▓▓▓▓▓▓▓▓▓░░░]  92%[1G[2K 478/478 [▓▓▓▓▓▓▓▓▓▓▓▓▓▓▓▓▓▓▓▓▓▓▓▓▓▓▓▓] 100%
phpstan           | 
phpstan           | 
phpstan           |  [OK] No errors                                                                 
phpstan           | 
phpstan exited with code 0
frontend-testing  | 
frontend-testing  | > racks_frontend@0.1.0 serve /app
frontend-testing  | > vue-cli-service serve "--port" "8081"
frontend-testing  | 
phpunit           | ..............................                                    95 / 95 (100%)
phpunit           | 
phpunit           | Time: 00:14.190, Memory: 48.50 MB
phpunit           | 
phpunit           | OK (95 tests, 188 assertions)
phpunit exited with code 0
frontend-testing  | Browserslist: caniuse-lite is outdated. Please run:
frontend-testing  |   npx update-browserslist-db@latest
frontend-testing  |   Why you should do it regularly: https://github.com/browserslist/update-db#readme
frontend-testing  |  INFO  Starting development server...
backend-testing   |   2024-02-15 17:01:44 ................................................... ~ 1s
frontend-testing  | [3%] setup (watch run)
frontend-testing  | [2K[1A[2K[G[3%] setup (watch run webpack-dev-middleware)
frontend-testing  | [2K[1A[2K[G[3%] setup (watch run)
frontend-testing  | [2K[1A[2K[G[4%] setup (normal module factory)
frontend-testing  | [2K[1A[2K[G[4%] setup (normal module factory CaseSensitivePathsPlugin)
frontend-testing  | [2K[1A[2K[G[4%] setup (normal module factory)
frontend-testing  | [2K[1A[2K[G[5%] setup (context module factory)
frontend-testing  | [2K[1A[2K[G[6%] setup (before compile)
frontend-testing  | [2K[1A[2K[G[6%] setup (before compile ProgressPlugin)
frontend-testing  | [2K[1A[2K[G[6%] setup (before compile)
frontend-testing  | [2K[1A[2K[G[7%] setup (compile)
frontend-testing  | [2K[1A[2K[G[7%] setup (compile ExternalsPlugin)
frontend-testing  | [2K[1A[2K[G[7%] setup (compile)
frontend-testing  | [2K[1A[2K[G[8%] setup (compilation)
frontend-testing  | [2K[1A[2K[G[8%] setup (compilation CopyPlugin)
frontend-testing  | [2K[1A[2K[G[8%] setup (compilation ArrayPushCallbackChunkFormatPlugin)
frontend-testing  | [2K[1A[2K[G[8%] setup (compilation JsonpChunkLoadingPlugin)
frontend-testing  | [2K[1A[2K[G[8%] setup (compilation StartupChunkDependenciesPlugin)
frontend-testing  | [2K[1A[2K[G[8%] setup (compilation ImportScriptsChunkLoadingPlugin)
frontend-testing  | [2K[1A[2K[G[8%] setup (compilation FetchCompileWasmPlugin)
frontend-testing  | [2K[1A[2K[G[8%] setup (compilation FetchCompileAsyncWasmPlugin)
frontend-testing  | [2K[1A[2K[G[8%] setup (compilation WorkerPlugin)
frontend-testing  | [2K[1A[2K[G[8%] setup (compilation SplitChunksPlugin)
frontend-testing  | [2K[1A[2K[G[8%] setup (compilation ResolverCachePlugin)
frontend-testing  | [2K[1A[2K[G[8%] setup (compilation HtmlWebpackPlugin)
frontend-testing  | [2K[1A[2K[G[8%] setup (compilation)
frontend-testing  | [2K[1A[2K[G[9%] setup (compilation)
frontend-testing  | [2K[1A[2K[G[9%] setup (compilation vue-loader-plugin)
frontend-testing  | [2K[1A[2K[G[9%] setup (compilation DefinePlugin)
frontend-testing  | [2K[1A[2K[G[9%] setup (compilation ProgressPlugin)
frontend-testing  | [2K[1A[2K[G[9%] setup (compilation EntryPlugin)
frontend-testing  | [2K[1A[2K[G[9%] setup (compilation ChunkPrefetchPreloadPlugin)
frontend-testing  | [2K[1A[2K[G[9%] setup (compilation ModuleInfoHeaderPlugin)
frontend-testing  | [2K[1A[2K[G[9%] setup (compilation EvalSourceMapDevToolPlugin)
frontend-testing  | [2K[1A[2K[G[9%] setup (compilation JavascriptModulesPlugin)
frontend-testing  | [2K[1A[2K[G[9%] setup (compilation JsonModulesPlugin)
frontend-testing  | [2K[1A[2K[G[9%] setup (compilation AssetModulesPlugin)
frontend-testing  | [2K[1A[2K[G[9%] setup (compilation EntryPlugin)
frontend-testing  | [2K[1A[2K[G[9%] setup (compilation RuntimePlugin)
frontend-testing  | [2K[1A[2K[G[9%] setup (compilation InferAsyncModulesPlugin)
frontend-testing  | [2K[1A[2K[G[9%] setup (compilation DataUriPlugin)
frontend-testing  | [2K[1A[2K[G[9%] setup (compilation FileUriPlugin)
frontend-testing  | [2K[1A[2K[G[9%] setup (compilation CompatibilityPlugin)
frontend-testing  | [2K[1A[2K[G[9%] setup (compilation HarmonyModulesPlugin)
frontend-testing  | [2K[1A[2K[G[9%] setup (compilation AMDPlugin)
frontend-testing  | [2K[1A[2K[G[9%] setup (compilation RequireJsStuffPlugin)
frontend-testing  | [2K[1A[2K[G[9%] setup (compilation CommonJsPlugin)
frontend-testing  | [2K[1A[2K[G[9%] setup (compilation LoaderPlugin)
frontend-testing  | [2K[1A[2K[G[9%] setup (compilation NodeStuffPlugin)
frontend-testing  | [2K[1A[2K[G[9%] setup (compilation APIPlugin)
frontend-testing  | [2K[1A[2K[G[9%] setup (compilation ExportsInfoApiPlugin)
frontend-testing  | [2K[1A[2K[G[9%] setup (compilation WebpackIsIncludedPlugin)
frontend-testing  | [2K[1A[2K[G[9%] setup (compilation ConstPlugin)
frontend-testing  | [2K[1A[2K[G[9%] setup (compilation UseStrictPlugin)
frontend-testing  | [2K[1A[2K[G[9%] setup (compilation RequireIncludePlugin)
frontend-testing  | [2K[1A[2K[G[9%] setup (compilation RequireEnsurePlugin)
frontend-testing  | [2K[1A[2K[G[9%] setup (compilation RequireContextPlugin)
frontend-testing  | [2K[1A[2K[G[9%] setup (compilation ImportPlugin)
frontend-testing  | [2K[1A[2K[G[9%] setup (compilation RequireContextPlugin)
frontend-testing  | [2K[1A[2K[G[9%] setup (compilation SystemPlugin)
frontend-testing  | [2K[1A[2K[G[9%] setup (compilation ImportMetaPlugin)
frontend-testing  | [2K[1A[2K[G[9%] setup (compilation URLPlugin)
frontend-testing  | [2K[1A[2K[G[9%] setup (compilation DefaultStatsFactoryPlugin)
frontend-testing  | [2K[1A[2K[G[9%] setup (compilation DefaultStatsPresetPlugin)
frontend-testing  | [2K[1A[2K[G[9%] setup (compilation DefaultStatsPrinterPlugin)
frontend-testing  | [2K[1A[2K[G[9%] setup (compilation JavascriptMetaInfoPlugin)
frontend-testing  | [2K[1A[2K[G[9%] setup (compilation EnsureChunkConditionsPlugin)
frontend-testing  | [2K[1A[2K[G[9%] setup (compilation RemoveEmptyChunksPlugin)
frontend-testing  | [2K[1A[2K[G[9%] setup (compilation MergeDuplicateChunksPlugin)
frontend-testing  | [2K[1A[2K[G[9%] setup (compilation SideEffectsFlagPlugin)
frontend-testing  | [2K[1A[2K[G[9%] setup (compilation FlagDependencyExportsPlugin)
frontend-testing  | [2K[1A[2K[G[9%] setup (compilation NamedModuleIdsPlugin)
frontend-testing  | [2K[1A[2K[G[9%] setup (compilation NamedChunkIdsPlugin)
frontend-testing  | [2K[1A[2K[G[9%] setup (compilation DefinePlugin)
frontend-testing  | [2K[1A[2K[G[9%] setup (compilation TemplatedPathPlugin)
frontend-testing  | [2K[1A[2K[G[9%] setup (compilation RecordIdsPlugin)
frontend-testing  | [2K[1A[2K[G[9%] setup (compilation WarnCaseSensitiveModulesPlugin)
frontend-testing  | [2K[1A[2K[G[9%] setup (compilation EntryPlugin)
frontend-testing  | [2K[1A[2K[G[9%] setup (compilation ProvidePlugin)
frontend-testing  | [2K[1A[2K[G[9%] setup (compilation HotModuleReplacementPlugin)
frontend-testing  | [2K[1A[2K[G[9%] setup (compilation ProgressPlugin)
frontend-testing  | [2K[1A[2K[G[9%] setup (compilation)
frontend-testing  | [2K[1A[2K[G[10%] building 
frontend-testing  | [2K[1A[2K[G[10%] building (0/0 modules)
frontend-testing  | [2K[1A[2K[G[10%] building (import loader babel-loader/lib/index.js)
frontend-testing  | [2K[1A[2K[G[10%] building (0/1 modules)
frontend-testing  | [2K[1A[2K[G[10%] building (1/7 modules)
frontend-testing  | [2K[1A[2K[G[24%] building (1/7 modules)
frontend-testing  | [2K[1A[2K[G[24%] building (import loader vue-loader/dist/index.js)
frontend-testing  | [2K[1A[2K[G[24%] building (3/16 modules)
frontend-testing  | [2K[1A[2K[G[24%] building (import loader vue-style-loader/index.js)
frontend-testing  | [2K[1A[2K[G[24%] building (import loader css-loader/dist/cjs.js)
frontend-testing  | [2K[1A[2K[G[24%] building (import loader postcss-loader/dist/cjs.js)
frontend-testing  | [2K[1A[2K[G[24%] building (5/22 modules)
frontend-testing  | [2K[1A[2K[G[24%] building (import loader vue-loader/dist/pitcher.js)
frontend-testing  | [2K[1A[2K[G[24%] building (7/28 modules)
frontend-testing  | [2K[1A[2K[G[24%] building (import loader vue-loader/dist/templateLoader.js)
frontend-testing  | [2K[1A[2K[G[24%] building (7/28 modules)
frontend-testing  | [2K[1A[2K[G[24%] building (import loader sass-loader/dist/cjs.js)
frontend-testing  | [2K[1A[2K[G[24%] building (10/40 modules)
frontend-testing  | [2K[1A[2K[G[24%] building (import loader vue-loader/dist/stylePostLoader.js)
frontend-testing  | [2K[1A[2K[G[24%] building (15/41 modules)
frontend-testing  | [2K[1A[2K[G[24%] building (15/45 modules)
frontend-testing  | [2K[1A[2K[G[24%] building (22/119 modules)
frontend-testing  | [2K[1A[2K[G[24%] building (27/182 modules)
frontend-testing  | [2K[1A[2K[G[24%] building (30/201 modules)
backend-testing   |   2024-02-15 17:01:55 ................................................... ~ 0s
frontend-testing  | [2K[1A[2K[G[24%] building (97/221 modules)
frontend-testing  | [2K[1A[2K[G[38%] building (126/252 modules)
frontend-testing  | [2K[1A[2K[G[38%] building (163/300 modules)
frontend-testing  | [2K[1A[2K[G[51%] building (219/358 modules)
frontend-testing  | [2K[1A[2K[G[51%] building (246/381 modules)
frontend-testing  | [2K[1A[2K[G[51%] building (297/400 modules)
frontend-testing  | [2K[1A[2K[G[65%] building (408/408 modules)
frontend-testing  | [2K[1A[2K[G[65%] building 
frontend-testing  | [2K[1A[2K[G[69%] building (finish)
frontend-testing  | [2K[1A[2K[G[70%] sealing (finish module graph)
frontend-testing  | [2K[1A[2K[G[70%] sealing (finish module graph ResolverCachePlugin)
frontend-testing  | [2K[1A[2K[G[70%] sealing (finish module graph InferAsyncModulesPlugin)
frontend-testing  | [2K[1A[2K[G[70%] sealing (finish module graph FlagDependencyExportsPlugin)
frontend-testing  | [2K[1A[2K[G[70%] sealing (finish module graph)
frontend-testing  | [2K[1A[2K[G[71%] sealing (plugins)
frontend-testing  | [2K[1A[2K[G[71%] sealing (plugins WarnCaseSensitiveModulesPlugin)
frontend-testing  | [2K[1A[2K[G[71%] sealing (plugins)
frontend-testing  | [2K[1A[2K[G[71%] sealing (dependencies optimization)
frontend-testing  | [2K[1A[2K[G[71%] sealing (dependencies optimization SideEffectsFlagPlugin)
frontend-testing  | [2K[1A[2K[G[71%] sealing (dependencies optimization)
frontend-testing  | [2K[1A[2K[G[72%] sealing (after dependencies optimization)
frontend-testing  | [2K[1A[2K[G[73%] sealing (chunk graph)
frontend-testing  | [2K[1A[2K[G[73%] sealing (after chunk graph)
frontend-testing  | [2K[1A[2K[G[74%] sealing (optimizing)
frontend-testing  | [2K[1A[2K[G[74%] sealing (module optimization)
frontend-testing  | [2K[1A[2K[G[75%] sealing (after module optimization)
frontend-testing  | [2K[1A[2K[G[76%] sealing (chunk optimization)
frontend-testing  | [2K[1A[2K[G[76%] sealing (chunk optimization EnsureChunkConditionsPlugin)
frontend-testing  | [2K[1A[2K[G[76%] sealing (chunk optimization RemoveEmptyChunksPlugin)
frontend-testing  | [2K[1A[2K[G[76%] sealing (chunk optimization MergeDuplicateChunksPlugin)
frontend-testing  | [2K[1A[2K[G[76%] sealing (chunk optimization SplitChunksPlugin)
frontend-testing  | [2K[1A[2K[G[76%] sealing (chunk optimization RemoveEmptyChunksPlugin)
frontend-testing  | [2K[1A[2K[G[76%] sealing (chunk optimization)
frontend-testing  | [2K[1A[2K[G[76%] sealing (after chunk optimization)
frontend-testing  | [2K[1A[2K[G[77%] sealing (module and chunk tree optimization)
frontend-testing  | [2K[1A[2K[G[77%] sealing (module and chunk tree optimization PersistentChildCompilerSinglet
frontend-testing  | onPlugin)
frontend-testing  | [2K[1A[2K[1A[2K[G[77%] sealing (module and chunk tree optimization)
frontend-testing  | [2K[1A[2K[G[78%] sealing (after module and chunk tree optimization)
frontend-testing  | [2K[1A[2K[G[78%] sealing (chunk modules optimization)
frontend-testing  | [2K[1A[2K[G[79%] sealing (after chunk modules optimization)
frontend-testing  | [2K[1A[2K[G[80%] sealing (module reviving)
frontend-testing  | [2K[1A[2K[G[80%] sealing (module reviving RecordIdsPlugin)
frontend-testing  | [2K[1A[2K[G[80%] sealing (module reviving)
frontend-testing  | [2K[1A[2K[G[80%] sealing (before module ids)
frontend-testing  | [2K[1A[2K[G[81%] sealing (module ids)
frontend-testing  | [2K[1A[2K[G[81%] sealing (module ids NamedModuleIdsPlugin)
frontend-testing  | [2K[1A[2K[G[81%] sealing (module ids)
frontend-testing  | [2K[1A[2K[G[82%] sealing (module id optimization)
frontend-testing  | [2K[1A[2K[G[82%] sealing (module id optimization)
frontend-testing  | [2K[1A[2K[G[83%] sealing (chunk reviving)
frontend-testing  | [2K[1A[2K[G[83%] sealing (chunk reviving RecordIdsPlugin)
frontend-testing  | [2K[1A[2K[G[83%] sealing (chunk reviving)
frontend-testing  | [2K[1A[2K[G[83%] sealing (before chunk ids)
frontend-testing  | [2K[1A[2K[G[84%] sealing (chunk ids)
frontend-testing  | [2K[1A[2K[G[84%] sealing (chunk ids NamedChunkIdsPlugin)
frontend-testing  | [2K[1A[2K[G[84%] sealing (chunk ids)
frontend-testing  | [2K[1A[2K[G[85%] sealing (chunk id optimization)
frontend-testing  | [2K[1A[2K[G[85%] sealing (after chunk id optimization)
frontend-testing  | [2K[1A[2K[G[86%] sealing (record modules)
frontend-testing  | [2K[1A[2K[G[86%] sealing (record modules RecordIdsPlugin)
frontend-testing  | [2K[1A[2K[G[86%] sealing (record modules)
frontend-testing  | [2K[1A[2K[G[87%] sealing (record chunks)
frontend-testing  | [2K[1A[2K[G[87%] sealing (record chunks RecordIdsPlugin)
frontend-testing  | [2K[1A[2K[G[87%] sealing (record chunks)
frontend-testing  | [2K[1A[2K[G[87%] sealing (module hashing)
frontend-testing  | [2K[1A[2K[G[88%] sealing (code generation)
frontend-testing  | [2K[1A[2K[G[89%] sealing (runtime requirements)
frontend-testing  | [2K[1A[2K[G[89%] sealing (hashing)
frontend-testing  | [2K[1A[2K[G[90%] sealing (after hashing)
frontend-testing  | [2K[1A[2K[G[91%] sealing (record hash)
frontend-testing  | [2K[1A[2K[G[91%] sealing (module assets processing)
frontend-testing  | [2K[1A[2K[G[92%] sealing (chunk assets processing)
frontend-testing  | [2K[1A[2K[G[92%] sealing (asset processing)
frontend-testing  | [2K[1A[2K[G[92%] sealing (asset processing copy-webpack-plugin)
frontend-testing  | [2K[1A[2K[G[92%] sealing (asset processing HotModuleReplacementPlugin)
frontend-testing  | [2K[1A[2K[G[92%] sealing (asset processing PersistentChildCompilerSingletonPlugin)
frontend-testing  | [2K[1A[2K[G[92%] sealing (asset processing HtmlWebpackPlugin)
frontend-testing  | [2K[1A[2K[G[92%] sealing (asset processing)
frontend-testing  | [2K[1A[2K[G[93%] sealing (after asset optimization)
frontend-testing  | [2K[1A[2K[G[94%] sealing (recording)
frontend-testing  | [2K[1A[2K[G[94%] sealing (recording HotModuleReplacementPlugin)
frontend-testing  | [2K[1A[2K[G[94%] sealing (recording)
frontend-testing  | [2K[1A[2K[G[94%] sealing (after seal)
frontend-testing  | [2K[1A[2K[G[95%] emitting (emit)
frontend-testing  | [2K[1A[2K[G[98%] emitting (after emit)
frontend-testing  | [2K[1A[2K[GBuild finished at 17:01:59 by 0.000s
frontend-testing  | [2K[1A[2K[GBuild finished at 17:01:59 by 0.000s
frontend-testing  | [2K[1A[2K[GBuild finished at 17:01:59 by 0.000s
frontend-testing  | [2K[1A[2K[G DONE  Compiled successfully in 13411ms5:01:59 PM
frontend-testing  | 
frontend-testing  | Build finished at 17:01:59 by 0.000s
frontend-testing  | [2K[1A[2K[G
frontend-testing  |   App running at:
frontend-testing  |   - Local:   http://localhost:8081/ 
frontend-testing  |   - Network: http://172.22.0.6:8081/
frontend-testing  | 
frontend-testing  |   Note that the development build is not optimized.
frontend-testing  |   To create a production build, run npm run build.
frontend-testing  | 
frontend-testing  | Build finished at 17:01:59 by 0.000s
frontend-testing  | [2K[1A[2K[GBuild finished at 17:01:59 by 0.000s
frontend-testing  | [2K[1A[2K[GBuild finished at 17:01:59 by 0.000s
frontend-testing  | [2K[1A[2K[GBuild finished at 17:01:59 by 0.000s
frontend-testing  | [2K[1A[2K[GBuild finished at 17:01:59 by 0.000s
frontend-testing  | [2K[1A[2K[GBuild finished at 17:01:59 by 0.000s
frontend-testing  | [2K[1A[2K[GBuild finished at 17:01:59 by 0.000s
frontend-testing  | [2K[1A[2K[GBuild finished at 17:01:59 by 0.000s
frontend-testing  | [2K[1A[2K[G WAIT  Compiling...5:01:59 PM
frontend-testing  | 
frontend-testing  | Compiling...
frontend-testing  | 
frontend-testing  | [2K[1A[2K[G[1%] cache (end idle)
frontend-testing  | [2K[1A[2K[G[3%] setup (watch run)
frontend-testing  | [2K[1A[2K[G[3%] setup (watch run webpack-dev-middleware)
frontend-testing  | [2K[1A[2K[G[3%] setup (watch run)
frontend-testing  | [2K[1A[2K[G[4%] setup (normal module factory)
frontend-testing  | [2K[1A[2K[G[4%] setup (normal module factory CaseSensitivePathsPlugin)
frontend-testing  | [2K[1A[2K[G[4%] setup (normal module factory)
frontend-testing  | [2K[1A[2K[G[5%] setup (context module factory)
frontend-testing  | [2K[1A[2K[G[6%] setup (before compile)
frontend-testing  | [2K[1A[2K[G[6%] setup (before compile ProgressPlugin)
frontend-testing  | [2K[1A[2K[G[6%] setup (before compile)
frontend-testing  | [2K[1A[2K[G[7%] setup (compile)
frontend-testing  | [2K[1A[2K[G[7%] setup (compile ExternalsPlugin)
frontend-testing  | [2K[1A[2K[G[7%] setup (compile)
frontend-testing  | [2K[1A[2K[G[8%] setup (compilation)
frontend-testing  | [2K[1A[2K[G[8%] setup (compilation CopyPlugin)
frontend-testing  | [2K[1A[2K[G[8%] setup (compilation ArrayPushCallbackChunkFormatPlugin)
frontend-testing  | [2K[1A[2K[G[8%] setup (compilation JsonpChunkLoadingPlugin)
frontend-testing  | [2K[1A[2K[G[8%] setup (compilation StartupChunkDependenciesPlugin)
frontend-testing  | [2K[1A[2K[G[8%] setup (compilation ImportScriptsChunkLoadingPlugin)
frontend-testing  | [2K[1A[2K[G[8%] setup (compilation FetchCompileWasmPlugin)
frontend-testing  | [2K[1A[2K[G[8%] setup (compilation FetchCompileAsyncWasmPlugin)
frontend-testing  | [2K[1A[2K[G[8%] setup (compilation WorkerPlugin)
frontend-testing  | [2K[1A[2K[G[8%] setup (compilation SplitChunksPlugin)
frontend-testing  | [2K[1A[2K[G[8%] setup (compilation ResolverCachePlugin)
frontend-testing  | [2K[1A[2K[G[8%] setup (compilation HtmlWebpackPlugin)
frontend-testing  | [2K[1A[2K[G[8%] setup (compilation)
frontend-testing  | [2K[1A[2K[G[9%] setup (compilation)
frontend-testing  | [2K[1A[2K[G[9%] setup (compilation vue-loader-plugin)
frontend-testing  | [2K[1A[2K[G[9%] setup (compilation DefinePlugin)
frontend-testing  | [2K[1A[2K[G[9%] setup (compilation ProgressPlugin)
frontend-testing  | [2K[1A[2K[G[9%] setup (compilation EntryPlugin)
frontend-testing  | [2K[1A[2K[G[9%] setup (compilation ChunkPrefetchPreloadPlugin)
frontend-testing  | [2K[1A[2K[G[9%] setup (compilation ModuleInfoHeaderPlugin)
frontend-testing  | [2K[1A[2K[G[9%] setup (compilation EvalSourceMapDevToolPlugin)
frontend-testing  | [2K[1A[2K[G[9%] setup (compilation JavascriptModulesPlugin)
frontend-testing  | [2K[1A[2K[G[9%] setup (compilation JsonModulesPlugin)
frontend-testing  | [2K[1A[2K[G[9%] setup (compilation AssetModulesPlugin)
frontend-testing  | [2K[1A[2K[G[9%] setup (compilation EntryPlugin)
frontend-testing  | [2K[1A[2K[G[9%] setup (compilation RuntimePlugin)
frontend-testing  | [2K[1A[2K[G[9%] setup (compilation InferAsyncModulesPlugin)
frontend-testing  | [2K[1A[2K[G[9%] setup (compilation DataUriPlugin)
frontend-testing  | [2K[1A[2K[G[9%] setup (compilation FileUriPlugin)
frontend-testing  | [2K[1A[2K[G[9%] setup (compilation CompatibilityPlugin)
frontend-testing  | [2K[1A[2K[G[9%] setup (compilation HarmonyModulesPlugin)
frontend-testing  | [2K[1A[2K[G[9%] setup (compilation AMDPlugin)
frontend-testing  | [2K[1A[2K[G[9%] setup (compilation RequireJsStuffPlugin)
frontend-testing  | [2K[1A[2K[G[9%] setup (compilation CommonJsPlugin)
frontend-testing  | [2K[1A[2K[G[9%] setup (compilation LoaderPlugin)
frontend-testing  | [2K[1A[2K[G[9%] setup (compilation NodeStuffPlugin)
frontend-testing  | [2K[1A[2K[G[9%] setup (compilation APIPlugin)
frontend-testing  | [2K[1A[2K[G[9%] setup (compilation ExportsInfoApiPlugin)
frontend-testing  | [2K[1A[2K[G[9%] setup (compilation WebpackIsIncludedPlugin)
frontend-testing  | [2K[1A[2K[G[9%] setup (compilation ConstPlugin)
frontend-testing  | [2K[1A[2K[G[9%] setup (compilation UseStrictPlugin)
frontend-testing  | [2K[1A[2K[G[9%] setup (compilation RequireIncludePlugin)
frontend-testing  | [2K[1A[2K[G[9%] setup (compilation RequireEnsurePlugin)
frontend-testing  | [2K[1A[2K[G[9%] setup (compilation RequireContextPlugin)
frontend-testing  | [2K[1A[2K[G[9%] setup (compilation ImportPlugin)
frontend-testing  | [2K[1A[2K[G[9%] setup (compilation RequireContextPlugin)
frontend-testing  | [2K[1A[2K[G[9%] setup (compilation SystemPlugin)
frontend-testing  | [2K[1A[2K[G[9%] setup (compilation ImportMetaPlugin)
frontend-testing  | [2K[1A[2K[G[9%] setup (compilation URLPlugin)
frontend-testing  | [2K[1A[2K[G[9%] setup (compilation DefaultStatsFactoryPlugin)
frontend-testing  | [2K[1A[2K[G[9%] setup (compilation DefaultStatsPresetPlugin)
frontend-testing  | [2K[1A[2K[G[9%] setup (compilation DefaultStatsPrinterPlugin)
frontend-testing  | [2K[1A[2K[G[9%] setup (compilation JavascriptMetaInfoPlugin)
frontend-testing  | [2K[1A[2K[G[9%] setup (compilation EnsureChunkConditionsPlugin)
frontend-testing  | [2K[1A[2K[G[9%] setup (compilation RemoveEmptyChunksPlugin)
frontend-testing  | [2K[1A[2K[G[9%] setup (compilation MergeDuplicateChunksPlugin)
frontend-testing  | [2K[1A[2K[G[9%] setup (compilation SideEffectsFlagPlugin)
frontend-testing  | [2K[1A[2K[G[9%] setup (compilation FlagDependencyExportsPlugin)
frontend-testing  | [2K[1A[2K[G[9%] setup (compilation NamedModuleIdsPlugin)
frontend-testing  | [2K[1A[2K[G[9%] setup (compilation NamedChunkIdsPlugin)
frontend-testing  | [2K[1A[2K[G[9%] setup (compilation DefinePlugin)
frontend-testing  | [2K[1A[2K[G[9%] setup (compilation TemplatedPathPlugin)
frontend-testing  | [2K[1A[2K[G[9%] setup (compilation RecordIdsPlugin)
frontend-testing  | [2K[1A[2K[G[9%] setup (compilation WarnCaseSensitiveModulesPlugin)
frontend-testing  | [2K[1A[2K[G[9%] setup (compilation EntryPlugin)
frontend-testing  | [2K[1A[2K[G[9%] setup (compilation ProvidePlugin)
frontend-testing  | [2K[1A[2K[G[9%] setup (compilation HotModuleReplacementPlugin)
frontend-testing  | [2K[1A[2K[G[9%] setup (compilation ProgressPlugin)
frontend-testing  | [2K[1A[2K[G[9%] setup (compilation)
frontend-testing  | [2K[1A[2K[G[10%] building 
frontend-testing  | [2K[1A[2K[G[10%] building (0/0 modules)
frontend-testing  | [2K[1A[2K[G[24%] building (1/4 modules)
frontend-testing  | [2K[1A[2K[G[38%] building (45/64 modules)
frontend-testing  | [2K[1A[2K[G[38%] building (import loader css-loader/dist/cjs.js)
frontend-testing  | [2K[1A[2K[G[38%] building (import loader postcss-loader/dist/cjs.js)
frontend-testing  | [2K[1A[2K[G[38%] building (45/66 modules)
frontend-testing  | [2K[1A[2K[G[51%] building (90/66 modules)
frontend-testing  | [2K[1A[2K[G[65%] building (408/227 modules)
frontend-testing  | [2K[1A[2K[G[65%] building 
frontend-testing  | [2K[1A[2K[G[69%] building (finish)
frontend-testing  | [2K[1A[2K[G[70%] sealing (finish module graph)
frontend-testing  | [2K[1A[2K[G[70%] sealing (finish module graph ResolverCachePlugin)
frontend-testing  | [2K[1A[2K[G[70%] sealing (finish module graph InferAsyncModulesPlugin)
frontend-testing  | [2K[1A[2K[G[70%] sealing (finish module graph FlagDependencyExportsPlugin)
frontend-testing  | [2K[1A[2K[G[70%] sealing (finish module graph)
frontend-testing  | [2K[1A[2K[G[71%] sealing (plugins)
frontend-testing  | [2K[1A[2K[G[71%] sealing (plugins WarnCaseSensitiveModulesPlugin)
frontend-testing  | [2K[1A[2K[G[71%] sealing (plugins)
frontend-testing  | [2K[1A[2K[G[71%] sealing (dependencies optimization)
frontend-testing  | [2K[1A[2K[G[71%] sealing (dependencies optimization SideEffectsFlagPlugin)
frontend-testing  | [2K[1A[2K[G[71%] sealing (dependencies optimization)
frontend-testing  | [2K[1A[2K[G[72%] sealing (after dependencies optimization)
frontend-testing  | [2K[1A[2K[G[73%] sealing (chunk graph)
frontend-testing  | [2K[1A[2K[G[73%] sealing (after chunk graph)
frontend-testing  | [2K[1A[2K[G[74%] sealing (optimizing)
frontend-testing  | [2K[1A[2K[G[74%] sealing (module optimization)
frontend-testing  | [2K[1A[2K[G[75%] sealing (after module optimization)
frontend-testing  | [2K[1A[2K[G[76%] sealing (chunk optimization)
frontend-testing  | [2K[1A[2K[G[76%] sealing (chunk optimization EnsureChunkConditionsPlugin)
frontend-testing  | [2K[1A[2K[G[76%] sealing (chunk optimization RemoveEmptyChunksPlugin)
frontend-testing  | [2K[1A[2K[G[76%] sealing (chunk optimization MergeDuplicateChunksPlugin)
frontend-testing  | [2K[1A[2K[G[76%] sealing (chunk optimization SplitChunksPlugin)
frontend-testing  | [2K[1A[2K[G[76%] sealing (chunk optimization RemoveEmptyChunksPlugin)
frontend-testing  | [2K[1A[2K[G[76%] sealing (chunk optimization)
frontend-testing  | [2K[1A[2K[G[76%] sealing (after chunk optimization)
frontend-testing  | [2K[1A[2K[G[77%] sealing (module and chunk tree optimization)
frontend-testing  | [2K[1A[2K[G[77%] sealing (module and chunk tree optimization PersistentChildCompilerSinglet
frontend-testing  | onPlugin)
frontend-testing  | [2K[1A[2K[1A[2K[G[77%] sealing (module and chunk tree optimization)
frontend-testing  | [2K[1A[2K[G[78%] sealing (after module and chunk tree optimization)
frontend-testing  | [2K[1A[2K[G[78%] sealing (chunk modules optimization)
frontend-testing  | [2K[1A[2K[G[79%] sealing (after chunk modules optimization)
frontend-testing  | [2K[1A[2K[G[80%] sealing (module reviving)
frontend-testing  | [2K[1A[2K[G[80%] sealing (module reviving RecordIdsPlugin)
frontend-testing  | [2K[1A[2K[G[80%] sealing (module reviving)
frontend-testing  | [2K[1A[2K[G[80%] sealing (before module ids)
frontend-testing  | [2K[1A[2K[G[81%] sealing (module ids)
frontend-testing  | [2K[1A[2K[G[81%] sealing (module ids NamedModuleIdsPlugin)
frontend-testing  | [2K[1A[2K[G[81%] sealing (module ids)
frontend-testing  | [2K[1A[2K[G[82%] sealing (module id optimization)
frontend-testing  | [2K[1A[2K[G[82%] sealing (module id optimization)
frontend-testing  | [2K[1A[2K[G[83%] sealing (chunk reviving)
frontend-testing  | [2K[1A[2K[G[83%] sealing (chunk reviving RecordIdsPlugin)
frontend-testing  | [2K[1A[2K[G[83%] sealing (chunk reviving)
frontend-testing  | [2K[1A[2K[G[83%] sealing (before chunk ids)
frontend-testing  | [2K[1A[2K[G[84%] sealing (chunk ids)
frontend-testing  | [2K[1A[2K[G[84%] sealing (chunk ids NamedChunkIdsPlugin)
frontend-testing  | [2K[1A[2K[G[84%] sealing (chunk ids)
frontend-testing  | [2K[1A[2K[G[85%] sealing (chunk id optimization)
frontend-testing  | [2K[1A[2K[G[85%] sealing (after chunk id optimization)
frontend-testing  | [2K[1A[2K[G[86%] sealing (record modules)
frontend-testing  | [2K[1A[2K[G[86%] sealing (record modules RecordIdsPlugin)
frontend-testing  | [2K[1A[2K[G[86%] sealing (record modules)
frontend-testing  | [2K[1A[2K[G[87%] sealing (record chunks)
frontend-testing  | [2K[1A[2K[G[87%] sealing (record chunks RecordIdsPlugin)
frontend-testing  | [2K[1A[2K[G[87%] sealing (record chunks)
frontend-testing  | [2K[1A[2K[G[87%] sealing (module hashing)
frontend-testing  | [2K[1A[2K[G[88%] sealing (code generation)
frontend-testing  | [2K[1A[2K[G[89%] sealing (runtime requirements)
frontend-testing  | [2K[1A[2K[G[89%] sealing (hashing)
frontend-testing  | [2K[1A[2K[G[90%] sealing (after hashing)
frontend-testing  | [2K[1A[2K[G[91%] sealing (record hash)
frontend-testing  | [2K[1A[2K[G[91%] sealing (module assets processing)
frontend-testing  | [2K[1A[2K[G[92%] sealing (chunk assets processing)
frontend-testing  | [2K[1A[2K[G[92%] sealing (asset processing)
frontend-testing  | [2K[1A[2K[G[92%] sealing (asset processing copy-webpack-plugin)
frontend-testing  | [2K[1A[2K[G[92%] sealing (asset processing HotModuleReplacementPlugin)
frontend-testing  | [2K[1A[2K[G[92%] sealing (asset processing PersistentChildCompilerSingletonPlugin)
frontend-testing  | [2K[1A[2K[G[92%] sealing (asset processing HtmlWebpackPlugin)
frontend-testing  | [2K[1A[2K[G[92%] sealing (asset processing)
frontend-testing  | [2K[1A[2K[G[93%] sealing (after asset optimization)
frontend-testing  | [2K[1A[2K[G[94%] sealing (recording)
frontend-testing  | [2K[1A[2K[G[94%] sealing (recording HotModuleReplacementPlugin)
frontend-testing  | [2K[1A[2K[G[94%] sealing (recording)
frontend-testing  | [2K[1A[2K[G[94%] sealing (after seal)
frontend-testing  | [2K[1A[2K[G[95%] emitting (emit)
frontend-testing  | [2K[1A[2K[G[98%] emitting (after emit)
frontend-testing  | [2K[1A[2K[GBuild finished at 17:02:00 by 0.000s
frontend-testing  | [2K[1A[2K[GBuild finished at 17:02:00 by 0.000s
frontend-testing  | [2K[1A[2K[GBuild finished at 17:02:00 by 0.000s
frontend-testing  | [2K[1A[2K[G DONE  Compiled successfully in 583ms5:02:00 PM
frontend-testing  | 
frontend-testing  | Build finished at 17:02:00 by 0.000s
frontend-testing  | [2K[1A[2K[G
frontend-testing  |   App running at:
frontend-testing  |   - Local:   http://localhost:8081/ 
frontend-testing  |   - Network: http://172.22.0.6:8081/
frontend-testing  | 
frontend-testing  | Build finished at 17:02:00 by 0.000s
frontend-testing  | [2K[1A[2K[GBuild finished at 17:02:00 by 0.000s
frontend-testing  | [2K[1A[2K[GBuild finished at 17:02:00 by 0.000s
frontend-testing  | [2K[1A[2K[GBuild finished at 17:02:00 by 0.000s
frontend-testing  | [2K[1A[2K[GBuild finished at 17:02:00 by 0.000s
frontend-testing  | [2K[1A[2K[GBuild finished at 17:02:00 by 0.000s
frontend-testing  | [2K[1A[2K[GBuild finished at 17:02:00 by 0.000s
frontend-testing  | [2K[1A[2K[GBuild finished at 17:02:00 by 0.000s
hub               | 2024-02-15 17:02:04,223 INFO Included extra file "/etc/supervisor/conf.d/selenium-grid-hub.conf" during parsing
hub               | 2024-02-15 17:02:04,242 INFO supervisord started with pid 8
hub               | 2024-02-15 17:02:05,253 INFO spawned: 'selenium-grid-hub' with pid 10
racks-selenium-2  | 2024-02-15 17:02:05,454 INFO Included extra file "/etc/supervisor/conf.d/selenium.conf" during parsing
racks-selenium-2  | 2024-02-15 17:02:05,456 INFO supervisord started with pid 8
backend-testing   |   2024-02-15 17:02:05 ................................................... ~ 0s
hub               | 2024-02-15 17:02:06,260 INFO success: selenium-grid-hub entered RUNNING state, process has stayed up for > than 0 seconds (startsecs)
racks-selenium-2  | 2024-02-15 17:02:06,466 INFO spawned: 'xvfb' with pid 10
racks-selenium-2  | 2024-02-15 17:02:06,472 INFO spawned: 'vnc' with pid 11
racks-selenium-2  | 2024-02-15 17:02:06,475 INFO spawned: 'novnc' with pid 12
racks-selenium-2  | 2024-02-15 17:02:06,544 INFO spawned: 'selenium-node' with pid 35
racks-selenium-2  | 2024-02-15 17:02:06,551 INFO success: xvfb entered RUNNING state, process has stayed up for > than 0 seconds (startsecs)
racks-selenium-2  | 2024-02-15 17:02:06,552 INFO success: vnc entered RUNNING state, process has stayed up for > than 0 seconds (startsecs)
racks-selenium-2  | 2024-02-15 17:02:06,553 INFO success: novnc entered RUNNING state, process has stayed up for > than 0 seconds (startsecs)
racks-selenium-2  | 2024-02-15 17:02:06,553 INFO success: selenium-node entered RUNNING state, process has stayed up for > than 0 seconds (startsecs)
racks-selenium-1  | 2024-02-15 17:02:07,045 INFO Included extra file "/etc/supervisor/conf.d/selenium.conf" during parsing
racks-selenium-1  | 2024-02-15 17:02:07,067 INFO supervisord started with pid 8
racks-selenium-2  | Appending Selenium options: --host 56aeaba3c07d
racks-selenium-2  | Generating Selenium Config
racks-selenium-2  | Configuring server...
racks-selenium-2  | Setting up SE_NODE_HOST...
racks-selenium-2  | Setting up SE_NODE_PORT...
racks-selenium-2  | Setting up SE_NODE_GRID_URL...
hub               | 17:02:07.212 INFO [LoggingOptions.configureLogEncoding] - Using the system default encoding
hub               | 17:02:07.255 INFO [OpenTelemetryTracer.createTracer] - Using OpenTelemetry for tracing
racks-selenium-2  | Selenium Grid Node configuration: 
racks-selenium-2  | [events]
racks-selenium-2  | publish = "tcp://hub:4442"
racks-selenium-2  | subscribe = "tcp://hub:4443"
racks-selenium-2  | 
racks-selenium-2  | [node]
racks-selenium-2  | session-timeout = "300"
racks-selenium-2  | override-max-sessions = false
racks-selenium-2  | detect-drivers = false
racks-selenium-2  | max-sessions = 1
racks-selenium-2  | 
racks-selenium-2  | [[node.driver-configuration]]
racks-selenium-2  | display-name = "chrome"
racks-selenium-2  | stereotype = '{"browserName": "chrome", "browserVersion": "101.0", "platformName": "Linux"}'
racks-selenium-2  | max-sessions = 1
racks-selenium-2  | 
racks-selenium-2  | Starting Selenium Grid Node...
hub               | 17:02:07.845 INFO [BoundZmqEventBus.<init>] - XPUB binding to [binding to tcp://*:4442, advertising as tcp://172.22.0.4:4442], XSUB binding to [binding to tcp://*:4443, advertising as tcp://172.22.0.4:4443]
racks-selenium-1  | 2024-02-15 17:02:08,078 INFO spawned: 'xvfb' with pid 10
racks-selenium-1  | 2024-02-15 17:02:08,082 INFO spawned: 'vnc' with pid 11
racks-selenium-1  | 2024-02-15 17:02:08,086 INFO spawned: 'novnc' with pid 12
racks-selenium-1  | 2024-02-15 17:02:08,098 INFO spawned: 'selenium-node' with pid 16
racks-selenium-1  | 2024-02-15 17:02:08,171 INFO success: xvfb entered RUNNING state, process has stayed up for > than 0 seconds (startsecs)
racks-selenium-1  | 2024-02-15 17:02:08,177 INFO success: vnc entered RUNNING state, process has stayed up for > than 0 seconds (startsecs)
racks-selenium-1  | 2024-02-15 17:02:08,177 INFO success: novnc entered RUNNING state, process has stayed up for > than 0 seconds (startsecs)
racks-selenium-1  | 2024-02-15 17:02:08,180 INFO success: selenium-node entered RUNNING state, process has stayed up for > than 0 seconds (startsecs)
hub               | 17:02:08.234 INFO [UnboundZmqEventBus.<init>] - Connecting to tcp://172.22.0.4:4442 and tcp://172.22.0.4:4443
hub               | 17:02:08.589 INFO [UnboundZmqEventBus.<init>] - Sockets created
racks-selenium-2  | 17:02:08.639 INFO [LoggingOptions.configureLogEncoding] - Using the system default encoding
racks-selenium-2  | 17:02:08.655 INFO [OpenTelemetryTracer.createTracer] - Using OpenTelemetry for tracing
racks-selenium-1  | Appending Selenium options: --host 38cf0891cf48
racks-selenium-1  | Generating Selenium Config
racks-selenium-1  | Configuring server...
racks-selenium-1  | Setting up SE_NODE_HOST...
racks-selenium-1  | Setting up SE_NODE_PORT...
racks-selenium-1  | Setting up SE_NODE_GRID_URL...
racks-selenium-1  | Selenium Grid Node configuration: 
racks-selenium-1  | [events]
racks-selenium-1  | publish = "tcp://hub:4442"
racks-selenium-1  | subscribe = "tcp://hub:4443"
racks-selenium-1  | 
racks-selenium-1  | [node]
racks-selenium-1  | session-timeout = "300"
racks-selenium-1  | override-max-sessions = false
racks-selenium-1  | detect-drivers = false
racks-selenium-1  | max-sessions = 1
racks-selenium-1  | 
racks-selenium-1  | [[node.driver-configuration]]
racks-selenium-1  | display-name = "chrome"
racks-selenium-1  | stereotype = '{"browserName": "chrome", "browserVersion": "101.0", "platformName": "Linux"}'
racks-selenium-1  | max-sessions = 1
racks-selenium-1  | 
racks-selenium-1  | Starting Selenium Grid Node...
racks-selenium-2  | 17:02:09.141 INFO [UnboundZmqEventBus.<init>] - Connecting to tcp://hub:4442 and tcp://hub:4443
racks-selenium-2  | 17:02:09.262 INFO [UnboundZmqEventBus.<init>] - Sockets created
hub               | 17:02:09.599 INFO [UnboundZmqEventBus.<init>] - Event bus ready
racks-selenium-1  | 17:02:09.947 INFO [LoggingOptions.configureLogEncoding] - Using the system default encoding
racks-selenium-1  | 17:02:09.955 INFO [OpenTelemetryTracer.createTracer] - Using OpenTelemetry for tracing
racks-selenium-2  | 17:02:10.295 INFO [UnboundZmqEventBus.<init>] - Event bus ready
racks-selenium-1  | 17:02:10.420 INFO [UnboundZmqEventBus.<init>] - Connecting to tcp://hub:4442 and tcp://hub:4443
racks-selenium-1  | 17:02:10.659 INFO [UnboundZmqEventBus.<init>] - Sockets created
racks-selenium-2  | 17:02:10.697 INFO [NodeServer.createHandlers] - Reporting self as: http://56aeaba3c07d:5555
racks-selenium-2  | 17:02:10.841 INFO [NodeOptions.getSessionFactories] - Detected 4 available processors
racks-selenium-2  | 17:02:11.076 INFO [NodeOptions.report] - Adding chrome for {"browserVersion": "101.0","se:noVncPort": 7900,"browserName": "chrome","platformName": "Linux","se:vncEnabled": true} 1 times
racks-selenium-2  | 17:02:11.130 INFO [Node.<init>] - Binding additional locator mechanisms: name, id, relative
racks-selenium-1  | 17:02:11.678 INFO [UnboundZmqEventBus.<init>] - Event bus ready
racks-selenium-2  | 17:02:11.882 INFO [NodeServer$1.start] - Starting registration process for Node http://56aeaba3c07d:5555
racks-selenium-2  | 17:02:11.894 INFO [NodeServer.execute] - Started Selenium node 4.1.3 (revision 7b1ebf28ef): http://56aeaba3c07d:5555
racks-selenium-2  | 17:02:12.003 INFO [NodeServer$1.lambda$start$1] - Sending registration event...
racks-selenium-1  | 17:02:12.196 INFO [NodeServer.createHandlers] - Reporting self as: http://38cf0891cf48:5555
racks-selenium-1  | 17:02:12.243 INFO [NodeOptions.getSessionFactories] - Detected 4 available processors
hub               | 17:02:12.280 INFO [Node.<init>] - Binding additional locator mechanisms: name, id, relative
racks-selenium-1  | 17:02:12.324 INFO [NodeOptions.report] - Adding chrome for {"browserVersion": "101.0","se:noVncPort": 7900,"browserName": "chrome","platformName": "Linux","se:vncEnabled": true} 1 times
racks-selenium-1  | 17:02:12.341 INFO [Node.<init>] - Binding additional locator mechanisms: id, relative, name
hub               | 17:02:12.453 INFO [Hub.execute] - Started Selenium Hub 4.1.3 (revision 7b1ebf28ef): http://172.22.0.4:4444
racks-selenium-1  | 17:02:12.880 INFO [NodeServer$1.start] - Starting registration process for Node http://38cf0891cf48:5555
racks-selenium-1  | 17:02:12.897 INFO [NodeServer.execute] - Started Selenium node 4.1.3 (revision 7b1ebf28ef): http://38cf0891cf48:5555
racks-selenium-1  | 17:02:12.945 INFO [NodeServer$1.lambda$start$1] - Sending registration event...
hub               | 17:02:13.990 INFO [GridModel.setAvailability] - Switching node ff8bbc2e-8802-4293-99b6-6b2251663e3a (uri: http://56aeaba3c07d:5555) from DOWN to UP
hub               | 17:02:13.992 INFO [LocalDistributor.add] - Added node ff8bbc2e-8802-4293-99b6-6b2251663e3a at http://56aeaba3c07d:5555. Health check every 120s
hub               | 17:02:14.022 INFO [Node.<init>] - Binding additional locator mechanisms: relative, id, name
racks-selenium-2  | 17:02:14.044 INFO [NodeServer.lambda$createHandlers$2] - Node has been added
hub               | 17:02:14.317 INFO [GridModel.setAvailability] - Switching node 78ee4b5f-b81b-4942-aed1-6f568c9e9643 (uri: http://38cf0891cf48:5555) from DOWN to UP
hub               | 17:02:14.319 INFO [LocalDistributor.add] - Added node 78ee4b5f-b81b-4942-aed1-6f568c9e9643 at http://38cf0891cf48:5555. Health check every 120s
racks-selenium-1  | 17:02:14.328 INFO [NodeServer.lambda$createHandlers$2] - Node has been added
backend-testing   |   2024-02-15 17:02:16 ................................................... ~ 0s
e2e-tests         | 
e2e-tests         | Running tests... 
e2e-tests         | ----------------------------------------------------------------------
e2e-tests         |  test_1_move_device_outside (e2e_tests.MoveDeviceCase) ... 
e2e-tests         | Running tests... 
e2e-tests         | ----------------------------------------------------------------------
hub               | 17:02:20.674 INFO [LocalDistributor.newSession] - Session request received by the distributor: 
hub               |  [Capabilities {browserName: chrome, goog:chromeOptions: {args: [--ignore-ssl-errors=yes, --ignore-certificate-errors], extensions: []}, pageLoadStrategy: normal}]
hub               | 17:02:20.676 INFO [LocalDistributor.newSession] - Session request received by the distributor: 
hub               |  [Capabilities {browserName: chrome, goog:chromeOptions: {args: [--ignore-ssl-errors=yes, --ignore-certificate-errors], extensions: []}, pageLoadStrategy: normal}]
racks-selenium-2  | Starting ChromeDriver 101.0.4951.41 (93c720db8323b3ec10d056025ab95c23a31997c9-refs/branch-heads/4951@{#904}) on port 39921
racks-selenium-2  | Only local connections are allowed.
racks-selenium-1  | Starting ChromeDriver 101.0.4951.41 (93c720db8323b3ec10d056025ab95c23a31997c9-refs/branch-heads/4951@{#904}) on port 43651
racks-selenium-1  | Only local connections are allowed.
racks-selenium-2  | Please see https://chromedriver.chromium.org/security-considerations for suggestions on keeping[ ChromeDriver safe.
racks-selenium-2  | ChromeDriver was started successfully.
racks-selenium-2  | 1708016541.051][SEVERE]: bind() failed: Cannot assign requested address (99)
racks-selenium-1  | Please see https://chromedriver.chromium.org/security-considerations for suggestions on keeping ChromeDriver safe.
racks-selenium-1  | ChromeDriver was started successfully.
racks-selenium-1  | [1708016541.060][SEVERE]: bind() failed: Cannot assign requested address (99)
racks-selenium-2  | 17:02:23.869 INFO [ProtocolHandshake.createSession] - Detected dialect: W3C
racks-selenium-1  | 17:02:24.005 INFO [ProtocolHandshake.createSession] - Detected dialect: W3C
hub               | 17:02:24.016 WARN [GridModel.setSession] - Grid model and reality have diverged. Slot is not reserved. SlotId{nodeId=ff8bbc2e-8802-4293-99b6-6b2251663e3a, id=1915e0f8-b916-4da7-9941-4fe0b26be8f4}
hub               | 17:02:24.061 INFO [LocalDistributor.newSession] - Session created by the distributor. Id: be49d53c8833da01632ca2f5b501651c, Caps: Capabilities {acceptInsecureCerts: false, browserName: chrome, browserVersion: 101.0.4951.41, chrome: {chromedriverVersion: 101.0.4951.41 (93c720db8323..., userDataDir: /tmp/.com.google.Chrome.5t2FWA}, goog:chromeOptions: {debuggerAddress: localhost:35001}, networkConnectionEnabled: false, pageLoadStrategy: normal, platformName: linux, proxy: {}, se:cdp: ws://172.22.0.5:4444/sessio..., se:cdpVersion: 101.0.4951.41, se:vnc: ws://172.22.0.5:4444/sessio..., se:vncEnabled: true, se:vncLocalAddress: ws://172.22.0.5:7900, setWindowRect: true, strictFileInteractability: false, timeouts: {implicit: 0, pageLoad: 300000, script: 30000}, unhandledPromptBehavior: dismiss and notify, webauthn:extension:credBlob: true, webauthn:extension:largeBlob: true, webauthn:virtualAuthenticators: true}
hub               | 17:02:24.119 WARN [GridModel.setSession] - Grid model and reality have diverged. Slot is not reserved. SlotId{nodeId=78ee4b5f-b81b-4942-aed1-6f568c9e9643, id=dbae8684-2e75-40e9-8818-fae99c1b8916}
hub               | 17:02:24.123 INFO [LocalDistributor.newSession] - Session created by the distributor. Id: 505102c49ebd80e4744cb1328761d50a, Caps: Capabilities {acceptInsecureCerts: false, browserName: chrome, browserVersion: 101.0.4951.41, chrome: {chromedriverVersion: 101.0.4951.41 (93c720db8323..., userDataDir: /tmp/.com.google.Chrome.NjoHH0}, goog:chromeOptions: {debuggerAddress: localhost:38219}, networkConnectionEnabled: false, pageLoadStrategy: normal, platformName: linux, proxy: {}, se:cdp: ws://172.22.0.7:4444/sessio..., se:cdpVersion: 101.0.4951.41, se:vnc: ws://172.22.0.7:4444/sessio..., se:vncEnabled: true, se:vncLocalAddress: ws://172.22.0.7:7900, setWindowRect: true, strictFileInteractability: false, timeouts: {implicit: 0, pageLoad: 300000, script: 30000}, unhandledPromptBehavior: dismiss and notify, webauthn:extension:credBlob: true, webauthn:extension:largeBlob: true, webauthn:virtualAuthenticators: true}
backend-testing   |   2024-02-15 17:02:26 ................................................... ~ 0s
backend-testing   |   2024-02-15 17:02:26 ................................................... ~ 0s
backend-testing   |   2024-02-15 17:02:26 ................................................... ~ 0s
backend-testing   |   2024-02-15 17:02:26 ................................................... ~ 1s
backend-testing   |   2024-02-15 17:02:27 ................................................... ~ 1s
backend-testing   |   2024-02-15 17:02:28 ................................................... ~ 0s
backend-testing   |   2024-02-15 17:02:28 ................................................... ~ 0s
backend-testing   |   2024-02-15 17:02:28 ................................................... ~ 0s
backend-testing   |   2024-02-15 17:02:28 ................................................... ~ 0s
backend-testing   |   2024-02-15 17:02:28 ................................................... ~ 0s
backend-testing   |   2024-02-15 17:02:28 ................................................... ~ 0s
backend-testing   |   2024-02-15 17:02:28 ................................................... ~ 1s
backend-testing   |   2024-02-15 17:02:28 ................................................... ~ 1s
backend-testing   |   2024-02-15 17:02:33 ................................................... ~ 1s
backend-testing   |   2024-02-15 17:02:33 ................................................... ~ 1s
backend-testing   |   2024-02-15 17:02:34 ................................................... ~ 0s
backend-testing   |   2024-02-15 17:02:34 ................................................... ~ 0s
backend-testing   |   2024-02-15 17:02:34 ................................................... ~ 1s
backend-testing   |   2024-02-15 17:02:34 ................................................... ~ 1s
backend-testing   |   2024-02-15 17:02:35 ................................................... ~ 0s
backend-testing   |   2024-02-15 17:02:35 ................................................... ~ 0s
backend-testing   |   2024-02-15 17:02:36 ................................................... ~ 0s
backend-testing   |   2024-02-15 17:02:36 ................................................... ~ 0s
backend-testing   |   2024-02-15 17:02:36 ................................................... ~ 0s
backend-testing   |   2024-02-15 17:02:36 ................................................... ~ 0s
backend-testing   |   2024-02-15 17:02:36 ................................................... ~ 0s
backend-testing   |   2024-02-15 17:02:36 ................................................... ~ 0s
backend-testing   |   2024-02-15 17:02:36 ................................................... ~ 1s
backend-testing   |   2024-02-15 17:02:36 ................................................... ~ 1s
backend-testing   |   2024-02-15 17:02:37 ................................................... ~ 0s
backend-testing   |   2024-02-15 17:02:38 ................................................... ~ 0s
backend-testing   |   2024-02-15 17:02:38 ................................................... ~ 0s
backend-testing   |   2024-02-15 17:02:38 ................................................... ~ 0s
backend-testing   |   2024-02-15 17:02:38 ................................................... ~ 0s
backend-testing   |   2024-02-15 17:02:38 ................................................... ~ 1s
backend-testing   |   2024-02-15 17:02:38 ................................................... ~ 1s
backend-testing   |   2024-02-15 17:02:39 ................................................... ~ 0s
backend-testing   |   2024-02-15 17:02:39 ................................................... ~ 0s
backend-testing   |   2024-02-15 17:02:39 ................................................... ~ 0s
backend-testing   |   2024-02-15 17:02:39 ................................................... ~ 0s
backend-testing   |   2024-02-15 17:02:40 ................................................... ~ 1s
backend-testing   |   2024-02-15 17:02:41 ................................................... ~ 0s
e2e-tests         |  test_2_move_device_to_busy_place (e2e_tests.MoveDeviceCase) ... OK (21.811007)s
e2e-tests         | 
e2e-tests         | ----------------------------------------------------------------------
e2e-tests         | Ran 1 test in 0:00:21
e2e-tests         | 
e2e-tests         | OK
e2e-tests         | 
e2e-tests         | 
e2e-tests         | 
e2e-tests         | Generating HTML reports... 
e2e-tests         | test_results/Smoke_tests_2024-02-15_17-02-20/test_1_move_device_outside_e2e_tests.MoveDeviceCase_2024-02-15_17-02-20.html
hub               | 17:02:41.965 INFO [LocalSessionMap.lambda$new$0] - Deleted session from local session map, Id: 505102c49ebd80e4744cb1328761d50a
e2e-tests         | OK (21.987486)s
e2e-tests         | 
e2e-tests         | ----------------------------------------------------------------------
e2e-tests         | Ran 1 test in 0:00:21
e2e-tests         | 
e2e-tests         | OK
e2e-tests         | 
e2e-tests         | 
e2e-tests         | 
e2e-tests         | Generating HTML reports... 
hub               | 17:02:42.174 INFO [LocalSessionMap.lambda$new$0] - Deleted session from local session map, Id: be49d53c8833da01632ca2f5b501651c
e2e-tests         | test_results/Smoke_tests_2024-02-15_17-02-20/test_2_move_device_to_busy_place_e2e_tests.MoveDeviceCase_2024-02-15_17-02-20.html
e2e-tests         | 
e2e-tests         | Running tests... 
e2e-tests         | ----------------------------------------------------------------------
hub               | 17:02:42.273 INFO [LocalDistributor.newSession] - Session request received by the distributor: 
hub               |  [Capabilities {browserName: chrome, goog:chromeOptions: {args: [--ignore-ssl-errors=yes, --ignore-certificate-errors], extensions: []}, pageLoadStrategy: normal}]
racks-selenium-2  | Starting ChromeDriver 101.0.4951.41 (93c720db8323b3ec10d056025ab95c23a31997c9-refs/branch-heads/4951@{#904}) on port 43191
racks-selenium-2  | Only local connections are allowed.
racks-selenium-2  | Please see https://chromedriver.chromium.org/security-considerations for suggestions on keeping ChromeDriver safe.
racks-selenium-2  | ChromeDriver was started successfully.
racks-selenium-2  | [1708016562.373][SEVERE]: bind() failed: Cannot assign requested address (99)
racks-selenium-2  | 17:02:43.594 INFO [ProtocolHandshake.createSession] - Detected dialect: W3C
hub               | 17:02:43.624 INFO [LocalDistributor.newSession] - Session created by the distributor. Id: fe19c86d7a04cbe907a09d6a1ff9cde2, Caps: Capabilities {acceptInsecureCerts: false, browserName: chrome, browserVersion: 101.0.4951.41, chrome: {chromedriverVersion: 101.0.4951.41 (93c720db8323..., userDataDir: /tmp/.com.google.Chrome.9WhU9z}, goog:chromeOptions: {debuggerAddress: localhost:42087}, networkConnectionEnabled: false, pageLoadStrategy: normal, platformName: linux, proxy: {}, se:cdp: ws://172.22.0.5:4444/sessio..., se:cdpVersion: 101.0.4951.41, se:vnc: ws://172.22.0.5:4444/sessio..., se:vncEnabled: true, se:vncLocalAddress: ws://172.22.0.5:7900, setWindowRect: true, strictFileInteractability: false, timeouts: {implicit: 0, pageLoad: 300000, script: 30000}, unhandledPromptBehavior: dismiss and notify, webauthn:extension:credBlob: true, webauthn:extension:largeBlob: true, webauthn:virtualAuthenticators: true}
backend-testing   |   2024-02-15 17:02:45 ................................................... ~ 0s
backend-testing   |   2024-02-15 17:02:45 ................................................... ~ 1s
backend-testing   |   2024-02-15 17:02:46 ................................................... ~ 0s
backend-testing   |   2024-02-15 17:02:46 ................................................... ~ 0s
backend-testing   |   2024-02-15 17:02:46 ................................................... ~ 0s
backend-testing   |   2024-02-15 17:02:46 ................................................... ~ 1s
backend-testing   |   2024-02-15 17:02:47 ................................................... ~ 0s
backend-testing   |   2024-02-15 17:02:49 ................................................... ~ 0s
hub               | 17:02:49.698 INFO [LocalSessionMap.lambda$new$0] - Deleted session from local session map, Id: fe19c86d7a04cbe907a09d6a1ff9cde2
e2e-tests         |  test_3_check_permissions (e2e_tests.PermissionsCase) ... OK (7.453878)s
e2e-tests         | 
e2e-tests         | ----------------------------------------------------------------------
e2e-tests         | Ran 1 test in 0:00:07
e2e-tests         | 
e2e-tests         | OK
e2e-tests         | 
e2e-tests         | 
e2e-tests         | 
e2e-tests         | Generating HTML reports... 
e2e-tests         | test_results/Smoke_tests_2024-02-15_17-02-20/test_3_check_permissions_e2e_tests.PermissionsCase_2024-02-15_17-02-42.html
e2e-tests         | 
e2e-tests         | Running tests... 
e2e-tests         | ----------------------------------------------------------------------
e2e-tests         |  test_4_add_device_outside (e2e_tests.AddDeviceCase) ... 
e2e-tests         | Running tests... 
e2e-tests         | ----------------------------------------------------------------------
backend-testing   |   2024-02-15 17:02:49 ................................................... ~ 0s
hub               | 17:02:49.805 INFO [LocalDistributor.newSession] - Session request received by the distributor: 
hub               |  [Capabilities {browserName: chrome, goog:chromeOptions: {args: [--ignore-ssl-errors=yes, --ignore-certificate-errors], extensions: []}, pageLoadStrategy: normal}]
hub               | 17:02:49.805 INFO [LocalDistributor.newSession] - Session request received by the distributor: 
hub               |  [Capabilities {browserName: chrome, goog:chromeOptions: {args: [--ignore-ssl-errors=yes, --ignore-certificate-errors], extensions: []}, pageLoadStrategy: normal}]
racks-selenium-2  | Starting ChromeDriver 101.0.4951.41 (93c720db8323b3ec10d056025ab95c23a31997c9-refs/branch-heads/4951@{#904}) on port 50821
racks-selenium-2  | Only local connections are allowed.
racks-selenium-2  | Please see https://chromedriver.chromium.org/security-considerations for suggestions on keeping ChromeDriver safe.
racks-selenium-2  | [1708016569.868][SEVERE]: bind() failed: Cannot assign requested address (99)
racks-selenium-2  | ChromeDriver was started successfully.
racks-selenium-1  | Starting ChromeDriver 101.0.4951.41 (93c720db8323b3ec10d056025ab95c23a31997c9-refs/branch-heads/4951@{#904}) on port 33370
racks-selenium-1  | Only local connections are allowed.
racks-selenium-1  | Please see https://chromedriver.chromium.org/security-considerations for suggestions on keeping ChromeDriver safe.
racks-selenium-1  | [1708016569.881][SEVERE]: bind() failed: Cannot assign requested address (99)
racks-selenium-1  | ChromeDriver was started successfully.
racks-selenium-1  | 17:02:51.276 INFO [ProtocolHandshake.createSession] - Detected dialect: W3C
hub               | 17:02:51.321 INFO [LocalDistributor.newSession] - Session created by the distributor. Id: 87d5156888c93a9047200d714793f7f3, Caps: Capabilities {acceptInsecureCerts: false, browserName: chrome, browserVersion: 101.0.4951.41, chrome: {chromedriverVersion: 101.0.4951.41 (93c720db8323..., userDataDir: /tmp/.com.google.Chrome.2F3SS8}, goog:chromeOptions: {debuggerAddress: localhost:35599}, networkConnectionEnabled: false, pageLoadStrategy: normal, platformName: linux, proxy: {}, se:cdp: ws://172.22.0.7:4444/sessio..., se:cdpVersion: 101.0.4951.41, se:vnc: ws://172.22.0.7:4444/sessio..., se:vncEnabled: true, se:vncLocalAddress: ws://172.22.0.7:7900, setWindowRect: true, strictFileInteractability: false, timeouts: {implicit: 0, pageLoad: 300000, script: 30000}, unhandledPromptBehavior: dismiss and notify, webauthn:extension:credBlob: true, webauthn:extension:largeBlob: true, webauthn:virtualAuthenticators: true}
racks-selenium-2  | 17:02:51.342 INFO [ProtocolHandshake.createSession] - Detected dialect: W3C
hub               | 17:02:51.439 INFO [LocalDistributor.newSession] - Session created by the distributor. Id: 11d2b79d1d937238f1691b55c6ee5f11, Caps: Capabilities {acceptInsecureCerts: false, browserName: chrome, browserVersion: 101.0.4951.41, chrome: {chromedriverVersion: 101.0.4951.41 (93c720db8323..., userDataDir: /tmp/.com.google.Chrome.jwD9eZ}, goog:chromeOptions: {debuggerAddress: localhost:44745}, networkConnectionEnabled: false, pageLoadStrategy: normal, platformName: linux, proxy: {}, se:cdp: ws://172.22.0.5:4444/sessio..., se:cdpVersion: 101.0.4951.41, se:vnc: ws://172.22.0.5:4444/sessio..., se:vncEnabled: true, se:vncLocalAddress: ws://172.22.0.5:7900, setWindowRect: true, strictFileInteractability: false, timeouts: {implicit: 0, pageLoad: 300000, script: 30000}, unhandledPromptBehavior: dismiss and notify, webauthn:extension:credBlob: true, webauthn:extension:largeBlob: true, webauthn:virtualAuthenticators: true}
backend-testing   |   2024-02-15 17:02:53 ................................................... ~ 0s
backend-testing   |   2024-02-15 17:02:53 ................................................... ~ 1s
backend-testing   |   2024-02-15 17:02:54 ................................................... ~ 0s
backend-testing   |   2024-02-15 17:02:54 ................................................... ~ 0s
backend-testing   |   2024-02-15 17:02:54 ................................................... ~ 1s
backend-testing   |   2024-02-15 17:02:55 ................................................... ~ 0s
backend-testing   |   2024-02-15 17:02:55 ................................................... ~ 0s
backend-testing   |   2024-02-15 17:02:55 ................................................... ~ 0s
backend-testing   |   2024-02-15 17:02:55 ................................................... ~ 0s
backend-testing   |   2024-02-15 17:02:55 ................................................... ~ 1s
backend-testing   |   2024-02-15 17:02:55 ................................................... ~ 1s
backend-testing   |   2024-02-15 17:02:56 ................................................... ~ 0s
backend-testing   |   2024-02-15 17:02:57 ................................................... ~ 1s
backend-testing   |   2024-02-15 17:02:59 ................................................... ~ 1s
backend-testing   |   2024-02-15 17:03:00 ................................................... ~ 0s
backend-testing   |   2024-02-15 17:03:00 ................................................... ~ 0s
backend-testing   |   2024-02-15 17:03:00 ................................................... ~ 0s
backend-testing   |   2024-02-15 17:03:00 ................................................... ~ 0s
backend-testing   |   2024-02-15 17:03:00 ................................................... ~ 0s
backend-testing   |   2024-02-15 17:03:00 ................................................... ~ 1s
backend-testing   |   2024-02-15 17:03:00 ................................................... ~ 1s
backend-testing   |   2024-02-15 17:03:01 ................................................... ~ 0s
backend-testing   |   2024-02-15 17:03:01 ................................................... ~ 0s
backend-testing   |   2024-02-15 17:03:01 ................................................... ~ 1s
backend-testing   |   2024-02-15 17:03:01 ................................................... ~ 1s
backend-testing   |   2024-02-15 17:03:02 ................................................... ~ 0s
backend-testing   |   2024-02-15 17:03:02 ................................................... ~ 0s
backend-testing   |   2024-02-15 17:03:02 ................................................... ~ 0s
backend-testing   |   2024-02-15 17:03:02 ................................................... ~ 0s
backend-testing   |   2024-02-15 17:03:03 ................................................... ~ 0s
backend-testing   |   2024-02-15 17:03:03 ................................................... ~ 1s
backend-testing   |   2024-02-15 17:03:04 ................................................... ~ 0s
backend-testing   |   2024-02-15 17:03:04 ................................................... ~ 0s
hub               | 17:03:05.207 INFO [LocalSessionMap.lambda$new$0] - Deleted session from local session map, Id: 87d5156888c93a9047200d714793f7f3
e2e-tests         |  test_5_add_device_to_busy_place (e2e_tests.AddDeviceCase) ... OK (15.499811)s
e2e-tests         | 
e2e-tests         | ----------------------------------------------------------------------
e2e-tests         | Ran 1 test in 0:00:15
e2e-tests         | 
e2e-tests         | OK
e2e-tests         | 
e2e-tests         | 
e2e-tests         | 
e2e-tests         | Generating HTML reports... 
e2e-tests         | test_results/Smoke_tests_2024-02-15_17-02-20/test_5_add_device_to_busy_place_e2e_tests.AddDeviceCase_2024-02-15_17-02-49.html
hub               | 17:03:05.416 INFO [LocalSessionMap.lambda$new$0] - Deleted session from local session map, Id: 11d2b79d1d937238f1691b55c6ee5f11
e2e-tests         | OK (15.701030)s
e2e-tests         | 
e2e-tests         | ----------------------------------------------------------------------
e2e-tests         | Ran 1 test in 0:00:15
e2e-tests         | 
e2e-tests         | OK
e2e-tests         | 
e2e-tests         | 
e2e-tests         | 
e2e-tests         | Generating HTML reports... 
e2e-tests         | test_results/Smoke_tests_2024-02-15_17-02-20/test_4_add_device_outside_e2e_tests.AddDeviceCase_2024-02-15_17-02-49.html
e2e-tests         | 
e2e-tests         | Running tests... 
e2e-tests         | ----------------------------------------------------------------------
e2e-tests         |  test_6_add_same_name_building (e2e_tests.NameDuplicationCase) ... 
e2e-tests         | Running tests... 
e2e-tests         | ----------------------------------------------------------------------
hub               | 17:03:05.500 INFO [LocalDistributor.newSession] - Session request received by the distributor: 
hub               |  [Capabilities {browserName: chrome, goog:chromeOptions: {args: [--ignore-ssl-errors=yes, --ignore-certificate-errors], extensions: []}, pageLoadStrategy: normal}]
hub               | 17:03:05.500 INFO [LocalDistributor.newSession] - Session request received by the distributor: 
hub               |  [Capabilities {browserName: chrome, goog:chromeOptions: {args: [--ignore-ssl-errors=yes, --ignore-certificate-errors], extensions: []}, pageLoadStrategy: normal}]
racks-selenium-1  | Starting ChromeDriver 101.0.4951.41 (93c720db8323b3ec10d056025ab95c23a31997c9-refs/branch-heads/4951@{#904}) on port 47323
racks-selenium-1  | Only local connections are allowed.
racks-selenium-1  | Please see https://chromedriver.chromium.org/security-considerations for suggestions on keeping ChromeDriver safe.
racks-selenium-1  | [1708016585.581][SEVERE]: bind() failed: Cannot assign requested address (99)
racks-selenium-1  | ChromeDriver was started successfully.
racks-selenium-2  | Starting ChromeDriver 101.0.4951.41 (93c720db8323b3ec10d056025ab95c23a31997c9-refs/branch-heads/4951@{#904}) on port 40167
racks-selenium-2  | Only local connections are allowed.
racks-selenium-2  | Please see https://chromedriver.chromium.org/security-considerations for suggestions on keeping ChromeDriver safe.
racks-selenium-2  | ChromeDriver was started successfully.
racks-selenium-2  | [1708016585.653][SEVERE]: bind() failed: Cannot assign requested address (99)
racks-selenium-2  | 17:03:07.644 INFO [ProtocolHandshake.createSession] - Detected dialect: W3C
hub               | 17:03:07.754 INFO [LocalDistributor.newSession] - Session created by the distributor. Id: 7f9a809da74fb737fdd24cc718f4ae31, Caps: Capabilities {acceptInsecureCerts: false, browserName: chrome, browserVersion: 101.0.4951.41, chrome: {chromedriverVersion: 101.0.4951.41 (93c720db8323..., userDataDir: /tmp/.com.google.Chrome.nAWZwm}, goog:chromeOptions: {debuggerAddress: localhost:41629}, networkConnectionEnabled: false, pageLoadStrategy: normal, platformName: linux, proxy: {}, se:cdp: ws://172.22.0.5:4444/sessio..., se:cdpVersion: 101.0.4951.41, se:vnc: ws://172.22.0.5:4444/sessio..., se:vncEnabled: true, se:vncLocalAddress: ws://172.22.0.5:7900, setWindowRect: true, strictFileInteractability: false, timeouts: {implicit: 0, pageLoad: 300000, script: 30000}, unhandledPromptBehavior: dismiss and notify, webauthn:extension:credBlob: true, webauthn:extension:largeBlob: true, webauthn:virtualAuthenticators: true}
racks-selenium-1  | 17:03:08.305 INFO [ProtocolHandshake.createSession] - Detected dialect: W3C
hub               | 17:03:08.366 INFO [LocalDistributor.newSession] - Session created by the distributor. Id: d06d6d386b0e9c893ba0c50e338e106c, Caps: Capabilities {acceptInsecureCerts: false, browserName: chrome, browserVersion: 101.0.4951.41, chrome: {chromedriverVersion: 101.0.4951.41 (93c720db8323..., userDataDir: /tmp/.com.google.Chrome.sEm8iu}, goog:chromeOptions: {debuggerAddress: localhost:39887}, networkConnectionEnabled: false, pageLoadStrategy: normal, platformName: linux, proxy: {}, se:cdp: ws://172.22.0.7:4444/sessio..., se:cdpVersion: 101.0.4951.41, se:vnc: ws://172.22.0.7:4444/sessio..., se:vncEnabled: true, se:vncLocalAddress: ws://172.22.0.7:7900, setWindowRect: true, strictFileInteractability: false, timeouts: {implicit: 0, pageLoad: 300000, script: 30000}, unhandledPromptBehavior: dismiss and notify, webauthn:extension:credBlob: true, webauthn:extension:largeBlob: true, webauthn:virtualAuthenticators: true}
backend-testing   |   2024-02-15 17:03:08 ................................................... ~ 1s
backend-testing   |   2024-02-15 17:03:11 ................................................... ~ 0s
backend-testing   |   2024-02-15 17:03:11 ................................................... ~ 0s
backend-testing   |   2024-02-15 17:03:11 ................................................... ~ 1s
backend-testing   |   2024-02-15 17:03:12 ................................................... ~ 1s
backend-testing   |   2024-02-15 17:03:13 ................................................... ~ 0s
backend-testing   |   2024-02-15 17:03:13 ................................................... ~ 0s
backend-testing   |   2024-02-15 17:03:13 ................................................... ~ 0s
backend-testing   |   2024-02-15 17:03:13 ................................................... ~ 1s
backend-testing   |   2024-02-15 17:03:13 ................................................... ~ 1s
backend-testing   |   2024-02-15 17:03:14 ................................................... ~ 1s
backend-testing   |   2024-02-15 17:03:14 ................................................... ~ 1s
backend-testing   |   2024-02-15 17:03:15 ................................................... ~ 1s
backend-testing   |   2024-02-15 17:03:19 ................................................... ~ 0s
backend-testing   |   2024-02-15 17:03:20 ................................................... ~ 1s
backend-testing   |   2024-02-15 17:03:21 ................................................... ~ 0s
backend-testing   |   2024-02-15 17:03:21 ................................................... ~ 0s
backend-testing   |   2024-02-15 17:03:21 ................................................... ~ 1s
e2e-tests         |  test_7_add_same_name_room (e2e_tests.NameDuplicationCase) ... OK (17.062939)s
e2e-tests         | 
e2e-tests         | ----------------------------------------------------------------------
e2e-tests         | Ran 1 test in 0:00:17
e2e-tests         | 
e2e-tests         | OK
e2e-tests         | 
e2e-tests         | 
e2e-tests         | 
e2e-tests         | Generating HTML reports... 
hub               | 17:03:22.539 INFO [LocalSessionMap.lambda$new$0] - Deleted session from local session map, Id: d06d6d386b0e9c893ba0c50e338e106c
e2e-tests         | test_results/Smoke_tests_2024-02-15_17-02-20/test_6_add_same_name_building_e2e_tests.NameDuplicationCase_2024-02-15_17-03-05.html
e2e-tests         | 
e2e-tests         | Running tests... 
e2e-tests         | ----------------------------------------------------------------------
hub               | 17:03:22.714 INFO [LocalDistributor.newSession] - Session request received by the distributor: 
hub               |  [Capabilities {browserName: chrome, goog:chromeOptions: {args: [--ignore-ssl-errors=yes, --ignore-certificate-errors], extensions: []}, pageLoadStrategy: normal}]
racks-selenium-1  | Starting ChromeDriver 101.0.4951.41 (93c720db8323b3ec10d056025ab95c23a31997c9-refs/branch-heads/4951@{#904}) on port 50764
racks-selenium-1  | Only local connections are allowed.
racks-selenium-1  | Please see https://chromedriver.chromium.org/security-considerations for suggestions on keeping ChromeDriver safe.
racks-selenium-1  | [1708016602.870][SEVERE]: bind() failed: Cannot assign requested address (99)
racks-selenium-1  | ChromeDriver was started successfully.
e2e-tests         |  test_8_add_same_name_rack (e2e_tests.NameDuplicationCase) ... OK (18.015053)s
e2e-tests         | 
e2e-tests         | ----------------------------------------------------------------------
e2e-tests         | Ran 1 test in 0:00:18
e2e-tests         | 
e2e-tests         | OK
e2e-tests         | 
e2e-tests         | 
e2e-tests         | 
e2e-tests         | Generating HTML reports... 
e2e-tests         | test_results/Smoke_tests_2024-02-15_17-02-20/test_7_add_same_name_room_e2e_tests.NameDuplicationCase_2024-02-15_17-03-05.html
hub               | 17:03:23.547 INFO [LocalSessionMap.lambda$new$0] - Deleted session from local session map, Id: 7f9a809da74fb737fdd24cc718f4ae31
racks-selenium-1  | 17:03:25.403 INFO [ProtocolHandshake.createSession] - Detected dialect: W3C
hub               | 17:03:25.449 INFO [LocalDistributor.newSession] - Session created by the distributor. Id: 1cfdd171482949995b3b76ca03386323, Caps: Capabilities {acceptInsecureCerts: false, browserName: chrome, browserVersion: 101.0.4951.41, chrome: {chromedriverVersion: 101.0.4951.41 (93c720db8323..., userDataDir: /tmp/.com.google.Chrome.QLYHF2}, goog:chromeOptions: {debuggerAddress: localhost:34953}, networkConnectionEnabled: false, pageLoadStrategy: normal, platformName: linux, proxy: {}, se:cdp: ws://172.22.0.7:4444/sessio..., se:cdpVersion: 101.0.4951.41, se:vnc: ws://172.22.0.7:4444/sessio..., se:vncEnabled: true, se:vncLocalAddress: ws://172.22.0.7:7900, setWindowRect: true, strictFileInteractability: false, timeouts: {implicit: 0, pageLoad: 300000, script: 30000}, unhandledPromptBehavior: dismiss and notify, webauthn:extension:credBlob: true, webauthn:extension:largeBlob: true, webauthn:virtualAuthenticators: true}
backend-testing   |   2024-02-15 17:03:30 ................................................... ~ 0s
backend-testing   |   2024-02-15 17:03:31 ................................................... ~ 0s
backend-testing   |   2024-02-15 17:03:31 ................................................... ~ 1s
backend-testing   |   2024-02-15 17:03:32 ................................................... ~ 0s
backend-testing   |   2024-02-15 17:03:32 ................................................... ~ 1s
backend-testing   |   2024-02-15 17:03:33 ................................................... ~ 0s
backend-testing   |   2024-02-15 17:03:33 ................................................... ~ 0s
backend-testing   |   2024-02-15 17:03:38 ................................................... ~ 0s
backend-testing   |   2024-02-15 17:03:38 ................................................... ~ 1s
backend-testing   |   2024-02-15 17:03:39 ................................................... ~ 0s
backend-testing   |   2024-02-15 17:03:39 ................................................... ~ 1s
backend-testing   |   2024-02-15 17:03:41 ................................................... ~ 0s
backend-testing   |   2024-02-15 17:03:41 ................................................... ~ 0s
backend-testing   |   2024-02-15 17:03:41 ................................................... ~ 1s
e2e-tests         | OK (21.492097)s
e2e-tests         | 
e2e-tests         | ----------------------------------------------------------------------
e2e-tests         | Ran 1 test in 0:00:21
e2e-tests         | 
e2e-tests         | OK
e2e-tests         | 
e2e-tests         | 
e2e-tests         | 
e2e-tests         | Generating HTML reports... 
hub               | 17:03:44.118 INFO [LocalSessionMap.lambda$new$0] - Deleted session from local session map, Id: 1cfdd171482949995b3b76ca03386323
e2e-tests         | test_results/Smoke_tests_2024-02-15_17-02-20/test_8_add_same_name_rack_e2e_tests.NameDuplicationCase_2024-02-15_17-03-22.html
e2e-tests exited with code 0
racks-selenium-1  | Trapped SIGTERM/SIGINT/x so shutting down supervisord...
racks-selenium-2  | Trapped SIGTERM/SIGINT/x so shutting down supervisord...
racks-selenium-2  | 2024-02-15 17:03:53,565 WARN received SIGTERM indicating exit request
racks-selenium-2  | 2024-02-15 17:03:53,566 INFO waiting for xvfb, vnc, novnc, selenium-node to die
racks-selenium-1  | 2024-02-15 17:03:53,987 WARN received SIGTERM indicating exit request
racks-selenium-1  | 2024-02-15 17:03:53,990 INFO waiting for xvfb, vnc, novnc, selenium-node to die
racks-selenium-2  | 2024-02-15 17:03:54,333 INFO stopped: selenium-node (terminated by SIGTERM)
racks-selenium-1  | 2024-02-15 17:03:54,837 INFO stopped: selenium-node (terminated by SIGTERM)
backend-testing   |   2024-02-15 17:03:51 ................................................... ~ 3s
racks-selenium-2  | 2024-02-15 17:03:55,371 INFO stopped: novnc (terminated by SIGTERM)
racks-selenium-1  | 2024-02-15 17:03:55,838 INFO stopped: novnc (terminated by SIGTERM)
racks-selenium-2  | 2024-02-15 17:03:56,398 INFO stopped: vnc (terminated by SIGTERM)
racks-selenium-1  | 2024-02-15 17:03:56,859 INFO stopped: vnc (terminated by SIGTERM)
racks-selenium-1  | 2024-02-15 17:03:56,860 INFO stopped: xvfb (terminated by SIGTERM)
racks-selenium-1  | Shutdown complete
racks-selenium-2  | 2024-02-15 17:03:57,404 INFO stopped: xvfb (terminated by SIGTERM)
racks-selenium-2  | Shutdown complete
racks-selenium-1 exited with code 0
racks-selenium-2 exited with code 0
racks-selenium-1 exited with code 143
hub               | Trapped SIGTERM/SIGINT/x so shutting down supervisord...
hub               | 2024-02-15 17:04:00,717 WARN received SIGTERM indicating exit request
hub               | 2024-02-15 17:04:00,723 INFO waiting for selenium-grid-hub to die
hub               | 2024-02-15 17:04:01,765 INFO stopped: selenium-grid-hub (terminated by SIGTERM)
hub               | Shutdown complete
hub exited with code 0
hub exited with code 143
frontend-testing  | [2K[1A[2K[G
frontend-testing exited with code 0
frontend-testing exited with code 0
backend-testing   |   2024-02-15 17:04:05 ................................................... ~ 0s
backend-testing exited with code 0
backend-testing exited with code 137
db-testing        | 2024-02-15T17:04:16.704638Z 0 [System] [MY-013172] [Server] Received SHUTDOWN from user <via user signal>. Shutting down mysqld (Version: 8.0.32).
db-testing        | 2024-02-15T17:04:17.696716Z 0 [System] [MY-010910] [Server] /usr/sbin/mysqld: Shutdown complete (mysqld 8.0.32)  MySQL Community Server - GPL.
db-testing exited with code 0
